--------------- Build Started: 11/17/2025 19:32:45 Project: Timing Analyzer, Configuration: ARM GCC 5.4-2016-q2-update Debug ---------------
The code generation step is up to date.
arm-none-eabi-gcc.exe -mcpu=cortex-m3 -mthumb -I.\source -I.\source\asw -I.\source\bsw -I. -IGenerated_Source\PSoC5 -Wa,-alh=.\CortexM3\ARM_GCC_541\Debug/TimingAnalyzer.lst -g -D DEBUG -D CY_CORE_ID=0 -Wall -ffunction-sections -ffat-lto-objects -Og -c source\asw\TimingAnalyzer.c -o .\CortexM3\ARM_GCC_541\Debug\TimingAnalyzer.o
source\asw\TimingAnalyzer.c: In function 'TA_printStatus':
source\asw\TimingAnalyzer.c:435:42: warning: format '%u' expects argument of type 'unsigned int', but argument 6 has type 'uint32_t {aka long unsigned int}' [-Wformat=]
         snprintf(buffer, sizeof(buffer), "Name: %s | State: %s | Elapsed time: %u.%06ums | Cycles: %u\r\n",
                                          ^
source\asw\TimingAnalyzer.c:435:42: warning: format '%u' expects argument of type 'unsigned int', but argument 7 has type 'uint32_t {aka long unsigned int}' [-Wformat=]
source\asw\TimingAnalyzer.c:435:42: warning: format '%u' expects argument of type 'unsigned int', but argument 8 has type 'uint32_t {aka long unsigned int}' [-Wformat=]
source\asw\TimingAnalyzer.c:435:42: warning: format '%u' expects argument of type 'unsigned int', but argument 6 has type 'uint32_t {aka long unsigned int}' [-Wformat=]
source\asw\TimingAnalyzer.c:435:42: warning: format '%u' expects argument of type 'unsigned int', but argument 7 has type 'uint32_t {aka long unsigned int}' [-Wformat=]
source\asw\TimingAnalyzer.c:435:42: warning: format '%u' expects argument of type 'unsigned int', but argument 8 has type 'uint32_t {aka long unsigned int}' [-Wformat=]
source\asw\TimingAnalyzer.c:430:47: warning: unused variable 'elapsed_time_ms' [-Wunused-variable]
         uint32_t int_ms, frac_ms, rem_cycles, elapsed_time_ms;
                                               ^
arm-none-eabi-ar.exe -rs ".\CortexM3\ARM_GCC_541\Debug\Timing Analyzer.a" .\CortexM3\ARM_GCC_541\Debug\CyDmac.o .\CortexM3\ARM_GCC_541\Debug\CyFlash.o .\CortexM3\ARM_GCC_541\Debug\CyLib.o .\CortexM3\ARM_GCC_541\Debug\cyPm.o .\CortexM3\ARM_GCC_541\Debug\CySpc.o .\CortexM3\ARM_GCC_541\Debug\cyutils.o .\CortexM3\ARM_GCC_541\Debug\cy_em_eeprom.o .\CortexM3\ARM_GCC_541\Debug\RED_LED.o .\CortexM3\ARM_GCC_541\Debug\YELLOW_LED.o .\CortexM3\ARM_GCC_541\Debug\GREEN_LED.o .\CortexM3\ARM_GCC_541\Debug\UART_LOG.o .\CortexM3\ARM_GCC_541\Debug\UART_LOG_PM.o .\CortexM3\ARM_GCC_541\Debug\UART_LOG_INT.o .\CortexM3\ARM_GCC_541\Debug\UART_LOG_BOOT.o .\CortexM3\ARM_GCC_541\Debug\UART_LOG_IntClock.o .\CortexM3\ARM_GCC_541\Debug\timer1_clock.o .\CortexM3\ARM_GCC_541\Debug\Timer_1ms.o .\CortexM3\ARM_GCC_541\Debug\Timer_1ms_PM.o .\CortexM3\ARM_GCC_541\Debug\isr_1ms.o .\CortexM3\ARM_GCC_541\Debug\timer2_clock.o .\CortexM3\ARM_GCC_541\Debug\isr_2secs.o .\CortexM3\ARM_GCC_541\Debug\Timer_2secs.o .\CortexM3\ARM_GCC_541\Debug\Timer_2secs_PM.o .\CortexM3\ARM_GCC_541\Debug\CyBootAsmGnu.o
arm-none-eabi-ar.exe: creating .\CortexM3\ARM_GCC_541\Debug\Timing Analyzer.a
arm-none-eabi-gcc.exe -Wl,--start-group -o "D:\WS25\AMAEOS\Lab\Workspace01\Timing Analyzer.cydsn\CortexM3\ARM_GCC_541\Debug\Timing Analyzer.elf" .\CortexM3\ARM_GCC_541\Debug\main.o .\CortexM3\ARM_GCC_541\Debug\TimingAnalyzer.o .\CortexM3\ARM_GCC_541\Debug\Pins.o .\CortexM3\ARM_GCC_541\Debug\cyfitter_cfg.o .\CortexM3\ARM_GCC_541\Debug\cymetadata.o .\CortexM3\ARM_GCC_541\Debug\Cm3Start.o ".\CortexM3\ARM_GCC_541\Debug\Timing Analyzer.a" "C:\H_Da Softwares & Projects\PSoC Creator\4.4\PSoC Creator\psoc\content\cycomponentlibrary\CyComponentLibrary.cylib\CortexM3\ARM_GCC_541\Debug\CyComponentLibrary.a" -mcpu=cortex-m3 -mthumb -L Generated_Source\PSoC5 "-Wl,-Map,.\CortexM3\ARM_GCC_541\Debug/Timing Analyzer.map" -T Generated_Source\PSoC5\cm3gcc.ld -specs=nano.specs -Wl,--gc-sections -u _printf_float -g -ffunction-sections -Og -ffat-lto-objects -Wl,--end-group
cyelftool.exe -C "D:\WS25\AMAEOS\Lab\Workspace01\Timing Analyzer.cydsn\CortexM3\ARM_GCC_541\Debug\Timing Analyzer.elf" --flash_row_size 256 --flash_size 262144 --flash_offset 0x00000000
No ELF section .cychecksum found, creating one
Application checksum calculated and stored in ELF section .cychecksum
Checksum calculated and stored in ELF section .cymeta
cyelftool.exe -S "D:\WS25\AMAEOS\Lab\Workspace01\Timing Analyzer.cydsn\CortexM3\ARM_GCC_541\Debug\Timing Analyzer.elf"
Flash used: 14380 of 262144 bytes (5.5%).
SRAM used: 4793 of 65536 bytes (7.3%). Stack: 2048 bytes. Heap: 2048 bytes.
--------------- Build Succeeded: 11/17/2025 19:32:46 ---------------
