ARM GAS  C:\Users\agila\AppData\Local\Temp\ccPapcOq.s 			page 1


   1              		.syntax unified
   2              		.cpu cortex-m3
   3              		.fpu softvfp
   4              		.eabi_attribute 20, 1
   5              		.eabi_attribute 21, 1
   6              		.eabi_attribute 23, 3
   7              		.eabi_attribute 24, 1
   8              		.eabi_attribute 25, 1
   9              		.eabi_attribute 26, 1
  10              		.eabi_attribute 30, 1
  11              		.eabi_attribute 34, 1
  12              		.eabi_attribute 18, 4
  13              		.thumb
  14              		.syntax unified
  15              		.file	"cymetadata.c"
  16              		.text
  17              	.Ltext0:
  18              		.cfi_sections	.debug_frame
  19              		.global	cy_metadata
  20              		.global	cy_meta_flashprotect
  21              		.global	cy_meta_wonvl
  22              		.global	cy_meta_custnvl
  23              		.global	cy_meta_configecc
  24              		.section	.cyconfigecc,"a",%progbits
  25              		.align	2
  26              		.type	cy_meta_configecc, %object
  27              		.size	cy_meta_configecc, 1172
  28              	cy_meta_configecc:
  29 0000 01       		.byte	1
  30 0001 64       		.byte	100
  31 0002 00       		.byte	0
  32 0003 40       		.byte	64
  33 0004 04       		.byte	4
  34 0005 65       		.byte	101
  35 0006 00       		.byte	0
  36 0007 40       		.byte	64
  37 0008 32       		.byte	50
  38 0009 06       		.byte	6
  39 000a 01       		.byte	1
  40 000b 40       		.byte	64
  41 000c 13       		.byte	19
  42 000d 07       		.byte	7
  43 000e 01       		.byte	1
  44 000f 40       		.byte	64
  45 0010 26       		.byte	38
  46 0011 14       		.byte	20
  47 0012 01       		.byte	1
  48 0013 40       		.byte	64
  49 0014 09       		.byte	9
  50 0015 15       		.byte	21
  51 0016 01       		.byte	1
  52 0017 40       		.byte	64
  53 0018 1E       		.byte	30
  54 0019 16       		.byte	22
  55 001a 01       		.byte	1
  56 001b 40       		.byte	64
  57 001c 11       		.byte	17
ARM GAS  C:\Users\agila\AppData\Local\Temp\ccPapcOq.s 			page 2


  58 001d 17       		.byte	23
  59 001e 01       		.byte	1
  60 001f 40       		.byte	64
  61 0020 78       		.byte	120
  62 0021 18       		.byte	24
  63 0022 01       		.byte	1
  64 0023 40       		.byte	64
  65 0024 46       		.byte	70
  66 0025 19       		.byte	25
  67 0026 01       		.byte	1
  68 0027 40       		.byte	64
  69 0028 0A       		.byte	10
  70 0029 1A       		.byte	26
  71 002a 01       		.byte	1
  72 002b 40       		.byte	64
  73 002c 41       		.byte	65
  74 002d 1B       		.byte	27
  75 002e 01       		.byte	1
  76 002f 40       		.byte	64
  77 0030 03       		.byte	3
  78 0031 40       		.byte	64
  79 0032 01       		.byte	1
  80 0033 40       		.byte	64
  81 0034 02       		.byte	2
  82 0035 41       		.byte	65
  83 0036 01       		.byte	1
  84 0037 40       		.byte	64
  85 0038 02       		.byte	2
  86 0039 42       		.byte	66
  87 003a 01       		.byte	1
  88 003b 40       		.byte	64
  89 003c 04       		.byte	4
  90 003d 43       		.byte	67
  91 003e 01       		.byte	1
  92 003f 40       		.byte	64
  93 0040 03       		.byte	3
  94 0041 48       		.byte	72
  95 0042 01       		.byte	1
  96 0043 40       		.byte	64
  97 0044 07       		.byte	7
  98 0045 4D       		.byte	77
  99 0046 01       		.byte	1
 100 0047 40       		.byte	64
 101 0048 05       		.byte	5
 102 0049 50       		.byte	80
 103 004a 01       		.byte	1
 104 004b 40       		.byte	64
 105 004c 01       		.byte	1
 106 004d 51       		.byte	81
 107 004e 01       		.byte	1
 108 004f 40       		.byte	64
 109 0050 87       		.byte	-121
 110 0051 0D       		.byte	13
 111 0052 86       		.byte	-122
 112 0053 0D       		.byte	13
 113 0054 88       		.byte	-120
 114 0055 0F       		.byte	15
ARM GAS  C:\Users\agila\AppData\Local\Temp\ccPapcOq.s 			page 3


 115 0056 89       		.byte	-119
 116 0057 38       		.byte	56
 117 0058 8A       		.byte	-118
 118 0059 72       		.byte	114
 119 005a 40       		.byte	64
 120 005b 14       		.byte	20
 121 005c 49       		.byte	73
 122 005d FF       		.byte	-1
 123 005e 4A       		.byte	74
 124 005f FF       		.byte	-1
 125 0060 4B       		.byte	75
 126 0061 FF       		.byte	-1
 127 0062 4F       		.byte	79
 128 0063 01       		.byte	1
 129 0064 50       		.byte	80
 130 0065 18       		.byte	24
 131 0066 5A       		.byte	90
 132 0067 04       		.byte	4
 133 0068 5D       		.byte	93
 134 0069 01       		.byte	1
 135 006a 5F       		.byte	95
 136 006b 01       		.byte	1
 137 006c 60       		.byte	96
 138 006d 40       		.byte	64
 139 006e 62       		.byte	98
 140 006f 40       		.byte	64
 141 0070 64       		.byte	100
 142 0071 40       		.byte	64
 143 0072 65       		.byte	101
 144 0073 40       		.byte	64
 145 0074 66       		.byte	102
 146 0075 80       		.byte	-128
 147 0076 68       		.byte	104
 148 0077 80       		.byte	-128
 149 0078 6A       		.byte	106
 150 0079 80       		.byte	-128
 151 007a 6C       		.byte	108
 152 007b 80       		.byte	-128
 153 007c 6E       		.byte	110
 154 007d 80       		.byte	-128
 155 007e 92       		.byte	-110
 156 007f 01       		.byte	1
 157 0080 AE       		.byte	-82
 158 0081 01       		.byte	1
 159 0082 B6       		.byte	-74
 160 0083 01       		.byte	1
 161 0084 BE       		.byte	-66
 162 0085 40       		.byte	64
 163 0086 C0       		.byte	-64
 164 0087 14       		.byte	20
 165 0088 C5       		.byte	-59
 166 0089 EC       		.byte	-20
 167 008a C7       		.byte	-57
 168 008b 20       		.byte	32
 169 008c C8       		.byte	-56
 170 008d 23       		.byte	35
 171 008e C9       		.byte	-55
ARM GAS  C:\Users\agila\AppData\Local\Temp\ccPapcOq.s 			page 4


 172 008f FF       		.byte	-1
 173 0090 CA       		.byte	-54
 174 0091 FF       		.byte	-1
 175 0092 CB       		.byte	-53
 176 0093 FF       		.byte	-1
 177 0094 CD       		.byte	-51
 178 0095 83       		.byte	-125
 179 0096 CE       		.byte	-50
 180 0097 03       		.byte	3
 181 0098 CF       		.byte	-49
 182 0099 01       		.byte	1
 183 009a D0       		.byte	-48
 184 009b 18       		.byte	24
 185 009c D2       		.byte	-46
 186 009d 80       		.byte	-128
 187 009e D4       		.byte	-44
 188 009f 01       		.byte	1
 189 00a0 D6       		.byte	-42
 190 00a1 04       		.byte	4
 191 00a2 D8       		.byte	-40
 192 00a3 04       		.byte	4
 193 00a4 DA       		.byte	-38
 194 00a5 04       		.byte	4
 195 00a6 DB       		.byte	-37
 196 00a7 04       		.byte	4
 197 00a8 DD       		.byte	-35
 198 00a9 11       		.byte	17
 199 00aa DF       		.byte	-33
 200 00ab 01       		.byte	1
 201 00ac E0       		.byte	-32
 202 00ad 40       		.byte	64
 203 00ae E2       		.byte	-30
 204 00af 40       		.byte	64
 205 00b0 E4       		.byte	-28
 206 00b1 40       		.byte	64
 207 00b2 E5       		.byte	-27
 208 00b3 40       		.byte	64
 209 00b4 E6       		.byte	-26
 210 00b5 80       		.byte	-128
 211 00b6 E8       		.byte	-24
 212 00b7 80       		.byte	-128
 213 00b8 EA       		.byte	-22
 214 00b9 80       		.byte	-128
 215 00ba EC       		.byte	-20
 216 00bb 80       		.byte	-128
 217 00bc EE       		.byte	-18
 218 00bd 80       		.byte	-128
 219 00be 09       		.byte	9
 220 00bf 02       		.byte	2
 221 00c0 13       		.byte	19
 222 00c1 80       		.byte	-128
 223 00c2 19       		.byte	25
 224 00c3 40       		.byte	64
 225 00c4 40       		.byte	64
 226 00c5 02       		.byte	2
 227 00c6 41       		.byte	65
 228 00c7 02       		.byte	2
ARM GAS  C:\Users\agila\AppData\Local\Temp\ccPapcOq.s 			page 5


 229 00c8 44       		.byte	68
 230 00c9 02       		.byte	2
 231 00ca 45       		.byte	69
 232 00cb 02       		.byte	2
 233 00cc 47       		.byte	71
 234 00cd 80       		.byte	-128
 235 00ce 49       		.byte	73
 236 00cf 05       		.byte	5
 237 00d0 51       		.byte	81
 238 00d1 02       		.byte	2
 239 00d2 59       		.byte	89
 240 00d3 45       		.byte	69
 241 00d4 63       		.byte	99
 242 00d5 80       		.byte	-128
 243 00d6 73       		.byte	115
 244 00d7 80       		.byte	-128
 245 00d8 83       		.byte	-125
 246 00d9 40       		.byte	64
 247 00da C2       		.byte	-62
 248 00db 08       		.byte	8
 249 00dc C4       		.byte	-60
 250 00dd 01       		.byte	1
 251 00de D0       		.byte	-48
 252 00df 99       		.byte	-103
 253 00e0 D6       		.byte	-42
 254 00e1 0B       		.byte	11
 255 00e2 D8       		.byte	-40
 256 00e3 01       		.byte	1
 257 00e4 40       		.byte	64
 258 00e5 51       		.byte	81
 259 00e6 49       		.byte	73
 260 00e7 FF       		.byte	-1
 261 00e8 4A       		.byte	74
 262 00e9 FF       		.byte	-1
 263 00ea 4B       		.byte	75
 264 00eb FF       		.byte	-1
 265 00ec 4F       		.byte	79
 266 00ed 01       		.byte	1
 267 00ee 50       		.byte	80
 268 00ef 18       		.byte	24
 269 00f0 52       		.byte	82
 270 00f1 80       		.byte	-128
 271 00f2 5A       		.byte	90
 272 00f3 04       		.byte	4
 273 00f4 5B       		.byte	91
 274 00f5 04       		.byte	4
 275 00f6 5F       		.byte	95
 276 00f7 01       		.byte	1
 277 00f8 60       		.byte	96
 278 00f9 40       		.byte	64
 279 00fa 62       		.byte	98
 280 00fb 40       		.byte	64
 281 00fc 64       		.byte	100
 282 00fd 40       		.byte	64
 283 00fe 65       		.byte	101
 284 00ff 40       		.byte	64
 285 0100 66       		.byte	102
ARM GAS  C:\Users\agila\AppData\Local\Temp\ccPapcOq.s 			page 6


 286 0101 80       		.byte	-128
 287 0102 68       		.byte	104
 288 0103 80       		.byte	-128
 289 0104 6A       		.byte	106
 290 0105 80       		.byte	-128
 291 0106 6C       		.byte	108
 292 0107 80       		.byte	-128
 293 0108 6E       		.byte	110
 294 0109 80       		.byte	-128
 295 010a C0       		.byte	-64
 296 010b 51       		.byte	81
 297 010c C9       		.byte	-55
 298 010d FF       		.byte	-1
 299 010e CA       		.byte	-54
 300 010f FF       		.byte	-1
 301 0110 CB       		.byte	-53
 302 0111 FF       		.byte	-1
 303 0112 CD       		.byte	-51
 304 0113 83       		.byte	-125
 305 0114 CE       		.byte	-50
 306 0115 03       		.byte	3
 307 0116 CF       		.byte	-49
 308 0117 01       		.byte	1
 309 0118 D0       		.byte	-48
 310 0119 18       		.byte	24
 311 011a DA       		.byte	-38
 312 011b 04       		.byte	4
 313 011c DF       		.byte	-33
 314 011d 01       		.byte	1
 315 011e E0       		.byte	-32
 316 011f 40       		.byte	64
 317 0120 E2       		.byte	-30
 318 0121 40       		.byte	64
 319 0122 E4       		.byte	-28
 320 0123 40       		.byte	64
 321 0124 E5       		.byte	-27
 322 0125 40       		.byte	64
 323 0126 E6       		.byte	-26
 324 0127 80       		.byte	-128
 325 0128 E8       		.byte	-24
 326 0129 80       		.byte	-128
 327 012a EA       		.byte	-22
 328 012b 80       		.byte	-128
 329 012c EC       		.byte	-20
 330 012d 80       		.byte	-128
 331 012e EE       		.byte	-18
 332 012f 80       		.byte	-128
 333 0130 41       		.byte	65
 334 0131 80       		.byte	-128
 335 0132 45       		.byte	69
 336 0133 80       		.byte	-128
 337 0134 48       		.byte	72
 338 0135 02       		.byte	2
 339 0136 4C       		.byte	76
 340 0137 02       		.byte	2
 341 0138 70       		.byte	112
 342 0139 02       		.byte	2
ARM GAS  C:\Users\agila\AppData\Local\Temp\ccPapcOq.s 			page 7


 343 013a A1       		.byte	-95
 344 013b 80       		.byte	-128
 345 013c A4       		.byte	-92
 346 013d 02       		.byte	2
 347 013e D0       		.byte	-48
 348 013f 18       		.byte	24
 349 0140 D2       		.byte	-46
 350 0141 18       		.byte	24
 351 0142 0F       		.byte	15
 352 0143 01       		.byte	1
 353 0144 2F       		.byte	47
 354 0145 01       		.byte	1
 355 0146 37       		.byte	55
 356 0147 01       		.byte	1
 357 0148 3F       		.byte	63
 358 0149 40       		.byte	64
 359 014a 40       		.byte	64
 360 014b 15       		.byte	21
 361 014c 45       		.byte	69
 362 014d EC       		.byte	-20
 363 014e 46       		.byte	70
 364 014f 02       		.byte	2
 365 0150 48       		.byte	72
 366 0151 07       		.byte	7
 367 0152 49       		.byte	73
 368 0153 FF       		.byte	-1
 369 0154 4A       		.byte	74
 370 0155 FF       		.byte	-1
 371 0156 4B       		.byte	75
 372 0157 FF       		.byte	-1
 373 0158 4D       		.byte	77
 374 0159 83       		.byte	-125
 375 015a 4E       		.byte	78
 376 015b 03       		.byte	3
 377 015c 4F       		.byte	79
 378 015d 01       		.byte	1
 379 015e 50       		.byte	80
 380 015f 18       		.byte	24
 381 0160 54       		.byte	84
 382 0161 01       		.byte	1
 383 0162 56       		.byte	86
 384 0163 04       		.byte	4
 385 0164 59       		.byte	89
 386 0165 04       		.byte	4
 387 0166 5A       		.byte	90
 388 0167 04       		.byte	4
 389 0168 5B       		.byte	91
 390 0169 04       		.byte	4
 391 016a 5F       		.byte	95
 392 016b 01       		.byte	1
 393 016c 60       		.byte	96
 394 016d 40       		.byte	64
 395 016e 62       		.byte	98
 396 016f 40       		.byte	64
 397 0170 64       		.byte	100
 398 0171 40       		.byte	64
 399 0172 65       		.byte	101
ARM GAS  C:\Users\agila\AppData\Local\Temp\ccPapcOq.s 			page 8


 400 0173 40       		.byte	64
 401 0174 66       		.byte	102
 402 0175 80       		.byte	-128
 403 0176 68       		.byte	104
 404 0177 80       		.byte	-128
 405 0178 6A       		.byte	106
 406 0179 80       		.byte	-128
 407 017a 6C       		.byte	108
 408 017b 80       		.byte	-128
 409 017c 6E       		.byte	110
 410 017d 80       		.byte	-128
 411 017e 26       		.byte	38
 412 017f 40       		.byte	64
 413 0180 2C       		.byte	44
 414 0181 03       		.byte	3
 415 0182 3F       		.byte	63
 416 0183 80       		.byte	-128
 417 0184 44       		.byte	68
 418 0185 01       		.byte	1
 419 0186 4F       		.byte	79
 420 0187 85       		.byte	-123
 421 0188 55       		.byte	85
 422 0189 80       		.byte	-128
 423 018a 57       		.byte	87
 424 018b 40       		.byte	64
 425 018c 5E       		.byte	94
 426 018d 80       		.byte	-128
 427 018e 5F       		.byte	95
 428 018f 05       		.byte	5
 429 0190 67       		.byte	103
 430 0191 40       		.byte	64
 431 0192 87       		.byte	-121
 432 0193 40       		.byte	64
 433 0194 CA       		.byte	-54
 434 0195 10       		.byte	16
 435 0196 CE       		.byte	-50
 436 0197 10       		.byte	16
 437 0198 D0       		.byte	-48
 438 0199 10       		.byte	16
 439 019a D2       		.byte	-46
 440 019b 10       		.byte	16
 441 019c D6       		.byte	-42
 442 019d D0       		.byte	-48
 443 019e D8       		.byte	-40
 444 019f 80       		.byte	-128
 445 01a0 00       		.byte	0
 446 01a1 10       		.byte	16
 447 01a2 02       		.byte	2
 448 01a3 40       		.byte	64
 449 01a4 05       		.byte	5
 450 01a5 53       		.byte	83
 451 01a6 07       		.byte	7
 452 01a7 0C       		.byte	12
 453 01a8 09       		.byte	9
 454 01a9 03       		.byte	3
 455 01aa 0A       		.byte	10
 456 01ab 20       		.byte	32
ARM GAS  C:\Users\agila\AppData\Local\Temp\ccPapcOq.s 			page 9


 457 01ac 0B       		.byte	11
 458 01ad 44       		.byte	68
 459 01ae 0C       		.byte	12
 460 01af DC       		.byte	-36
 461 01b0 0E       		.byte	14
 462 01b1 22       		.byte	34
 463 01b2 13       		.byte	19
 464 01b3 08       		.byte	8
 465 01b4 15       		.byte	21
 466 01b5 20       		.byte	32
 467 01b6 16       		.byte	22
 468 01b7 03       		.byte	3
 469 01b8 17       		.byte	23
 470 01b9 45       		.byte	69
 471 01ba 18       		.byte	24
 472 01bb 14       		.byte	20
 473 01bc 1C       		.byte	28
 474 01bd 09       		.byte	9
 475 01be 1E       		.byte	30
 476 01bf D0       		.byte	-48
 477 01c0 21       		.byte	33
 478 01c1 0A       		.byte	10
 479 01c2 23       		.byte	35
 480 01c3 54       		.byte	84
 481 01c4 24       		.byte	36
 482 01c5 0C       		.byte	12
 483 01c6 25       		.byte	37
 484 01c7 53       		.byte	83
 485 01c8 26       		.byte	38
 486 01c9 71       		.byte	113
 487 01ca 27       		.byte	39
 488 01cb 04       		.byte	4
 489 01cc 28       		.byte	40
 490 01cd 10       		.byte	16
 491 01ce 29       		.byte	41
 492 01cf 80       		.byte	-128
 493 01d0 2A       		.byte	42
 494 01d1 AC       		.byte	-84
 495 01d2 31       		.byte	49
 496 01d3 30       		.byte	48
 497 01d4 32       		.byte	50
 498 01d5 1F       		.byte	31
 499 01d6 33       		.byte	51
 500 01d7 0F       		.byte	15
 501 01d8 34       		.byte	52
 502 01d9 E0       		.byte	-32
 503 01da 35       		.byte	53
 504 01db 80       		.byte	-128
 505 01dc 37       		.byte	55
 506 01dd 40       		.byte	64
 507 01de 39       		.byte	57
 508 01df 02       		.byte	2
 509 01e0 3A       		.byte	58
 510 01e1 20       		.byte	32
 511 01e2 3B       		.byte	59
 512 01e3 08       		.byte	8
 513 01e4 3F       		.byte	63
ARM GAS  C:\Users\agila\AppData\Local\Temp\ccPapcOq.s 			page 10


 514 01e5 50       		.byte	80
 515 01e6 40       		.byte	64
 516 01e7 32       		.byte	50
 517 01e8 41       		.byte	65
 518 01e9 06       		.byte	6
 519 01ea 45       		.byte	69
 520 01eb 0B       		.byte	11
 521 01ec 46       		.byte	70
 522 01ed C0       		.byte	-64
 523 01ee 47       		.byte	71
 524 01ef 0E       		.byte	14
 525 01f0 48       		.byte	72
 526 01f1 19       		.byte	25
 527 01f2 49       		.byte	73
 528 01f3 FF       		.byte	-1
 529 01f4 4A       		.byte	74
 530 01f5 FF       		.byte	-1
 531 01f6 4B       		.byte	75
 532 01f7 FF       		.byte	-1
 533 01f8 4E       		.byte	78
 534 01f9 F0       		.byte	-16
 535 01fa 4F       		.byte	79
 536 01fb 44       		.byte	68
 537 01fc 50       		.byte	80
 538 01fd 0C       		.byte	12
 539 01fe 54       		.byte	84
 540 01ff 01       		.byte	1
 541 0200 58       		.byte	88
 542 0201 04       		.byte	4
 543 0202 59       		.byte	89
 544 0203 04       		.byte	4
 545 0204 5A       		.byte	90
 546 0205 04       		.byte	4
 547 0206 5B       		.byte	91
 548 0207 04       		.byte	4
 549 0208 5C       		.byte	92
 550 0209 22       		.byte	34
 551 020a 5D       		.byte	93
 552 020b 22       		.byte	34
 553 020c 5F       		.byte	95
 554 020d 01       		.byte	1
 555 020e 66       		.byte	102
 556 020f C0       		.byte	-64
 557 0210 6A       		.byte	106
 558 0211 40       		.byte	64
 559 0212 6B       		.byte	107
 560 0213 02       		.byte	2
 561 0214 81       		.byte	-127
 562 0215 2A       		.byte	42
 563 0216 82       		.byte	-126
 564 0217 40       		.byte	64
 565 0218 83       		.byte	-125
 566 0219 41       		.byte	65
 567 021a 84       		.byte	-124
 568 021b 40       		.byte	64
 569 021c 85       		.byte	-123
 570 021d E7       		.byte	-25
ARM GAS  C:\Users\agila\AppData\Local\Temp\ccPapcOq.s 			page 11


 571 021e 89       		.byte	-119
 572 021f 54       		.byte	84
 573 0220 8A       		.byte	-118
 574 0221 80       		.byte	-128
 575 0222 8B       		.byte	-117
 576 0223 21       		.byte	33
 577 0224 8C       		.byte	-116
 578 0225 40       		.byte	64
 579 0226 8D       		.byte	-115
 580 0227 18       		.byte	24
 581 0228 91       		.byte	-111
 582 0229 80       		.byte	-128
 583 022a 92       		.byte	-110
 584 022b 40       		.byte	64
 585 022c 95       		.byte	-107
 586 022d E7       		.byte	-25
 587 022e 96       		.byte	-106
 588 022f 80       		.byte	-128
 589 0230 98       		.byte	-104
 590 0231 31       		.byte	49
 591 0232 99       		.byte	-103
 592 0233 19       		.byte	25
 593 0234 9A       		.byte	-102
 594 0235 0E       		.byte	14
 595 0236 9B       		.byte	-101
 596 0237 06       		.byte	6
 597 0238 9E       		.byte	-98
 598 0239 0C       		.byte	12
 599 023a 9F       		.byte	-97
 600 023b 18       		.byte	24
 601 023c A0       		.byte	-96
 602 023d 2C       		.byte	44
 603 023e A2       		.byte	-94
 604 023f 03       		.byte	3
 605 0240 A3       		.byte	-93
 606 0241 18       		.byte	24
 607 0242 A4       		.byte	-92
 608 0243 31       		.byte	49
 609 0244 A6       		.byte	-90
 610 0245 06       		.byte	6
 611 0246 A7       		.byte	-89
 612 0247 18       		.byte	24
 613 0248 A9       		.byte	-87
 614 0249 18       		.byte	24
 615 024a AA       		.byte	-86
 616 024b 13       		.byte	19
 617 024c AE       		.byte	-82
 618 024d 08       		.byte	8
 619 024e B0       		.byte	-80
 620 024f 30       		.byte	48
 621 0250 B1       		.byte	-79
 622 0251 18       		.byte	24
 623 0252 B2       		.byte	-78
 624 0253 40       		.byte	64
 625 0254 B3       		.byte	-77
 626 0255 60       		.byte	96
 627 0256 B4       		.byte	-76
ARM GAS  C:\Users\agila\AppData\Local\Temp\ccPapcOq.s 			page 12


 628 0257 80       		.byte	-128
 629 0258 B5       		.byte	-75
 630 0259 07       		.byte	7
 631 025a B6       		.byte	-74
 632 025b 0F       		.byte	15
 633 025c B7       		.byte	-73
 634 025d 80       		.byte	-128
 635 025e B8       		.byte	-72
 636 025f 0A       		.byte	10
 637 0260 BA       		.byte	-70
 638 0261 80       		.byte	-128
 639 0262 BE       		.byte	-66
 640 0263 11       		.byte	17
 641 0264 C0       		.byte	-64
 642 0265 04       		.byte	4
 643 0266 C5       		.byte	-59
 644 0267 40       		.byte	64
 645 0268 C9       		.byte	-55
 646 0269 FF       		.byte	-1
 647 026a CA       		.byte	-54
 648 026b 07       		.byte	7
 649 026c CB       		.byte	-53
 650 026d FF       		.byte	-1
 651 026e CC       		.byte	-52
 652 026f 40       		.byte	64
 653 0270 CD       		.byte	-51
 654 0271 20       		.byte	32
 655 0272 CE       		.byte	-50
 656 0273 F0       		.byte	-16
 657 0274 CF       		.byte	-49
 658 0275 05       		.byte	5
 659 0276 D0       		.byte	-48
 660 0277 08       		.byte	8
 661 0278 D4       		.byte	-44
 662 0279 18       		.byte	24
 663 027a D8       		.byte	-40
 664 027b 04       		.byte	4
 665 027c D9       		.byte	-39
 666 027d 04       		.byte	4
 667 027e DA       		.byte	-38
 668 027f 04       		.byte	4
 669 0280 DB       		.byte	-37
 670 0281 04       		.byte	4
 671 0282 DC       		.byte	-36
 672 0283 22       		.byte	34
 673 0284 DD       		.byte	-35
 674 0285 22       		.byte	34
 675 0286 DF       		.byte	-33
 676 0287 01       		.byte	1
 677 0288 E0       		.byte	-32
 678 0289 40       		.byte	64
 679 028a E1       		.byte	-31
 680 028b A8       		.byte	-88
 681 028c E2       		.byte	-30
 682 028d 40       		.byte	64
 683 028e E3       		.byte	-29
 684 028f 20       		.byte	32
ARM GAS  C:\Users\agila\AppData\Local\Temp\ccPapcOq.s 			page 13


 685 0290 00       		.byte	0
 686 0291 54       		.byte	84
 687 0292 02       		.byte	2
 688 0293 10       		.byte	16
 689 0294 03       		.byte	3
 690 0295 80       		.byte	-128
 691 0296 05       		.byte	5
 692 0297 81       		.byte	-127
 693 0298 06       		.byte	6
 694 0299 04       		.byte	4
 695 029a 07       		.byte	7
 696 029b 80       		.byte	-128
 697 029c 08       		.byte	8
 698 029d 40       		.byte	64
 699 029e 0A       		.byte	10
 700 029f 8C       		.byte	-116
 701 02a0 0B       		.byte	11
 702 02a1 20       		.byte	32
 703 02a2 0C       		.byte	12
 704 02a3 40       		.byte	64
 705 02a4 0E       		.byte	14
 706 02a5 22       		.byte	34
 707 02a6 0F       		.byte	15
 708 02a7 08       		.byte	8
 709 02a8 10       		.byte	16
 710 02a9 80       		.byte	-128
 711 02aa 11       		.byte	17
 712 02ab 08       		.byte	8
 713 02ac 12       		.byte	18
 714 02ad 04       		.byte	4
 715 02ae 13       		.byte	19
 716 02af 80       		.byte	-128
 717 02b0 15       		.byte	21
 718 02b1 04       		.byte	4
 719 02b2 17       		.byte	23
 720 02b3 20       		.byte	32
 721 02b4 18       		.byte	24
 722 02b5 10       		.byte	16
 723 02b6 19       		.byte	25
 724 02b7 90       		.byte	-112
 725 02b8 1A       		.byte	26
 726 02b9 41       		.byte	65
 727 02ba 1D       		.byte	29
 728 02bb 04       		.byte	4
 729 02bc 1E       		.byte	30
 730 02bd 24       		.byte	36
 731 02be 20       		.byte	32
 732 02bf 02       		.byte	2
 733 02c0 21       		.byte	33
 734 02c1 08       		.byte	8
 735 02c2 22       		.byte	34
 736 02c3 21       		.byte	33
 737 02c4 23       		.byte	35
 738 02c5 10       		.byte	16
 739 02c6 25       		.byte	37
 740 02c7 04       		.byte	4
 741 02c8 26       		.byte	38
ARM GAS  C:\Users\agila\AppData\Local\Temp\ccPapcOq.s 			page 14


 742 02c9 41       		.byte	65
 743 02ca 27       		.byte	39
 744 02cb 28       		.byte	40
 745 02cc 29       		.byte	41
 746 02cd 08       		.byte	8
 747 02ce 2A       		.byte	42
 748 02cf 10       		.byte	16
 749 02d0 2B       		.byte	43
 750 02d1 80       		.byte	-128
 751 02d2 2C       		.byte	44
 752 02d3 80       		.byte	-128
 753 02d4 2D       		.byte	45
 754 02d5 04       		.byte	4
 755 02d6 2E       		.byte	46
 756 02d7 05       		.byte	5
 757 02d8 2F       		.byte	47
 758 02d9 08       		.byte	8
 759 02da 32       		.byte	50
 760 02db 60       		.byte	96
 761 02dc 33       		.byte	51
 762 02dd 05       		.byte	5
 763 02de 34       		.byte	52
 764 02df 10       		.byte	16
 765 02e0 36       		.byte	54
 766 02e1 29       		.byte	41
 767 02e2 38       		.byte	56
 768 02e3 42       		.byte	66
 769 02e4 39       		.byte	57
 770 02e5 08       		.byte	8
 771 02e6 3B       		.byte	59
 772 02e7 10       		.byte	16
 773 02e8 3D       		.byte	61
 774 02e9 08       		.byte	8
 775 02ea 3E       		.byte	62
 776 02eb 10       		.byte	16
 777 02ec 3F       		.byte	63
 778 02ed 20       		.byte	32
 779 02ee 42       		.byte	66
 780 02ef 40       		.byte	64
 781 02f0 45       		.byte	69
 782 02f1 04       		.byte	4
 783 02f2 46       		.byte	70
 784 02f3 04       		.byte	4
 785 02f4 49       		.byte	73
 786 02f5 01       		.byte	1
 787 02f6 4E       		.byte	78
 788 02f7 04       		.byte	4
 789 02f8 4F       		.byte	79
 790 02f9 08       		.byte	8
 791 02fa 52       		.byte	82
 792 02fb 0C       		.byte	12
 793 02fc 57       		.byte	87
 794 02fd 18       		.byte	24
 795 02fe 5A       		.byte	90
 796 02ff 02       		.byte	2
 797 0300 5C       		.byte	92
 798 0301 02       		.byte	2
ARM GAS  C:\Users\agila\AppData\Local\Temp\ccPapcOq.s 			page 15


 799 0302 5E       		.byte	94
 800 0303 90       		.byte	-112
 801 0304 5F       		.byte	95
 802 0305 08       		.byte	8
 803 0306 61       		.byte	97
 804 0307 90       		.byte	-112
 805 0308 C0       		.byte	-64
 806 0309 DF       		.byte	-33
 807 030a C2       		.byte	-62
 808 030b EF       		.byte	-17
 809 030c C4       		.byte	-60
 810 030d 6F       		.byte	111
 811 030e CA       		.byte	-54
 812 030f E7       		.byte	-25
 813 0310 CC       		.byte	-52
 814 0311 CF       		.byte	-49
 815 0312 CE       		.byte	-50
 816 0313 6F       		.byte	111
 817 0314 D0       		.byte	-48
 818 0315 61       		.byte	97
 819 0316 D2       		.byte	-46
 820 0317 20       		.byte	32
 821 0318 D6       		.byte	-42
 822 0319 F1       		.byte	-15
 823 031a D8       		.byte	-40
 824 031b 0C       		.byte	12
 825 031c 84       		.byte	-124
 826 031d 02       		.byte	2
 827 031e 9A       		.byte	-102
 828 031f 01       		.byte	1
 829 0320 AE       		.byte	-82
 830 0321 01       		.byte	1
 831 0322 B2       		.byte	-78
 832 0323 02       		.byte	2
 833 0324 B6       		.byte	-74
 834 0325 01       		.byte	1
 835 0326 BA       		.byte	-70
 836 0327 02       		.byte	2
 837 0328 BE       		.byte	-66
 838 0329 44       		.byte	68
 839 032a D8       		.byte	-40
 840 032b 04       		.byte	4
 841 032c DC       		.byte	-36
 842 032d 02       		.byte	2
 843 032e DF       		.byte	-33
 844 032f 01       		.byte	1
 845 0330 00       		.byte	0
 846 0331 46       		.byte	70
 847 0332 05       		.byte	5
 848 0333 04       		.byte	4
 849 0334 09       		.byte	9
 850 0335 0A       		.byte	10
 851 0336 0A       		.byte	10
 852 0337 85       		.byte	-123
 853 0338 0F       		.byte	15
 854 0339 04       		.byte	4
 855 033a 10       		.byte	16
ARM GAS  C:\Users\agila\AppData\Local\Temp\ccPapcOq.s 			page 16


 856 033b 90       		.byte	-112
 857 033c 11       		.byte	17
 858 033d 40       		.byte	64
 859 033e 13       		.byte	19
 860 033f 10       		.byte	16
 861 0340 16       		.byte	22
 862 0341 01       		.byte	1
 863 0342 18       		.byte	24
 864 0343 04       		.byte	4
 865 0344 19       		.byte	25
 866 0345 11       		.byte	17
 867 0346 1A       		.byte	26
 868 0347 21       		.byte	33
 869 0348 1B       		.byte	27
 870 0349 80       		.byte	-128
 871 034a 1C       		.byte	28
 872 034b 40       		.byte	64
 873 034c 1D       		.byte	29
 874 034d 80       		.byte	-128
 875 034e 1F       		.byte	31
 876 034f 08       		.byte	8
 877 0350 20       		.byte	32
 878 0351 09       		.byte	9
 879 0352 21       		.byte	33
 880 0353 02       		.byte	2
 881 0354 23       		.byte	35
 882 0355 04       		.byte	4
 883 0356 28       		.byte	40
 884 0357 10       		.byte	16
 885 0358 29       		.byte	41
 886 0359 90       		.byte	-112
 887 035a 2B       		.byte	43
 888 035b 80       		.byte	-128
 889 035c 30       		.byte	48
 890 035d 80       		.byte	-128
 891 035e 31       		.byte	49
 892 035f 0A       		.byte	10
 893 0360 32       		.byte	50
 894 0361 10       		.byte	16
 895 0362 38       		.byte	56
 896 0363 6A       		.byte	106
 897 0364 40       		.byte	64
 898 0365 45       		.byte	69
 899 0366 48       		.byte	72
 900 0367 05       		.byte	5
 901 0368 49       		.byte	73
 902 0369 80       		.byte	-128
 903 036a 52       		.byte	82
 904 036b 01       		.byte	1
 905 036c 53       		.byte	83
 906 036d 10       		.byte	16
 907 036e 59       		.byte	89
 908 036f 01       		.byte	1
 909 0370 69       		.byte	105
 910 0371 08       		.byte	8
 911 0372 6B       		.byte	107
 912 0373 05       		.byte	5
ARM GAS  C:\Users\agila\AppData\Local\Temp\ccPapcOq.s 			page 17


 913 0374 70       		.byte	112
 914 0375 94       		.byte	-108
 915 0376 72       		.byte	114
 916 0377 04       		.byte	4
 917 0378 73       		.byte	115
 918 0379 10       		.byte	16
 919 037a 87       		.byte	-121
 920 037b 08       		.byte	8
 921 037c 8C       		.byte	-116
 922 037d 01       		.byte	1
 923 037e 8D       		.byte	-115
 924 037f 40       		.byte	64
 925 0380 94       		.byte	-108
 926 0381 46       		.byte	70
 927 0382 95       		.byte	-107
 928 0383 08       		.byte	8
 929 0384 96       		.byte	-106
 930 0385 80       		.byte	-128
 931 0386 97       		.byte	-105
 932 0387 20       		.byte	32
 933 0388 98       		.byte	-104
 934 0389 10       		.byte	16
 935 038a 99       		.byte	-103
 936 038b 04       		.byte	4
 937 038c 9F       		.byte	-97
 938 038d 05       		.byte	5
 939 038e A0       		.byte	-96
 940 038f 01       		.byte	1
 941 0390 A1       		.byte	-95
 942 0391 08       		.byte	8
 943 0392 A5       		.byte	-91
 944 0393 80       		.byte	-128
 945 0394 A7       		.byte	-89
 946 0395 80       		.byte	-128
 947 0396 A8       		.byte	-88
 948 0397 02       		.byte	2
 949 0398 AB       		.byte	-85
 950 0399 08       		.byte	8
 951 039a B0       		.byte	-80
 952 039b 01       		.byte	1
 953 039c B1       		.byte	-79
 954 039d 08       		.byte	8
 955 039e C0       		.byte	-64
 956 039f 2D       		.byte	45
 957 03a0 C2       		.byte	-62
 958 03a1 4F       		.byte	79
 959 03a2 C4       		.byte	-60
 960 03a3 8F       		.byte	-113
 961 03a4 CA       		.byte	-54
 962 03a5 0F       		.byte	15
 963 03a6 CC       		.byte	-52
 964 03a7 0F       		.byte	15
 965 03a8 CE       		.byte	-50
 966 03a9 0F       		.byte	15
 967 03aa D0       		.byte	-48
 968 03ab 0D       		.byte	13
 969 03ac D2       		.byte	-46
ARM GAS  C:\Users\agila\AppData\Local\Temp\ccPapcOq.s 			page 18


 970 03ad 0C       		.byte	12
 971 03ae D6       		.byte	-42
 972 03af 01       		.byte	1
 973 03b0 E4       		.byte	-28
 974 03b1 02       		.byte	2
 975 03b2 33       		.byte	51
 976 03b3 10       		.byte	16
 977 03b4 36       		.byte	54
 978 03b5 40       		.byte	64
 979 03b6 CC       		.byte	-52
 980 03b7 30       		.byte	48
 981 03b8 9F       		.byte	-97
 982 03b9 10       		.byte	16
 983 03ba A6       		.byte	-90
 984 03bb 40       		.byte	64
 985 03bc 9F       		.byte	-97
 986 03bd 10       		.byte	16
 987 03be A6       		.byte	-90
 988 03bf 40       		.byte	64
 989 03c0 83       		.byte	-125
 990 03c1 10       		.byte	16
 991 03c2 9F       		.byte	-97
 992 03c3 10       		.byte	16
 993 03c4 A6       		.byte	-90
 994 03c5 40       		.byte	64
 995 03c6 E2       		.byte	-30
 996 03c7 20       		.byte	32
 997 03c8 86       		.byte	-122
 998 03c9 40       		.byte	64
 999 03ca A6       		.byte	-90
 1000 03cb 40       		.byte	64
 1001 03cc E6       		.byte	-26
 1002 03cd 40       		.byte	64
 1003 03ce 12       		.byte	18
 1004 03cf 80       		.byte	-128
 1005 03d0 74       		.byte	116
 1006 03d1 04       		.byte	4
 1007 03d2 84       		.byte	-124
 1008 03d3 04       		.byte	4
 1009 03d4 8E       		.byte	-114
 1010 03d5 80       		.byte	-128
 1011 03d6 C4       		.byte	-60
 1012 03d7 08       		.byte	8
 1013 03d8 DE       		.byte	-34
 1014 03d9 04       		.byte	4
 1015 03da E2       		.byte	-30
 1016 03db 02       		.byte	2
 1017 03dc 00       		.byte	0
 1018 03dd 02       		.byte	2
 1019 03de 0A       		.byte	10
 1020 03df 02       		.byte	2
 1021 03e0 10       		.byte	16
 1022 03e1 05       		.byte	5
 1023 03e2 1A       		.byte	26
 1024 03e3 01       		.byte	1
 1025 03e4 1C       		.byte	28
 1026 03e5 04       		.byte	4
ARM GAS  C:\Users\agila\AppData\Local\Temp\ccPapcOq.s 			page 19


 1027 03e6 00       		.byte	0
 1028 03e7 0F       		.byte	15
 1029 03e8 80       		.byte	-128
 1030 03e9 80       		.byte	-128
 1031 03ea 00       		.byte	0
 1032 03eb 00       		.byte	0
 1033 03ec 40       		.byte	64
 1034 03ed 00       		.byte	0
 1035 03ee 00       		.byte	0
 1036 03ef 00       		.byte	0
 1037 03f0 00       		.byte	0
 1038 03f1 04       		.byte	4
 1039 03f2 23       		.byte	35
 1040 03f3 80       		.byte	-128
 1041 03f4 33       		.byte	51
 1042 03f5 18       		.byte	24
 1043 03f6 0C       		.byte	12
 1044 03f7 00       		.byte	0
 1045 03f8 00       		.byte	0
 1046 03f9 08       		.byte	8
 1047 03fa 00       		.byte	0
 1048 03fb 00       		.byte	0
 1049 03fc 3F       		.byte	63
 1050 03fd 3F       		.byte	63
 1051 03fe 00       		.byte	0
 1052 03ff 00       		.byte	0
 1053 0400 1C       		.byte	28
 1054 0401 3C       		.byte	60
 1055 0402 23       		.byte	35
 1056 0403 02       		.byte	2
 1057 0404 02       		.byte	2
 1058 0405 00       		.byte	0
 1059 0406 00       		.byte	0
 1060 0407 80       		.byte	-128
 1061 0408 04       		.byte	4
 1062 0409 00       		.byte	0
 1063 040a 00       		.byte	0
 1064 040b 04       		.byte	4
 1065 040c 1F       		.byte	31
 1066 040d 10       		.byte	16
 1067 040e 20       		.byte	32
 1068 040f 00       		.byte	0
 1069 0410 08       		.byte	8
 1070 0411 1C       		.byte	28
 1071 0412 00       		.byte	0
 1072 0413 21       		.byte	33
 1073 0414 03       		.byte	3
 1074 0415 00       		.byte	0
 1075 0416 00       		.byte	0
 1076 0417 40       		.byte	64
 1077 0418 0C       		.byte	12
 1078 0419 27       		.byte	39
 1079 041a 00       		.byte	0
 1080 041b 18       		.byte	24
 1081 041c 01       		.byte	1
 1082 041d 00       		.byte	0
 1083 041e 40       		.byte	64
ARM GAS  C:\Users\agila\AppData\Local\Temp\ccPapcOq.s 			page 20


 1084 041f 23       		.byte	35
 1085 0420 10       		.byte	16
 1086 0421 1F       		.byte	31
 1087 0422 40       		.byte	64
 1088 0423 00       		.byte	0
 1089 0424 0F       		.byte	15
 1090 0425 38       		.byte	56
 1091 0426 2C       		.byte	44
 1092 0427 C0       		.byte	-64
 1093 0428 00       		.byte	0
 1094 0429 00       		.byte	0
 1095 042a A0       		.byte	-96
 1096 042b 02       		.byte	2
 1097 042c 00       		.byte	0
 1098 042d 00       		.byte	0
 1099 042e 01       		.byte	1
 1100 042f 40       		.byte	64
 1101 0430 25       		.byte	37
 1102 0431 04       		.byte	4
 1103 0432 06       		.byte	6
 1104 0433 00       		.byte	0
 1105 0434 01       		.byte	1
 1106 0435 00       		.byte	0
 1107 0436 E0       		.byte	-32
 1108 0437 C0       		.byte	-64
 1109 0438 28       		.byte	40
 1110 0439 FF       		.byte	-1
 1111 043a FF       		.byte	-1
 1112 043b FF       		.byte	-1
 1113 043c 62       		.byte	98
 1114 043d A0       		.byte	-96
 1115 043e F0       		.byte	-16
 1116 043f 41       		.byte	65
 1117 0440 0C       		.byte	12
 1118 0441 00       		.byte	0
 1119 0442 00       		.byte	0
 1120 0443 00       		.byte	0
 1121 0444 00       		.byte	0
 1122 0445 00       		.byte	0
 1123 0446 02       		.byte	2
 1124 0447 13       		.byte	19
 1125 0448 04       		.byte	4
 1126 0449 04       		.byte	4
 1127 044a 04       		.byte	4
 1128 044b 04       		.byte	4
 1129 044c 22       		.byte	34
 1130 044d 22       		.byte	34
 1131 044e 00       		.byte	0
 1132 044f 01       		.byte	1
 1133 0450 00       		.byte	0
 1134 0451 00       		.byte	0
 1135 0452 00       		.byte	0
 1136 0453 00       		.byte	0
 1137 0454 00       		.byte	0
 1138 0455 00       		.byte	0
 1139 0456 40       		.byte	64
 1140 0457 02       		.byte	2
ARM GAS  C:\Users\agila\AppData\Local\Temp\ccPapcOq.s 			page 21


 1141 0458 00       		.byte	0
 1142 0459 10       		.byte	16
 1143 045a 30       		.byte	48
 1144 045b 10       		.byte	16
 1145 045c 00       		.byte	0
 1146 045d 10       		.byte	16
 1147 045e 10       		.byte	16
 1148 045f 12       		.byte	18
 1149 0460 00       		.byte	0
 1150 0461 00       		.byte	0
 1151 0462 00       		.byte	0
 1152 0463 00       		.byte	0
 1153 0464 00       		.byte	0
 1154 0465 00       		.byte	0
 1155 0466 00       		.byte	0
 1156 0467 00       		.byte	0
 1157 0468 00       		.byte	0
 1158 0469 00       		.byte	0
 1159 046a 00       		.byte	0
 1160 046b 00       		.byte	0
 1161 046c 00       		.byte	0
 1162 046d 00       		.byte	0
 1163 046e 00       		.byte	0
 1164 046f 00       		.byte	0
 1165 0470 00       		.byte	0
 1166 0471 C0       		.byte	-64
 1167 0472 C0       		.byte	-64
 1168 0473 00       		.byte	0
 1169 0474 00       		.byte	0
 1170 0475 00       		.byte	0
 1171 0476 00       		.byte	0
 1172 0477 00       		.byte	0
 1173 0478 80       		.byte	-128
 1174 0479 00       		.byte	0
 1175 047a 40       		.byte	64
 1176 047b 80       		.byte	-128
 1177 047c 80       		.byte	-128
 1178 047d 00       		.byte	0
 1179 047e 80       		.byte	-128
 1180 047f 00       		.byte	0
 1181 0480 00       		.byte	0
 1182 0481 00       		.byte	0
 1183 0482 00       		.byte	0
 1184 0483 00       		.byte	0
 1185 0484 00       		.byte	0
 1186 0485 0B       		.byte	11
 1187 0486 0B       		.byte	11
 1188 0487 00       		.byte	0
 1189 0488 00       		.byte	0
 1190 0489 00       		.byte	0
 1191 048a 00       		.byte	0
 1192 048b 00       		.byte	0
 1193 048c 00       		.byte	0
 1194 048d 01       		.byte	1
 1195 048e 01       		.byte	1
 1196 048f 00       		.byte	0
 1197 0490 00       		.byte	0
ARM GAS  C:\Users\agila\AppData\Local\Temp\ccPapcOq.s 			page 22


 1198 0491 00       		.byte	0
 1199 0492 00       		.byte	0
 1200 0493 00       		.byte	0
 1201              		.section	.cywolatch,"a",%progbits
 1202              		.align	2
 1203              		.type	cy_meta_wonvl, %object
 1204              		.size	cy_meta_wonvl, 4
 1205              	cy_meta_wonvl:
 1206 0000 BC       		.byte	-68
 1207 0001 90       		.byte	-112
 1208 0002 AC       		.byte	-84
 1209 0003 AF       		.byte	-81
 1210              		.section	.cycustnvl,"a",%progbits
 1211              		.align	2
 1212              		.type	cy_meta_custnvl, %object
 1213              		.size	cy_meta_custnvl, 4
 1214              	cy_meta_custnvl:
 1215 0000 00       		.byte	0
 1216 0001 00       		.byte	0
 1217 0002 40       		.byte	64
 1218 0003 05       		.byte	5
 1219              		.section	.cymeta,"a",%progbits
 1220              		.align	2
 1221              		.type	cy_metadata, %object
 1222              		.size	cy_metadata, 12
 1223              	cy_metadata:
 1224 0000 00       		.byte	0
 1225 0001 01       		.byte	1
 1226 0002 2E       		.byte	46
 1227 0003 16       		.byte	22
 1228 0004 10       		.byte	16
 1229 0005 69       		.byte	105
 1230 0006 00       		.byte	0
 1231 0007 01       		.byte	1
 1232 0008 00       		.byte	0
 1233 0009 00       		.byte	0
 1234 000a 00       		.byte	0
 1235 000b 00       		.byte	0
 1236              		.section	.cyflashprotect,"a",%progbits
 1237              		.align	2
 1238              		.type	cy_meta_flashprotect, %object
 1239              		.size	cy_meta_flashprotect, 256
 1240              	cy_meta_flashprotect:
 1241 0000 00000000 		.space	256
 1241      00000000 
 1241      00000000 
 1241      00000000 
 1241      00000000 
 1242              		.text
 1243              	.Letext0:
 1244              		.file 1 "c:\\h_da softwares & projects\\psoc creator\\4.4\\psoc creator\\import\\gnu\\arm\\5.4.1\\
 1245              		.file 2 "c:\\h_da softwares & projects\\psoc creator\\4.4\\psoc creator\\import\\gnu\\arm\\5.4.1\\
 1246              		.file 3 "Generated_Source\\PSoC5\\cymetadata.c"
 1247              		.section	.debug_info,"",%progbits
 1248              	.Ldebug_info0:
 1249 0000 32010000 		.4byte	0x132
 1250 0004 0400     		.2byte	0x4
ARM GAS  C:\Users\agila\AppData\Local\Temp\ccPapcOq.s 			page 23


 1251 0006 00000000 		.4byte	.Ldebug_abbrev0
 1252 000a 04       		.byte	0x4
 1253 000b 01       		.uleb128 0x1
 1254 000c 24000000 		.4byte	.LASF17
 1255 0010 0C       		.byte	0xc
 1256 0011 B3010000 		.4byte	.LASF18
 1257 0015 E7000000 		.4byte	.LASF19
 1258 0019 00000000 		.4byte	.Ldebug_line0
 1259 001d 02       		.uleb128 0x2
 1260 001e 01       		.byte	0x1
 1261 001f 06       		.byte	0x6
 1262 0020 A7010000 		.4byte	.LASF0
 1263 0024 03       		.uleb128 0x3
 1264 0025 00000000 		.4byte	.LASF9
 1265 0029 01       		.byte	0x1
 1266 002a 1D       		.byte	0x1d
 1267 002b 2F000000 		.4byte	0x2f
 1268 002f 02       		.uleb128 0x2
 1269 0030 01       		.byte	0x1
 1270 0031 08       		.byte	0x8
 1271 0032 16000000 		.4byte	.LASF1
 1272 0036 02       		.uleb128 0x2
 1273 0037 02       		.byte	0x2
 1274 0038 05       		.byte	0x5
 1275 0039 94010000 		.4byte	.LASF2
 1276 003d 02       		.uleb128 0x2
 1277 003e 02       		.byte	0x2
 1278 003f 07       		.byte	0x7
 1279 0040 C4000000 		.4byte	.LASF3
 1280 0044 02       		.uleb128 0x2
 1281 0045 04       		.byte	0x4
 1282 0046 05       		.byte	0x5
 1283 0047 9E010000 		.4byte	.LASF4
 1284 004b 02       		.uleb128 0x2
 1285 004c 04       		.byte	0x4
 1286 004d 07       		.byte	0x7
 1287 004e B2000000 		.4byte	.LASF5
 1288 0052 02       		.uleb128 0x2
 1289 0053 08       		.byte	0x8
 1290 0054 05       		.byte	0x5
 1291 0055 86010000 		.4byte	.LASF6
 1292 0059 02       		.uleb128 0x2
 1293 005a 08       		.byte	0x8
 1294 005b 07       		.byte	0x7
 1295 005c 3B010000 		.4byte	.LASF7
 1296 0060 04       		.uleb128 0x4
 1297 0061 04       		.byte	0x4
 1298 0062 05       		.byte	0x5
 1299 0063 696E7400 		.ascii	"int\000"
 1300 0067 02       		.uleb128 0x2
 1301 0068 04       		.byte	0x4
 1302 0069 07       		.byte	0x7
 1303 006a 2E010000 		.4byte	.LASF8
 1304 006e 03       		.uleb128 0x3
 1305 006f 52010000 		.4byte	.LASF10
 1306 0073 02       		.byte	0x2
 1307 0074 18       		.byte	0x18
ARM GAS  C:\Users\agila\AppData\Local\Temp\ccPapcOq.s 			page 24


 1308 0075 24000000 		.4byte	0x24
 1309 0079 05       		.uleb128 0x5
 1310 007a 91000000 		.4byte	0x91
 1311 007e 8A000000 		.4byte	0x8a
 1312 0082 06       		.uleb128 0x6
 1313 0083 8A000000 		.4byte	0x8a
 1314 0087 9304     		.2byte	0x493
 1315 0089 00       		.byte	0
 1316 008a 02       		.uleb128 0x2
 1317 008b 04       		.byte	0x4
 1318 008c 07       		.byte	0x7
 1319 008d 7D010000 		.4byte	.LASF11
 1320 0091 07       		.uleb128 0x7
 1321 0092 6E000000 		.4byte	0x6e
 1322 0096 08       		.uleb128 0x8
 1323 0097 1C010000 		.4byte	.LASF12
 1324 009b 03       		.byte	0x3
 1325 009c 1F       		.byte	0x1f
 1326 009d A7000000 		.4byte	0xa7
 1327 00a1 05       		.uleb128 0x5
 1328 00a2 03       		.byte	0x3
 1329 00a3 00000000 		.4byte	cy_meta_configecc
 1330 00a7 07       		.uleb128 0x7
 1331 00a8 79000000 		.4byte	0x79
 1332 00ac 05       		.uleb128 0x5
 1333 00ad 91000000 		.4byte	0x91
 1334 00b1 BC000000 		.4byte	0xbc
 1335 00b5 09       		.uleb128 0x9
 1336 00b6 8A000000 		.4byte	0x8a
 1337 00ba 03       		.byte	0x3
 1338 00bb 00       		.byte	0
 1339 00bc 08       		.uleb128 0x8
 1340 00bd D7000000 		.4byte	.LASF13
 1341 00c1 03       		.byte	0x3
 1342 00c2 BF       		.byte	0xbf
 1343 00c3 CD000000 		.4byte	0xcd
 1344 00c7 05       		.uleb128 0x5
 1345 00c8 03       		.byte	0x3
 1346 00c9 00000000 		.4byte	cy_meta_custnvl
 1347 00cd 07       		.uleb128 0x7
 1348 00ce AC000000 		.4byte	0xac
 1349 00d2 08       		.uleb128 0x8
 1350 00d3 6F010000 		.4byte	.LASF14
 1351 00d7 03       		.byte	0x3
 1352 00d8 CD       		.byte	0xcd
 1353 00d9 E3000000 		.4byte	0xe3
 1354 00dd 05       		.uleb128 0x5
 1355 00de 03       		.byte	0x3
 1356 00df 00000000 		.4byte	cy_meta_wonvl
 1357 00e3 07       		.uleb128 0x7
 1358 00e4 AC000000 		.4byte	0xac
 1359 00e8 05       		.uleb128 0x5
 1360 00e9 91000000 		.4byte	0x91
 1361 00ed F8000000 		.4byte	0xf8
 1362 00f1 09       		.uleb128 0x9
 1363 00f2 8A000000 		.4byte	0x8a
 1364 00f6 FF       		.byte	0xff
ARM GAS  C:\Users\agila\AppData\Local\Temp\ccPapcOq.s 			page 25


 1365 00f7 00       		.byte	0
 1366 00f8 08       		.uleb128 0x8
 1367 00f9 5A010000 		.4byte	.LASF15
 1368 00fd 03       		.byte	0x3
 1369 00fe DB       		.byte	0xdb
 1370 00ff 09010000 		.4byte	0x109
 1371 0103 05       		.uleb128 0x5
 1372 0104 03       		.byte	0x3
 1373 0105 00000000 		.4byte	cy_meta_flashprotect
 1374 0109 07       		.uleb128 0x7
 1375 010a E8000000 		.4byte	0xe8
 1376 010e 05       		.uleb128 0x5
 1377 010f 91000000 		.4byte	0x91
 1378 0113 1E010000 		.4byte	0x11e
 1379 0117 09       		.uleb128 0x9
 1380 0118 8A000000 		.4byte	0x8a
 1381 011c 0B       		.byte	0xb
 1382 011d 00       		.byte	0
 1383 011e 0A       		.uleb128 0xa
 1384 011f 0A000000 		.4byte	.LASF16
 1385 0123 03       		.byte	0x3
 1386 0124 0801     		.2byte	0x108
 1387 0126 30010000 		.4byte	0x130
 1388 012a 05       		.uleb128 0x5
 1389 012b 03       		.byte	0x3
 1390 012c 00000000 		.4byte	cy_metadata
 1391 0130 07       		.uleb128 0x7
 1392 0131 0E010000 		.4byte	0x10e
 1393 0135 00       		.byte	0
 1394              		.section	.debug_abbrev,"",%progbits
 1395              	.Ldebug_abbrev0:
 1396 0000 01       		.uleb128 0x1
 1397 0001 11       		.uleb128 0x11
 1398 0002 01       		.byte	0x1
 1399 0003 25       		.uleb128 0x25
 1400 0004 0E       		.uleb128 0xe
 1401 0005 13       		.uleb128 0x13
 1402 0006 0B       		.uleb128 0xb
 1403 0007 03       		.uleb128 0x3
 1404 0008 0E       		.uleb128 0xe
 1405 0009 1B       		.uleb128 0x1b
 1406 000a 0E       		.uleb128 0xe
 1407 000b 10       		.uleb128 0x10
 1408 000c 17       		.uleb128 0x17
 1409 000d 00       		.byte	0
 1410 000e 00       		.byte	0
 1411 000f 02       		.uleb128 0x2
 1412 0010 24       		.uleb128 0x24
 1413 0011 00       		.byte	0
 1414 0012 0B       		.uleb128 0xb
 1415 0013 0B       		.uleb128 0xb
 1416 0014 3E       		.uleb128 0x3e
 1417 0015 0B       		.uleb128 0xb
 1418 0016 03       		.uleb128 0x3
 1419 0017 0E       		.uleb128 0xe
 1420 0018 00       		.byte	0
 1421 0019 00       		.byte	0
ARM GAS  C:\Users\agila\AppData\Local\Temp\ccPapcOq.s 			page 26


 1422 001a 03       		.uleb128 0x3
 1423 001b 16       		.uleb128 0x16
 1424 001c 00       		.byte	0
 1425 001d 03       		.uleb128 0x3
 1426 001e 0E       		.uleb128 0xe
 1427 001f 3A       		.uleb128 0x3a
 1428 0020 0B       		.uleb128 0xb
 1429 0021 3B       		.uleb128 0x3b
 1430 0022 0B       		.uleb128 0xb
 1431 0023 49       		.uleb128 0x49
 1432 0024 13       		.uleb128 0x13
 1433 0025 00       		.byte	0
 1434 0026 00       		.byte	0
 1435 0027 04       		.uleb128 0x4
 1436 0028 24       		.uleb128 0x24
 1437 0029 00       		.byte	0
 1438 002a 0B       		.uleb128 0xb
 1439 002b 0B       		.uleb128 0xb
 1440 002c 3E       		.uleb128 0x3e
 1441 002d 0B       		.uleb128 0xb
 1442 002e 03       		.uleb128 0x3
 1443 002f 08       		.uleb128 0x8
 1444 0030 00       		.byte	0
 1445 0031 00       		.byte	0
 1446 0032 05       		.uleb128 0x5
 1447 0033 01       		.uleb128 0x1
 1448 0034 01       		.byte	0x1
 1449 0035 49       		.uleb128 0x49
 1450 0036 13       		.uleb128 0x13
 1451 0037 01       		.uleb128 0x1
 1452 0038 13       		.uleb128 0x13
 1453 0039 00       		.byte	0
 1454 003a 00       		.byte	0
 1455 003b 06       		.uleb128 0x6
 1456 003c 21       		.uleb128 0x21
 1457 003d 00       		.byte	0
 1458 003e 49       		.uleb128 0x49
 1459 003f 13       		.uleb128 0x13
 1460 0040 2F       		.uleb128 0x2f
 1461 0041 05       		.uleb128 0x5
 1462 0042 00       		.byte	0
 1463 0043 00       		.byte	0
 1464 0044 07       		.uleb128 0x7
 1465 0045 26       		.uleb128 0x26
 1466 0046 00       		.byte	0
 1467 0047 49       		.uleb128 0x49
 1468 0048 13       		.uleb128 0x13
 1469 0049 00       		.byte	0
 1470 004a 00       		.byte	0
 1471 004b 08       		.uleb128 0x8
 1472 004c 34       		.uleb128 0x34
 1473 004d 00       		.byte	0
 1474 004e 03       		.uleb128 0x3
 1475 004f 0E       		.uleb128 0xe
 1476 0050 3A       		.uleb128 0x3a
 1477 0051 0B       		.uleb128 0xb
 1478 0052 3B       		.uleb128 0x3b
ARM GAS  C:\Users\agila\AppData\Local\Temp\ccPapcOq.s 			page 27


 1479 0053 0B       		.uleb128 0xb
 1480 0054 49       		.uleb128 0x49
 1481 0055 13       		.uleb128 0x13
 1482 0056 3F       		.uleb128 0x3f
 1483 0057 19       		.uleb128 0x19
 1484 0058 02       		.uleb128 0x2
 1485 0059 18       		.uleb128 0x18
 1486 005a 00       		.byte	0
 1487 005b 00       		.byte	0
 1488 005c 09       		.uleb128 0x9
 1489 005d 21       		.uleb128 0x21
 1490 005e 00       		.byte	0
 1491 005f 49       		.uleb128 0x49
 1492 0060 13       		.uleb128 0x13
 1493 0061 2F       		.uleb128 0x2f
 1494 0062 0B       		.uleb128 0xb
 1495 0063 00       		.byte	0
 1496 0064 00       		.byte	0
 1497 0065 0A       		.uleb128 0xa
 1498 0066 34       		.uleb128 0x34
 1499 0067 00       		.byte	0
 1500 0068 03       		.uleb128 0x3
 1501 0069 0E       		.uleb128 0xe
 1502 006a 3A       		.uleb128 0x3a
 1503 006b 0B       		.uleb128 0xb
 1504 006c 3B       		.uleb128 0x3b
 1505 006d 05       		.uleb128 0x5
 1506 006e 49       		.uleb128 0x49
 1507 006f 13       		.uleb128 0x13
 1508 0070 3F       		.uleb128 0x3f
 1509 0071 19       		.uleb128 0x19
 1510 0072 02       		.uleb128 0x2
 1511 0073 18       		.uleb128 0x18
 1512 0074 00       		.byte	0
 1513 0075 00       		.byte	0
 1514 0076 00       		.byte	0
 1515              		.section	.debug_aranges,"",%progbits
 1516 0000 14000000 		.4byte	0x14
 1517 0004 0200     		.2byte	0x2
 1518 0006 00000000 		.4byte	.Ldebug_info0
 1519 000a 04       		.byte	0x4
 1520 000b 00       		.byte	0
 1521 000c 0000     		.2byte	0
 1522 000e 0000     		.2byte	0
 1523 0010 00000000 		.4byte	0
 1524 0014 00000000 		.4byte	0
 1525              		.section	.debug_line,"",%progbits
 1526              	.Ldebug_line0:
 1527 0000 39010000 		.section	.debug_str,"MS",%progbits,1
 1527      02003301 
 1527      00000201 
 1527      FB0E0D00 
 1527      01010101 
 1528              	.LASF9:
 1529 0000 5F5F7569 		.ascii	"__uint8_t\000"
 1529      6E74385F 
 1529      7400
ARM GAS  C:\Users\agila\AppData\Local\Temp\ccPapcOq.s 			page 28


 1530              	.LASF16:
 1531 000a 63795F6D 		.ascii	"cy_metadata\000"
 1531      65746164 
 1531      61746100 
 1532              	.LASF1:
 1533 0016 756E7369 		.ascii	"unsigned char\000"
 1533      676E6564 
 1533      20636861 
 1533      7200
 1534              	.LASF17:
 1535 0024 474E5520 		.ascii	"GNU C11 5.4.1 20160609 (release) [ARM/embedded-5-br"
 1535      43313120 
 1535      352E342E 
 1535      31203230 
 1535      31363036 
 1536 0057 616E6368 		.ascii	"anch revision 237715] -mcpu=cortex-m3 -mthumb -g -O"
 1536      20726576 
 1536      6973696F 
 1536      6E203233 
 1536      37373135 
 1537 008a 67202D66 		.ascii	"g -ffunction-sections -ffat-lto-objects\000"
 1537      66756E63 
 1537      74696F6E 
 1537      2D736563 
 1537      74696F6E 
 1538              	.LASF5:
 1539 00b2 6C6F6E67 		.ascii	"long unsigned int\000"
 1539      20756E73 
 1539      69676E65 
 1539      6420696E 
 1539      7400
 1540              	.LASF3:
 1541 00c4 73686F72 		.ascii	"short unsigned int\000"
 1541      7420756E 
 1541      7369676E 
 1541      65642069 
 1541      6E7400
 1542              	.LASF13:
 1543 00d7 63795F6D 		.ascii	"cy_meta_custnvl\000"
 1543      6574615F 
 1543      63757374 
 1543      6E766C00 
 1544              	.LASF19:
 1545 00e7 443A5C57 		.ascii	"D:\\WS25\\AMAEOS\\Lab\\Workspace01\\Timing Analyzer"
 1545      5332355C 
 1545      414D4145 
 1545      4F535C4C 
 1545      61625C57 
 1546 0115 2E637964 		.ascii	".cydsn\000"
 1546      736E00
 1547              	.LASF12:
 1548 011c 63795F6D 		.ascii	"cy_meta_configecc\000"
 1548      6574615F 
 1548      636F6E66 
 1548      69676563 
 1548      6300
 1549              	.LASF8:
ARM GAS  C:\Users\agila\AppData\Local\Temp\ccPapcOq.s 			page 29


 1550 012e 756E7369 		.ascii	"unsigned int\000"
 1550      676E6564 
 1550      20696E74 
 1550      00
 1551              	.LASF7:
 1552 013b 6C6F6E67 		.ascii	"long long unsigned int\000"
 1552      206C6F6E 
 1552      6720756E 
 1552      7369676E 
 1552      65642069 
 1553              	.LASF10:
 1554 0152 75696E74 		.ascii	"uint8_t\000"
 1554      385F7400 
 1555              	.LASF15:
 1556 015a 63795F6D 		.ascii	"cy_meta_flashprotect\000"
 1556      6574615F 
 1556      666C6173 
 1556      6870726F 
 1556      74656374 
 1557              	.LASF14:
 1558 016f 63795F6D 		.ascii	"cy_meta_wonvl\000"
 1558      6574615F 
 1558      776F6E76 
 1558      6C00
 1559              	.LASF11:
 1560 017d 73697A65 		.ascii	"sizetype\000"
 1560      74797065 
 1560      00
 1561              	.LASF6:
 1562 0186 6C6F6E67 		.ascii	"long long int\000"
 1562      206C6F6E 
 1562      6720696E 
 1562      7400
 1563              	.LASF2:
 1564 0194 73686F72 		.ascii	"short int\000"
 1564      7420696E 
 1564      7400
 1565              	.LASF4:
 1566 019e 6C6F6E67 		.ascii	"long int\000"
 1566      20696E74 
 1566      00
 1567              	.LASF0:
 1568 01a7 7369676E 		.ascii	"signed char\000"
 1568      65642063 
 1568      68617200 
 1569              	.LASF18:
 1570 01b3 47656E65 		.ascii	"Generated_Source\\PSoC5\\cymetadata.c\000"
 1570      72617465 
 1570      645F536F 
 1570      75726365 
 1570      5C50536F 
 1571              		.ident	"GCC: (GNU Tools for ARM Embedded Processors) 5.4.1 20160609 (release) [ARM/embedded-5-bran
