ARM GAS  C:\Users\agila\AppData\Local\Temp\ccrxr39e.s 			page 1


   1              		.syntax unified
   2              		.cpu cortex-m3
   3              		.fpu softvfp
   4              		.eabi_attribute 20, 1
   5              		.eabi_attribute 21, 1
   6              		.eabi_attribute 23, 3
   7              		.eabi_attribute 24, 1
   8              		.eabi_attribute 25, 1
   9              		.eabi_attribute 26, 1
  10              		.eabi_attribute 30, 1
  11              		.eabi_attribute 34, 1
  12              		.eabi_attribute 18, 4
  13              		.thumb
  14              		.syntax unified
  15              		.file	"main.c"
  16              		.text
  17              	.Ltext0:
  18              		.cfi_sections	.debug_frame
  19              		.section	.text.main,"ax",%progbits
  20              		.align	2
  21              		.global	main
  22              		.thumb
  23              		.thumb_func
  24              		.type	main, %function
  25              	main:
  26              	.LFB64:
  27              		.file 1 "source\\asw\\main.c"
   1:source\asw/main.c **** /* ========================================
   2:source\asw/main.c ****  *
   3:source\asw/main.c ****  * Copyright YOUR COMPANY, THE YEAR
   4:source\asw/main.c ****  * All Rights Reserved
   5:source\asw/main.c ****  * UNPUBLISHED, LICENSED SOFTWARE.
   6:source\asw/main.c ****  *
   7:source\asw/main.c ****  * CONFIDENTIAL AND PROPRIETARY INFORMATION
   8:source\asw/main.c ****  * WHICH IS THE PROPERTY OF your company.
   9:source\asw/main.c ****  *
  10:source\asw/main.c ****  * ========================================
  11:source\asw/main.c **** */
  12:source\asw/main.c **** #include "project.h"
  13:source\asw/main.c **** #include "stdio.h"
  14:source\asw/main.c **** #include "global.h"
  15:source\asw/main.c **** #include "TimingAnalyzer.h"
  16:source\asw/main.c **** #include "Pins.h"
  17:source\asw/main.c **** 
  18:source\asw/main.c **** volatile TimingAnalyzer_t analyzerMain;     // Creating obj inside main can not be used to refer an
  19:source\asw/main.c **** volatile TimingAnalyzer_t analyzerIsrLow;   // (N3)
  20:source\asw/main.c **** volatile TimingAnalyzer_t analyzerIsrHigh;
  21:source\asw/main.c **** 
  22:source\asw/main.c **** extern volatile uint32_t system_ms;     // ???
  23:source\asw/main.c **** 
  24:source\asw/main.c **** int main(void)
  25:source\asw/main.c **** {
  28              		.loc 1 25 0
  29              		.cfi_startproc
  30              		@ args = 0, pretend = 0, frame = 120
  31              		@ frame_needed = 0, uses_anonymous_args = 0
  32 0000 70B5     		push	{r4, r5, r6, lr}
ARM GAS  C:\Users\agila\AppData\Local\Temp\ccrxr39e.s 			page 2


  33              		.cfi_def_cfa_offset 16
  34              		.cfi_offset 4, -16
  35              		.cfi_offset 5, -12
  36              		.cfi_offset 6, -8
  37              		.cfi_offset 14, -4
  38 0002 9EB0     		sub	sp, sp, #120
  39              		.cfi_def_cfa_offset 136
  26:source\asw/main.c ****     CyGlobalIntEnable; /* Enable global interrupts. */
  40              		.loc 1 26 0
  41              		.syntax unified
  42              	@ 26 "source\asw\main.c" 1
  43 0004 62B6     		CPSIE   i
  44              	@ 0 "" 2
  45              	.LVL0:
  27:source\asw/main.c **** 
  28:source\asw/main.c ****     /* Place your initialization/startup code here */
  29:source\asw/main.c ****     
  30:source\asw/main.c ****     RC_t res = RC_SUCCESS;
  31:source\asw/main.c ****     
  32:source\asw/main.c ****     // MCU system init
  33:source\asw/main.c ****     
  34:source\asw/main.c ****     // Initialize timing system
  35:source\asw/main.c ****     res = TimingAnalyzer_initialize();     
  46              		.loc 1 35 0
  47              		.thumb
  48              		.syntax unified
  49 0006 FFF7FEFF 		bl	TimingAnalyzer_initialize
  50              	.LVL1:
  36:source\asw/main.c ****     
  37:source\asw/main.c ****     char strMessage[100];
  38:source\asw/main.c ****     
  39:source\asw/main.c ****     // Initialize UART protocol
  40:source\asw/main.c ****     UART_LOG_Start();
  51              		.loc 1 40 0
  52 000a FFF7FEFF 		bl	UART_LOG_Start
  53              	.LVL2:
  41:source\asw/main.c ****     
  42:source\asw/main.c ****     UART_LOG_PutString("\r\n\r\nTiming Analyzer\r\n");                                             
  54              		.loc 1 42 0
  55 000e 3048     		ldr	r0, .L4
  56 0010 FFF7FEFF 		bl	UART_LOG_PutString
  57              	.LVL3:
  43:source\asw/main.c ****     sprintf(strMessage, "CPU-Frequency: %luMHz\r\n", ((unsigned long)BCLK__BUS_CLK__HZ / 1000000));
  58              		.loc 1 43 0
  59 0014 1822     		movs	r2, #24
  60 0016 2F49     		ldr	r1, .L4+4
  61 0018 05A8     		add	r0, sp, #20
  62 001a FFF7FEFF 		bl	sprintf
  63              	.LVL4:
  44:source\asw/main.c ****     UART_LOG_PutString(strMessage); 
  64              		.loc 1 44 0
  65 001e 05A8     		add	r0, sp, #20
  66 0020 FFF7FEFF 		bl	UART_LOG_PutString
  67              	.LVL5:
  45:source\asw/main.c ****     CyDelay(100);           // Wating for UART to complete
  68              		.loc 1 45 0
  69 0024 6420     		movs	r0, #100
ARM GAS  C:\Users\agila\AppData\Local\Temp\ccrxr39e.s 			page 3


  70 0026 FFF7FEFF 		bl	CyDelay
  71              	.LVL6:
  46:source\asw/main.c ****     
  47:source\asw/main.c ****     res = TimingAnalyzer_create((TimingAnalyzer_t *)&analyzerMain, MODE_DWT_PIN, Pin_1_Control, "DW
  72              		.loc 1 47 0
  73 002a 2B4C     		ldr	r4, .L4+8
  74 002c 2B4B     		ldr	r3, .L4+12
  75 002e 2C4A     		ldr	r2, .L4+16
  76 0030 0121     		movs	r1, #1
  77 0032 2046     		mov	r0, r4
  78 0034 FFF7FEFF 		bl	TimingAnalyzer_create
  79              	.LVL7:
  48:source\asw/main.c ****     res = TimingAnalyzer_create((TimingAnalyzer_t *)&analyzerIsrLow, MODE_SYSTICK_PIN, Pin_2_Contro
  80              		.loc 1 48 0
  81 0038 2A4D     		ldr	r5, .L4+20
  82 003a 2B4B     		ldr	r3, .L4+24
  83 003c 2B4A     		ldr	r2, .L4+28
  84 003e 0321     		movs	r1, #3
  85 0040 2846     		mov	r0, r5
  86 0042 FFF7FEFF 		bl	TimingAnalyzer_create
  87              	.LVL8:
  49:source\asw/main.c ****     res = TimingAnalyzer_create((TimingAnalyzer_t *)&analyzerIsrHigh, MODE_PIN, Pin_3_Control, "PIN
  88              		.loc 1 49 0
  89 0046 2A4E     		ldr	r6, .L4+32
  90 0048 2A4B     		ldr	r3, .L4+36
  91 004a 2B4A     		ldr	r2, .L4+40
  92 004c 0421     		movs	r1, #4
  93 004e 3046     		mov	r0, r6
  94 0050 FFF7FEFF 		bl	TimingAnalyzer_create
  95              	.LVL9:
  50:source\asw/main.c **** 
  51:source\asw/main.c ****     res = TimingAnalyzer_start((TimingAnalyzer_t *)&analyzerMain);
  96              		.loc 1 51 0
  97 0054 2046     		mov	r0, r4
  98 0056 FFF7FEFF 		bl	TimingAnalyzer_start
  99              	.LVL10:
  52:source\asw/main.c ****     res = TimingAnalyzer_start((TimingAnalyzer_t *)&analyzerIsrLow);
 100              		.loc 1 52 0
 101 005a 2846     		mov	r0, r5
 102 005c FFF7FEFF 		bl	TimingAnalyzer_start
 103              	.LVL11:
  53:source\asw/main.c ****     res = TimingAnalyzer_start((TimingAnalyzer_t *)&analyzerIsrHigh);
 104              		.loc 1 53 0
 105 0060 3046     		mov	r0, r6
 106 0062 FFF7FEFF 		bl	TimingAnalyzer_start
 107              	.LVL12:
  54:source\asw/main.c ****     // Code region you want to measure
  55:source\asw/main.c ****     // do something
  56:source\asw/main.c ****     CyDelay(1000);
 108              		.loc 1 56 0
 109 0066 4FF47A70 		mov	r0, #1000
 110 006a FFF7FEFF 		bl	CyDelay
 111              	.LVL13:
  57:source\asw/main.c ****     
  58:source\asw/main.c ****     res = TimingAnalyzer_pause((TimingAnalyzer_t *)&analyzerMain);
 112              		.loc 1 58 0
 113 006e 2046     		mov	r0, r4
ARM GAS  C:\Users\agila\AppData\Local\Temp\ccrxr39e.s 			page 4


 114 0070 FFF7FEFF 		bl	TimingAnalyzer_pause
 115              	.LVL14:
  59:source\asw/main.c ****     
  60:source\asw/main.c ****     CyDelay(100);   // Should NOT be counted
 116              		.loc 1 60 0
 117 0074 6420     		movs	r0, #100
 118 0076 FFF7FEFF 		bl	CyDelay
 119              	.LVL15:
  61:source\asw/main.c ****     
  62:source\asw/main.c ****     res = TimingAnalyzer_resume((TimingAnalyzer_t *)&analyzerMain);
 120              		.loc 1 62 0
 121 007a 2046     		mov	r0, r4
 122 007c FFF7FEFF 		bl	TimingAnalyzer_resume
 123              	.LVL16:
  63:source\asw/main.c **** 
  64:source\asw/main.c ****     CyDelay(1000);
 124              		.loc 1 64 0
 125 0080 4FF47A70 		mov	r0, #1000
 126 0084 FFF7FEFF 		bl	CyDelay
 127              	.LVL17:
  65:source\asw/main.c ****     //CyDelay(5000);
  66:source\asw/main.c ****     res = TimingAnalyzer_stop((TimingAnalyzer_t *)&analyzerMain);
 128              		.loc 1 66 0
 129 0088 2046     		mov	r0, r4
 130 008a FFF7FEFF 		bl	TimingAnalyzer_stop
 131              	.LVL18:
  67:source\asw/main.c ****     res = TimingAnalyzer_stop((TimingAnalyzer_t *)&analyzerIsrLow);
 132              		.loc 1 67 0
 133 008e 2846     		mov	r0, r5
 134 0090 FFF7FEFF 		bl	TimingAnalyzer_stop
 135              	.LVL19:
  68:source\asw/main.c ****     CyDelay(5000);
 136              		.loc 1 68 0
 137 0094 41F28830 		movw	r0, #5000
 138 0098 FFF7FEFF 		bl	CyDelay
 139              	.LVL20:
  69:source\asw/main.c ****     res = TimingAnalyzer_stop((TimingAnalyzer_t *)&analyzerIsrHigh);
 140              		.loc 1 69 0
 141 009c 3046     		mov	r0, r6
 142 009e FFF7FEFF 		bl	TimingAnalyzer_stop
 143              	.LVL21:
  70:source\asw/main.c ****     
  71:source\asw/main.c ****     // Printing
  72:source\asw/main.c ****     res = TimingAnalyzer_printStatus((TimingAnalyzer_t *)&analyzerMain);
 144              		.loc 1 72 0
 145 00a2 2046     		mov	r0, r4
 146 00a4 FFF7FEFF 		bl	TimingAnalyzer_printStatus
 147              	.LVL22:
  73:source\asw/main.c ****     res = TimingAnalyzer_printStatus((TimingAnalyzer_t *)&analyzerIsrLow);
 148              		.loc 1 73 0
 149 00a8 2846     		mov	r0, r5
 150 00aa FFF7FEFF 		bl	TimingAnalyzer_printStatus
 151              	.LVL23:
  74:source\asw/main.c ****     
  75:source\asw/main.c ****     UART_LOG_PutString("\r\nPrinting All Analyzers\r\n"); 
 152              		.loc 1 75 0
 153 00ae 1348     		ldr	r0, .L4+44
ARM GAS  C:\Users\agila\AppData\Local\Temp\ccrxr39e.s 			page 5


 154 00b0 FFF7FEFF 		bl	UART_LOG_PutString
 155              	.LVL24:
  76:source\asw/main.c ****     res = TimingAnalyzer_printAll();
 156              		.loc 1 76 0
 157 00b4 FFF7FEFF 		bl	TimingAnalyzer_printAll
 158              	.LVL25:
  77:source\asw/main.c ****     
  78:source\asw/main.c ****     // Info for debugging
  79:source\asw/main.c ****     if(res != RC_SUCCESS){
 159              		.loc 1 79 0
 160 00b8 38B1     		cbz	r0, .L2
 161 00ba 0246     		mov	r2, r0
 162              	.LBB2:
  80:source\asw/main.c ****         char strError[20];
  81:source\asw/main.c ****         sprintf(strError, "Error: code %u\r\n", res);
 163              		.loc 1 81 0
 164 00bc 1049     		ldr	r1, .L4+48
 165 00be 6846     		mov	r0, sp
 166              	.LVL26:
 167 00c0 FFF7FEFF 		bl	sprintf
 168              	.LVL27:
  82:source\asw/main.c ****         UART_LOG_PutString(strError);
 169              		.loc 1 82 0
 170 00c4 6846     		mov	r0, sp
 171 00c6 FFF7FEFF 		bl	UART_LOG_PutString
 172              	.LVL28:
 173              	.L2:
 174              	.LBE2:
  83:source\asw/main.c ****     }
  84:source\asw/main.c **** }
 175              		.loc 1 84 0 discriminator 1
 176 00ca 0020     		movs	r0, #0
 177 00cc 1EB0     		add	sp, sp, #120
 178              		.cfi_def_cfa_offset 16
 179              		@ sp needed
 180 00ce 70BD     		pop	{r4, r5, r6, pc}
 181              	.L5:
 182              		.align	2
 183              	.L4:
 184 00d0 00000000 		.word	.LC0
 185 00d4 18000000 		.word	.LC1
 186 00d8 00000000 		.word	analyzerMain
 187 00dc 30000000 		.word	.LC2
 188 00e0 00000000 		.word	Pin_1_Control
 189 00e4 00000000 		.word	analyzerIsrLow
 190 00e8 3C000000 		.word	.LC3
 191 00ec 00000000 		.word	Pin_2_Control
 192 00f0 00000000 		.word	analyzerIsrHigh
 193 00f4 4C000000 		.word	.LC4
 194 00f8 00000000 		.word	Pin_3_Control
 195 00fc 58000000 		.word	.LC5
 196 0100 74000000 		.word	.LC6
 197              		.cfi_endproc
 198              	.LFE64:
 199              		.size	main, .-main
 200              		.comm	analyzerIsrHigh,56,8
 201              		.comm	analyzerIsrLow,56,8
ARM GAS  C:\Users\agila\AppData\Local\Temp\ccrxr39e.s 			page 6


 202              		.comm	analyzerMain,56,8
 203              		.section	.rodata.str1.4,"aMS",%progbits,1
 204              		.align	2
 205              	.LC0:
 206 0000 0D0A0D0A 		.ascii	"\015\012\015\012Timing Analyzer\015\012\000"
 206      54696D69 
 206      6E672041 
 206      6E616C79 
 206      7A65720D 
 207 0016 0000     		.space	2
 208              	.LC1:
 209 0018 4350552D 		.ascii	"CPU-Frequency: %luMHz\015\012\000"
 209      46726571 
 209      75656E63 
 209      793A2025 
 209      6C754D48 
 210              	.LC2:
 211 0030 44575420 		.ascii	"DWT Task\000"
 211      5461736B 
 211      00
 212 0039 000000   		.space	3
 213              	.LC3:
 214 003c 53595354 		.ascii	"SYSTICK Task\000"
 214      49434B20 
 214      5461736B 
 214      00
 215 0049 000000   		.space	3
 216              	.LC4:
 217 004c 50494E20 		.ascii	"PIN Task\000"
 217      5461736B 
 217      00
 218 0055 000000   		.space	3
 219              	.LC5:
 220 0058 0D0A5072 		.ascii	"\015\012Printing All Analyzers\015\012\000"
 220      696E7469 
 220      6E672041 
 220      6C6C2041 
 220      6E616C79 
 221 0073 00       		.space	1
 222              	.LC6:
 223 0074 4572726F 		.ascii	"Error: code %u\015\012\000"
 223      723A2063 
 223      6F646520 
 223      25750D0A 
 223      00
 224              		.text
 225              	.Letext0:
 226              		.file 2 "c:\\h_da softwares & projects\\psoc creator\\4.4\\psoc creator\\import\\gnu\\arm\\5.4.1\\
 227              		.file 3 "c:\\h_da softwares & projects\\psoc creator\\4.4\\psoc creator\\import\\gnu\\arm\\5.4.1\\
 228              		.file 4 ".\\source\\bsw/global.h"
 229              		.file 5 "./TimingAnalyzer.h"
 230              		.file 6 "Generated_Source\\PSoC5/core_cm3.h"
 231              		.file 7 "c:\\h_da softwares & projects\\psoc creator\\4.4\\psoc creator\\import\\gnu\\arm\\5.4.1\\
 232              		.file 8 "Generated_Source\\PSoC5/UART_LOG.h"
 233              		.file 9 "Generated_Source\\PSoC5/CyLib.h"
 234              		.section	.debug_info,"",%progbits
 235              	.Ldebug_info0:
ARM GAS  C:\Users\agila\AppData\Local\Temp\ccrxr39e.s 			page 7


 236 0000 65060000 		.4byte	0x665
 237 0004 0400     		.2byte	0x4
 238 0006 00000000 		.4byte	.Ldebug_abbrev0
 239 000a 04       		.byte	0x4
 240 000b 01       		.uleb128 0x1
 241 000c 97030000 		.4byte	.LASF95
 242 0010 0C       		.byte	0xc
 243 0011 97040000 		.4byte	.LASF96
 244 0015 43050000 		.4byte	.LASF97
 245 0019 00000000 		.4byte	.Ldebug_ranges0+0
 246 001d 00000000 		.4byte	0
 247 0021 00000000 		.4byte	.Ldebug_line0
 248 0025 02       		.uleb128 0x2
 249 0026 01       		.byte	0x1
 250 0027 06       		.byte	0x6
 251 0028 E7020000 		.4byte	.LASF0
 252 002c 03       		.uleb128 0x3
 253 002d 43020000 		.4byte	.LASF4
 254 0031 02       		.byte	0x2
 255 0032 1D       		.byte	0x1d
 256 0033 37000000 		.4byte	0x37
 257 0037 02       		.uleb128 0x2
 258 0038 01       		.byte	0x1
 259 0039 08       		.byte	0x8
 260 003a D1020000 		.4byte	.LASF1
 261 003e 02       		.uleb128 0x2
 262 003f 02       		.byte	0x2
 263 0040 05       		.byte	0x5
 264 0041 7D000000 		.4byte	.LASF2
 265 0045 02       		.uleb128 0x2
 266 0046 02       		.byte	0x2
 267 0047 07       		.byte	0x7
 268 0048 84030000 		.4byte	.LASF3
 269 004c 03       		.uleb128 0x3
 270 004d 10050000 		.4byte	.LASF5
 271 0051 02       		.byte	0x2
 272 0052 3F       		.byte	0x3f
 273 0053 57000000 		.4byte	0x57
 274 0057 02       		.uleb128 0x2
 275 0058 04       		.byte	0x4
 276 0059 05       		.byte	0x5
 277 005a 0F020000 		.4byte	.LASF6
 278 005e 03       		.uleb128 0x3
 279 005f 3D010000 		.4byte	.LASF7
 280 0063 02       		.byte	0x2
 281 0064 41       		.byte	0x41
 282 0065 69000000 		.4byte	0x69
 283 0069 02       		.uleb128 0x2
 284 006a 04       		.byte	0x4
 285 006b 07       		.byte	0x7
 286 006c 40030000 		.4byte	.LASF8
 287 0070 02       		.uleb128 0x2
 288 0071 08       		.byte	0x8
 289 0072 05       		.byte	0x5
 290 0073 D6010000 		.4byte	.LASF9
 291 0077 02       		.uleb128 0x2
 292 0078 08       		.byte	0x8
ARM GAS  C:\Users\agila\AppData\Local\Temp\ccrxr39e.s 			page 8


 293 0079 07       		.byte	0x7
 294 007a FB020000 		.4byte	.LASF10
 295 007e 04       		.uleb128 0x4
 296 007f 04       		.byte	0x4
 297 0080 05       		.byte	0x5
 298 0081 696E7400 		.ascii	"int\000"
 299 0085 02       		.uleb128 0x2
 300 0086 04       		.byte	0x4
 301 0087 07       		.byte	0x7
 302 0088 1B030000 		.4byte	.LASF11
 303 008c 03       		.uleb128 0x3
 304 008d 54010000 		.4byte	.LASF12
 305 0091 03       		.byte	0x3
 306 0092 18       		.byte	0x18
 307 0093 2C000000 		.4byte	0x2c
 308 0097 03       		.uleb128 0x3
 309 0098 F3020000 		.4byte	.LASF13
 310 009c 03       		.byte	0x3
 311 009d 2C       		.byte	0x2c
 312 009e 4C000000 		.4byte	0x4c
 313 00a2 03       		.uleb128 0x3
 314 00a3 00000000 		.4byte	.LASF14
 315 00a7 03       		.byte	0x3
 316 00a8 30       		.byte	0x30
 317 00a9 5E000000 		.4byte	0x5e
 318 00ad 02       		.uleb128 0x2
 319 00ae 04       		.byte	0x4
 320 00af 04       		.byte	0x4
 321 00b0 18000000 		.4byte	.LASF15
 322 00b4 02       		.uleb128 0x2
 323 00b5 08       		.byte	0x8
 324 00b6 04       		.byte	0x4
 325 00b7 CE040000 		.4byte	.LASF16
 326 00bb 02       		.uleb128 0x2
 327 00bc 01       		.byte	0x1
 328 00bd 08       		.byte	0x8
 329 00be 2F040000 		.4byte	.LASF17
 330 00c2 02       		.uleb128 0x2
 331 00c3 08       		.byte	0x8
 332 00c4 04       		.byte	0x4
 333 00c5 B9020000 		.4byte	.LASF18
 334 00c9 02       		.uleb128 0x2
 335 00ca 04       		.byte	0x4
 336 00cb 07       		.byte	0x7
 337 00cc AD000000 		.4byte	.LASF19
 338 00d0 05       		.uleb128 0x5
 339 00d1 04       		.byte	0x4
 340 00d2 D6000000 		.4byte	0xd6
 341 00d6 06       		.uleb128 0x6
 342 00d7 BB000000 		.4byte	0xbb
 343 00db 03       		.uleb128 0x3
 344 00dc BD050000 		.4byte	.LASF20
 345 00e0 04       		.byte	0x4
 346 00e1 99       		.byte	0x99
 347 00e2 B4000000 		.4byte	0xb4
 348 00e6 03       		.uleb128 0x3
 349 00e7 80020000 		.4byte	.LASF21
ARM GAS  C:\Users\agila\AppData\Local\Temp\ccrxr39e.s 			page 9


 350 00eb 04       		.byte	0x4
 351 00ec 9C       		.byte	0x9c
 352 00ed 37000000 		.4byte	0x37
 353 00f1 07       		.uleb128 0x7
 354 00f2 01       		.byte	0x1
 355 00f3 25000000 		.4byte	0x25
 356 00f7 04       		.byte	0x4
 357 00f8 CF       		.byte	0xcf
 358 00f9 9A010000 		.4byte	0x19a
 359 00fd 08       		.uleb128 0x8
 360 00fe 31000000 		.4byte	.LASF22
 361 0102 00       		.byte	0
 362 0103 09       		.uleb128 0x9
 363 0104 B4050000 		.4byte	.LASF23
 364 0108 7F       		.sleb128 -1
 365 0109 09       		.uleb128 0x9
 366 010a 52030000 		.4byte	.LASF24
 367 010e 7E       		.sleb128 -2
 368 010f 09       		.uleb128 0x9
 369 0110 21010000 		.4byte	.LASF25
 370 0114 7D       		.sleb128 -3
 371 0115 09       		.uleb128 0x9
 372 0116 CF050000 		.4byte	.LASF26
 373 011a 7C       		.sleb128 -4
 374 011b 09       		.uleb128 0x9
 375 011c 80010000 		.4byte	.LASF27
 376 0120 7B       		.sleb128 -5
 377 0121 09       		.uleb128 0x9
 378 0122 87000000 		.4byte	.LASF28
 379 0126 7A       		.sleb128 -6
 380 0127 09       		.uleb128 0x9
 381 0128 18020000 		.4byte	.LASF29
 382 012c 79       		.sleb128 -7
 383 012d 09       		.uleb128 0x9
 384 012e 49040000 		.4byte	.LASF30
 385 0132 78       		.sleb128 -8
 386 0133 09       		.uleb128 0x9
 387 0134 60030000 		.4byte	.LASF31
 388 0138 77       		.sleb128 -9
 389 0139 09       		.uleb128 0x9
 390 013a 2F010000 		.4byte	.LASF32
 391 013e 76       		.sleb128 -10
 392 013f 09       		.uleb128 0x9
 393 0140 27060000 		.4byte	.LASF33
 394 0144 75       		.sleb128 -11
 395 0145 09       		.uleb128 0x9
 396 0146 28030000 		.4byte	.LASF34
 397 014a 74       		.sleb128 -12
 398 014b 09       		.uleb128 0x9
 399 014c ED040000 		.4byte	.LASF35
 400 0150 73       		.sleb128 -13
 401 0151 09       		.uleb128 0x9
 402 0152 1E000000 		.4byte	.LASF36
 403 0156 72       		.sleb128 -14
 404 0157 09       		.uleb128 0x9
 405 0158 5C000000 		.4byte	.LASF37
 406 015c 71       		.sleb128 -15
ARM GAS  C:\Users\agila\AppData\Local\Temp\ccrxr39e.s 			page 10


 407 015d 09       		.uleb128 0x9
 408 015e 4D020000 		.4byte	.LASF38
 409 0162 70       		.sleb128 -16
 410 0163 09       		.uleb128 0x9
 411 0164 DF050000 		.4byte	.LASF39
 412 0168 6F       		.sleb128 -17
 413 0169 09       		.uleb128 0x9
 414 016a 98000000 		.4byte	.LASF40
 415 016e 6E       		.sleb128 -18
 416 016f 09       		.uleb128 0x9
 417 0170 EB010000 		.4byte	.LASF41
 418 0174 6D       		.sleb128 -19
 419 0175 09       		.uleb128 0x9
 420 0176 84040000 		.4byte	.LASF42
 421 017a 6C       		.sleb128 -20
 422 017b 09       		.uleb128 0x9
 423 017c 6E020000 		.4byte	.LASF43
 424 0180 6B       		.sleb128 -21
 425 0181 09       		.uleb128 0x9
 426 0182 78050000 		.4byte	.LASF44
 427 0186 6A       		.sleb128 -22
 428 0187 09       		.uleb128 0x9
 429 0188 5C010000 		.4byte	.LASF45
 430 018c 69       		.sleb128 -23
 431 018d 09       		.uleb128 0x9
 432 018e FE010000 		.4byte	.LASF46
 433 0192 68       		.sleb128 -24
 434 0193 09       		.uleb128 0x9
 435 0194 BD010000 		.4byte	.LASF47
 436 0198 67       		.sleb128 -25
 437 0199 00       		.byte	0
 438 019a 03       		.uleb128 0x3
 439 019b 19060000 		.4byte	.LASF48
 440 019f 04       		.byte	0x4
 441 01a0 EA       		.byte	0xea
 442 01a1 F1000000 		.4byte	0xf1
 443 01a5 0A       		.uleb128 0xa
 444 01a6 7E040000 		.4byte	.LASF55
 445 01aa 01       		.byte	0x1
 446 01ab 37000000 		.4byte	0x37
 447 01af 05       		.byte	0x5
 448 01b0 62       		.byte	0x62
 449 01b1 D4010000 		.4byte	0x1d4
 450 01b5 08       		.uleb128 0x8
 451 01b6 12030000 		.4byte	.LASF49
 452 01ba 00       		.byte	0
 453 01bb 08       		.uleb128 0x8
 454 01bc 5E040000 		.4byte	.LASF50
 455 01c0 01       		.byte	0x1
 456 01c1 08       		.uleb128 0x8
 457 01c2 73010000 		.4byte	.LASF51
 458 01c6 02       		.byte	0x2
 459 01c7 08       		.uleb128 0x8
 460 01c8 B6000000 		.4byte	.LASF52
 461 01cc 03       		.byte	0x3
 462 01cd 08       		.uleb128 0x8
 463 01ce 3A020000 		.4byte	.LASF53
ARM GAS  C:\Users\agila\AppData\Local\Temp\ccrxr39e.s 			page 11


 464 01d2 04       		.byte	0x4
 465 01d3 00       		.byte	0
 466 01d4 03       		.uleb128 0x3
 467 01d5 34050000 		.4byte	.LASF54
 468 01d9 05       		.byte	0x5
 469 01da 69       		.byte	0x69
 470 01db A5010000 		.4byte	0x1a5
 471 01df 0A       		.uleb128 0xa
 472 01e0 E4010000 		.4byte	.LASF56
 473 01e4 01       		.byte	0x1
 474 01e5 37000000 		.4byte	0x37
 475 01e9 05       		.byte	0x5
 476 01ea 70       		.byte	0x70
 477 01eb 08020000 		.4byte	0x208
 478 01ef 08       		.uleb128 0x8
 479 01f0 FF040000 		.4byte	.LASF57
 480 01f4 00       		.byte	0
 481 01f5 08       		.uleb128 0x8
 482 01f6 8A050000 		.4byte	.LASF58
 483 01fa 01       		.byte	0x1
 484 01fb 08       		.uleb128 0x8
 485 01fc 8F010000 		.4byte	.LASF59
 486 0200 02       		.byte	0x2
 487 0201 08       		.uleb128 0x8
 488 0202 76030000 		.4byte	.LASF60
 489 0206 03       		.byte	0x3
 490 0207 00       		.byte	0
 491 0208 03       		.uleb128 0x3
 492 0209 09060000 		.4byte	.LASF61
 493 020d 05       		.byte	0x5
 494 020e 76       		.byte	0x76
 495 020f DF010000 		.4byte	0x1df
 496 0213 03       		.uleb128 0x3
 497 0214 36030000 		.4byte	.LASF62
 498 0218 05       		.byte	0x5
 499 0219 78       		.byte	0x78
 500 021a 1E020000 		.4byte	0x21e
 501 021e 05       		.uleb128 0x5
 502 021f 04       		.byte	0x4
 503 0220 24020000 		.4byte	0x224
 504 0224 0B       		.uleb128 0xb
 505 0225 2F020000 		.4byte	0x22f
 506 0229 0C       		.uleb128 0xc
 507 022a 8C000000 		.4byte	0x8c
 508 022e 00       		.byte	0
 509 022f 0D       		.uleb128 0xd
 510 0230 25040000 		.4byte	.LASF98
 511 0234 38       		.byte	0x38
 512 0235 05       		.byte	0x5
 513 0236 80       		.byte	0x80
 514 0237 D8020000 		.4byte	0x2d8
 515 023b 0E       		.uleb128 0xe
 516 023c A1020000 		.4byte	.LASF63
 517 0240 05       		.byte	0x5
 518 0241 82       		.byte	0x82
 519 0242 D0000000 		.4byte	0xd0
 520 0246 00       		.byte	0
ARM GAS  C:\Users\agila\AppData\Local\Temp\ccrxr39e.s 			page 12


 521 0247 0E       		.uleb128 0xe
 522 0248 48010000 		.4byte	.LASF64
 523 024c 05       		.byte	0x5
 524 024d 83       		.byte	0x83
 525 024e D4010000 		.4byte	0x1d4
 526 0252 04       		.byte	0x4
 527 0253 0E       		.uleb128 0xe
 528 0254 8A020000 		.4byte	.LASF65
 529 0258 05       		.byte	0x5
 530 0259 84       		.byte	0x84
 531 025a 08020000 		.4byte	0x208
 532 025e 05       		.byte	0x5
 533 025f 0E       		.uleb128 0xe
 534 0260 4D010000 		.4byte	.LASF66
 535 0264 05       		.byte	0x5
 536 0265 85       		.byte	0x85
 537 0266 E6000000 		.4byte	0xe6
 538 026a 06       		.byte	0x6
 539 026b 0E       		.uleb128 0xe
 540 026c 51000000 		.4byte	.LASF67
 541 0270 05       		.byte	0x5
 542 0271 88       		.byte	0x88
 543 0272 A2000000 		.4byte	0xa2
 544 0276 08       		.byte	0x8
 545 0277 0E       		.uleb128 0xe
 546 0278 34040000 		.4byte	.LASF68
 547 027c 05       		.byte	0x5
 548 027d 89       		.byte	0x89
 549 027e A2000000 		.4byte	0xa2
 550 0282 0C       		.byte	0xc
 551 0283 0E       		.uleb128 0xe
 552 0284 9C010000 		.4byte	.LASF69
 553 0288 05       		.byte	0x5
 554 0289 8A       		.byte	0x8a
 555 028a A2000000 		.4byte	0xa2
 556 028e 10       		.byte	0x10
 557 028f 0E       		.uleb128 0xe
 558 0290 C5020000 		.4byte	.LASF70
 559 0294 05       		.byte	0x5
 560 0295 8B       		.byte	0x8b
 561 0296 A2000000 		.4byte	0xa2
 562 029a 14       		.byte	0x14
 563 029b 0E       		.uleb128 0xe
 564 029c 2A020000 		.4byte	.LASF71
 565 02a0 05       		.byte	0x5
 566 02a1 8C       		.byte	0x8c
 567 02a2 DB000000 		.4byte	0xdb
 568 02a6 18       		.byte	0x18
 569 02a7 0E       		.uleb128 0xe
 570 02a8 BF040000 		.4byte	.LASF72
 571 02ac 05       		.byte	0x5
 572 02ad 8D       		.byte	0x8d
 573 02ae A2000000 		.4byte	0xa2
 574 02b2 20       		.byte	0x20
 575 02b3 0E       		.uleb128 0xe
 576 02b4 DC000000 		.4byte	.LASF73
 577 02b8 05       		.byte	0x5
ARM GAS  C:\Users\agila\AppData\Local\Temp\ccrxr39e.s 			page 13


 578 02b9 90       		.byte	0x90
 579 02ba DB000000 		.4byte	0xdb
 580 02be 28       		.byte	0x28
 581 02bf 0E       		.uleb128 0xe
 582 02c0 6B040000 		.4byte	.LASF74
 583 02c4 05       		.byte	0x5
 584 02c5 91       		.byte	0x91
 585 02c6 A2000000 		.4byte	0xa2
 586 02ca 30       		.byte	0x30
 587 02cb 0E       		.uleb128 0xe
 588 02cc 90020000 		.4byte	.LASF75
 589 02d0 05       		.byte	0x5
 590 02d1 93       		.byte	0x93
 591 02d2 13020000 		.4byte	0x213
 592 02d6 34       		.byte	0x34
 593 02d7 00       		.byte	0
 594 02d8 03       		.uleb128 0x3
 595 02d9 10010000 		.4byte	.LASF76
 596 02dd 05       		.byte	0x5
 597 02de 95       		.byte	0x95
 598 02df 2F020000 		.4byte	0x22f
 599 02e3 0F       		.uleb128 0xf
 600 02e4 F0000000 		.4byte	.LASF99
 601 02e8 01       		.byte	0x1
 602 02e9 18       		.byte	0x18
 603 02ea 7E000000 		.4byte	0x7e
 604 02ee 00000000 		.4byte	.LFB64
 605 02f2 04010000 		.4byte	.LFE64-.LFB64
 606 02f6 01       		.uleb128 0x1
 607 02f7 9C       		.byte	0x9c
 608 02f8 7B050000 		.4byte	0x57b
 609 02fc 10       		.uleb128 0x10
 610 02fd 72657300 		.ascii	"res\000"
 611 0301 01       		.byte	0x1
 612 0302 1E       		.byte	0x1e
 613 0303 9A010000 		.4byte	0x19a
 614 0307 00000000 		.4byte	.LLST0
 615 030b 11       		.uleb128 0x11
 616 030c 3E040000 		.4byte	.LASF77
 617 0310 01       		.byte	0x1
 618 0311 25       		.byte	0x25
 619 0312 7B050000 		.4byte	0x57b
 620 0316 03       		.uleb128 0x3
 621 0317 91       		.byte	0x91
 622 0318 8C7F     		.sleb128 -116
 623 031a 12       		.uleb128 0x12
 624 031b BC000000 		.4byte	.LBB2
 625 031f 0E000000 		.4byte	.LBE2-.LBB2
 626 0323 64030000 		.4byte	0x364
 627 0327 11       		.uleb128 0x11
 628 0328 1E060000 		.4byte	.LASF78
 629 032c 01       		.byte	0x1
 630 032d 50       		.byte	0x50
 631 032e 8B050000 		.4byte	0x58b
 632 0332 03       		.uleb128 0x3
 633 0333 91       		.byte	0x91
 634 0334 F87E     		.sleb128 -136
ARM GAS  C:\Users\agila\AppData\Local\Temp\ccrxr39e.s 			page 14


 635 0336 13       		.uleb128 0x13
 636 0337 C4000000 		.4byte	.LVL27
 637 033b E4050000 		.4byte	0x5e4
 638 033f 53030000 		.4byte	0x353
 639 0343 14       		.uleb128 0x14
 640 0344 01       		.uleb128 0x1
 641 0345 50       		.byte	0x50
 642 0346 02       		.uleb128 0x2
 643 0347 7D       		.byte	0x7d
 644 0348 00       		.sleb128 0
 645 0349 14       		.uleb128 0x14
 646 034a 01       		.uleb128 0x1
 647 034b 51       		.byte	0x51
 648 034c 05       		.uleb128 0x5
 649 034d 03       		.byte	0x3
 650 034e 74000000 		.4byte	.LC6
 651 0352 00       		.byte	0
 652 0353 15       		.uleb128 0x15
 653 0354 CA000000 		.4byte	.LVL28
 654 0358 EF050000 		.4byte	0x5ef
 655 035c 14       		.uleb128 0x14
 656 035d 01       		.uleb128 0x1
 657 035e 50       		.byte	0x50
 658 035f 02       		.uleb128 0x2
 659 0360 7D       		.byte	0x7d
 660 0361 00       		.sleb128 0
 661 0362 00       		.byte	0
 662 0363 00       		.byte	0
 663 0364 16       		.uleb128 0x16
 664 0365 0A000000 		.4byte	.LVL1
 665 0369 FA050000 		.4byte	0x5fa
 666 036d 16       		.uleb128 0x16
 667 036e 0E000000 		.4byte	.LVL2
 668 0372 05060000 		.4byte	0x605
 669 0376 13       		.uleb128 0x13
 670 0377 14000000 		.4byte	.LVL3
 671 037b EF050000 		.4byte	0x5ef
 672 037f 8D030000 		.4byte	0x38d
 673 0383 14       		.uleb128 0x14
 674 0384 01       		.uleb128 0x1
 675 0385 50       		.byte	0x50
 676 0386 05       		.uleb128 0x5
 677 0387 03       		.byte	0x3
 678 0388 00000000 		.4byte	.LC0
 679 038c 00       		.byte	0
 680 038d 13       		.uleb128 0x13
 681 038e 1E000000 		.4byte	.LVL4
 682 0392 E4050000 		.4byte	0x5e4
 683 0396 B0030000 		.4byte	0x3b0
 684 039a 14       		.uleb128 0x14
 685 039b 01       		.uleb128 0x1
 686 039c 50       		.byte	0x50
 687 039d 03       		.uleb128 0x3
 688 039e 91       		.byte	0x91
 689 039f 8C7F     		.sleb128 -116
 690 03a1 14       		.uleb128 0x14
 691 03a2 01       		.uleb128 0x1
ARM GAS  C:\Users\agila\AppData\Local\Temp\ccrxr39e.s 			page 15


 692 03a3 51       		.byte	0x51
 693 03a4 05       		.uleb128 0x5
 694 03a5 03       		.byte	0x3
 695 03a6 18000000 		.4byte	.LC1
 696 03aa 14       		.uleb128 0x14
 697 03ab 01       		.uleb128 0x1
 698 03ac 52       		.byte	0x52
 699 03ad 01       		.uleb128 0x1
 700 03ae 48       		.byte	0x48
 701 03af 00       		.byte	0
 702 03b0 13       		.uleb128 0x13
 703 03b1 24000000 		.4byte	.LVL5
 704 03b5 EF050000 		.4byte	0x5ef
 705 03b9 C5030000 		.4byte	0x3c5
 706 03bd 14       		.uleb128 0x14
 707 03be 01       		.uleb128 0x1
 708 03bf 50       		.byte	0x50
 709 03c0 03       		.uleb128 0x3
 710 03c1 91       		.byte	0x91
 711 03c2 8C7F     		.sleb128 -116
 712 03c4 00       		.byte	0
 713 03c5 13       		.uleb128 0x13
 714 03c6 2A000000 		.4byte	.LVL6
 715 03ca 10060000 		.4byte	0x610
 716 03ce D9030000 		.4byte	0x3d9
 717 03d2 14       		.uleb128 0x14
 718 03d3 01       		.uleb128 0x1
 719 03d4 50       		.byte	0x50
 720 03d5 02       		.uleb128 0x2
 721 03d6 08       		.byte	0x8
 722 03d7 64       		.byte	0x64
 723 03d8 00       		.byte	0
 724 03d9 13       		.uleb128 0x13
 725 03da 38000000 		.4byte	.LVL7
 726 03de 1B060000 		.4byte	0x61b
 727 03e2 FB030000 		.4byte	0x3fb
 728 03e6 14       		.uleb128 0x14
 729 03e7 01       		.uleb128 0x1
 730 03e8 50       		.byte	0x50
 731 03e9 02       		.uleb128 0x2
 732 03ea 74       		.byte	0x74
 733 03eb 00       		.sleb128 0
 734 03ec 14       		.uleb128 0x14
 735 03ed 01       		.uleb128 0x1
 736 03ee 51       		.byte	0x51
 737 03ef 01       		.uleb128 0x1
 738 03f0 31       		.byte	0x31
 739 03f1 14       		.uleb128 0x14
 740 03f2 01       		.uleb128 0x1
 741 03f3 53       		.byte	0x53
 742 03f4 05       		.uleb128 0x5
 743 03f5 03       		.byte	0x3
 744 03f6 30000000 		.4byte	.LC2
 745 03fa 00       		.byte	0
 746 03fb 13       		.uleb128 0x13
 747 03fc 46000000 		.4byte	.LVL8
 748 0400 1B060000 		.4byte	0x61b
ARM GAS  C:\Users\agila\AppData\Local\Temp\ccrxr39e.s 			page 16


 749 0404 1D040000 		.4byte	0x41d
 750 0408 14       		.uleb128 0x14
 751 0409 01       		.uleb128 0x1
 752 040a 50       		.byte	0x50
 753 040b 02       		.uleb128 0x2
 754 040c 75       		.byte	0x75
 755 040d 00       		.sleb128 0
 756 040e 14       		.uleb128 0x14
 757 040f 01       		.uleb128 0x1
 758 0410 51       		.byte	0x51
 759 0411 01       		.uleb128 0x1
 760 0412 33       		.byte	0x33
 761 0413 14       		.uleb128 0x14
 762 0414 01       		.uleb128 0x1
 763 0415 53       		.byte	0x53
 764 0416 05       		.uleb128 0x5
 765 0417 03       		.byte	0x3
 766 0418 3C000000 		.4byte	.LC3
 767 041c 00       		.byte	0
 768 041d 13       		.uleb128 0x13
 769 041e 54000000 		.4byte	.LVL9
 770 0422 1B060000 		.4byte	0x61b
 771 0426 3F040000 		.4byte	0x43f
 772 042a 14       		.uleb128 0x14
 773 042b 01       		.uleb128 0x1
 774 042c 50       		.byte	0x50
 775 042d 02       		.uleb128 0x2
 776 042e 76       		.byte	0x76
 777 042f 00       		.sleb128 0
 778 0430 14       		.uleb128 0x14
 779 0431 01       		.uleb128 0x1
 780 0432 51       		.byte	0x51
 781 0433 01       		.uleb128 0x1
 782 0434 34       		.byte	0x34
 783 0435 14       		.uleb128 0x14
 784 0436 01       		.uleb128 0x1
 785 0437 53       		.byte	0x53
 786 0438 05       		.uleb128 0x5
 787 0439 03       		.byte	0x3
 788 043a 4C000000 		.4byte	.LC4
 789 043e 00       		.byte	0
 790 043f 13       		.uleb128 0x13
 791 0440 5A000000 		.4byte	.LVL10
 792 0444 26060000 		.4byte	0x626
 793 0448 53040000 		.4byte	0x453
 794 044c 14       		.uleb128 0x14
 795 044d 01       		.uleb128 0x1
 796 044e 50       		.byte	0x50
 797 044f 02       		.uleb128 0x2
 798 0450 74       		.byte	0x74
 799 0451 00       		.sleb128 0
 800 0452 00       		.byte	0
 801 0453 13       		.uleb128 0x13
 802 0454 60000000 		.4byte	.LVL11
 803 0458 26060000 		.4byte	0x626
 804 045c 67040000 		.4byte	0x467
 805 0460 14       		.uleb128 0x14
ARM GAS  C:\Users\agila\AppData\Local\Temp\ccrxr39e.s 			page 17


 806 0461 01       		.uleb128 0x1
 807 0462 50       		.byte	0x50
 808 0463 02       		.uleb128 0x2
 809 0464 75       		.byte	0x75
 810 0465 00       		.sleb128 0
 811 0466 00       		.byte	0
 812 0467 13       		.uleb128 0x13
 813 0468 66000000 		.4byte	.LVL12
 814 046c 26060000 		.4byte	0x626
 815 0470 7B040000 		.4byte	0x47b
 816 0474 14       		.uleb128 0x14
 817 0475 01       		.uleb128 0x1
 818 0476 50       		.byte	0x50
 819 0477 02       		.uleb128 0x2
 820 0478 76       		.byte	0x76
 821 0479 00       		.sleb128 0
 822 047a 00       		.byte	0
 823 047b 13       		.uleb128 0x13
 824 047c 6E000000 		.4byte	.LVL13
 825 0480 10060000 		.4byte	0x610
 826 0484 90040000 		.4byte	0x490
 827 0488 14       		.uleb128 0x14
 828 0489 01       		.uleb128 0x1
 829 048a 50       		.byte	0x50
 830 048b 03       		.uleb128 0x3
 831 048c 0A       		.byte	0xa
 832 048d E803     		.2byte	0x3e8
 833 048f 00       		.byte	0
 834 0490 13       		.uleb128 0x13
 835 0491 74000000 		.4byte	.LVL14
 836 0495 31060000 		.4byte	0x631
 837 0499 A4040000 		.4byte	0x4a4
 838 049d 14       		.uleb128 0x14
 839 049e 01       		.uleb128 0x1
 840 049f 50       		.byte	0x50
 841 04a0 02       		.uleb128 0x2
 842 04a1 74       		.byte	0x74
 843 04a2 00       		.sleb128 0
 844 04a3 00       		.byte	0
 845 04a4 13       		.uleb128 0x13
 846 04a5 7A000000 		.4byte	.LVL15
 847 04a9 10060000 		.4byte	0x610
 848 04ad B8040000 		.4byte	0x4b8
 849 04b1 14       		.uleb128 0x14
 850 04b2 01       		.uleb128 0x1
 851 04b3 50       		.byte	0x50
 852 04b4 02       		.uleb128 0x2
 853 04b5 08       		.byte	0x8
 854 04b6 64       		.byte	0x64
 855 04b7 00       		.byte	0
 856 04b8 13       		.uleb128 0x13
 857 04b9 80000000 		.4byte	.LVL16
 858 04bd 3C060000 		.4byte	0x63c
 859 04c1 CC040000 		.4byte	0x4cc
 860 04c5 14       		.uleb128 0x14
 861 04c6 01       		.uleb128 0x1
 862 04c7 50       		.byte	0x50
ARM GAS  C:\Users\agila\AppData\Local\Temp\ccrxr39e.s 			page 18


 863 04c8 02       		.uleb128 0x2
 864 04c9 74       		.byte	0x74
 865 04ca 00       		.sleb128 0
 866 04cb 00       		.byte	0
 867 04cc 13       		.uleb128 0x13
 868 04cd 88000000 		.4byte	.LVL17
 869 04d1 10060000 		.4byte	0x610
 870 04d5 E1040000 		.4byte	0x4e1
 871 04d9 14       		.uleb128 0x14
 872 04da 01       		.uleb128 0x1
 873 04db 50       		.byte	0x50
 874 04dc 03       		.uleb128 0x3
 875 04dd 0A       		.byte	0xa
 876 04de E803     		.2byte	0x3e8
 877 04e0 00       		.byte	0
 878 04e1 13       		.uleb128 0x13
 879 04e2 8E000000 		.4byte	.LVL18
 880 04e6 47060000 		.4byte	0x647
 881 04ea F5040000 		.4byte	0x4f5
 882 04ee 14       		.uleb128 0x14
 883 04ef 01       		.uleb128 0x1
 884 04f0 50       		.byte	0x50
 885 04f1 02       		.uleb128 0x2
 886 04f2 74       		.byte	0x74
 887 04f3 00       		.sleb128 0
 888 04f4 00       		.byte	0
 889 04f5 13       		.uleb128 0x13
 890 04f6 94000000 		.4byte	.LVL19
 891 04fa 47060000 		.4byte	0x647
 892 04fe 09050000 		.4byte	0x509
 893 0502 14       		.uleb128 0x14
 894 0503 01       		.uleb128 0x1
 895 0504 50       		.byte	0x50
 896 0505 02       		.uleb128 0x2
 897 0506 75       		.byte	0x75
 898 0507 00       		.sleb128 0
 899 0508 00       		.byte	0
 900 0509 13       		.uleb128 0x13
 901 050a 9C000000 		.4byte	.LVL20
 902 050e 10060000 		.4byte	0x610
 903 0512 1E050000 		.4byte	0x51e
 904 0516 14       		.uleb128 0x14
 905 0517 01       		.uleb128 0x1
 906 0518 50       		.byte	0x50
 907 0519 03       		.uleb128 0x3
 908 051a 0A       		.byte	0xa
 909 051b 8813     		.2byte	0x1388
 910 051d 00       		.byte	0
 911 051e 13       		.uleb128 0x13
 912 051f A2000000 		.4byte	.LVL21
 913 0523 47060000 		.4byte	0x647
 914 0527 32050000 		.4byte	0x532
 915 052b 14       		.uleb128 0x14
 916 052c 01       		.uleb128 0x1
 917 052d 50       		.byte	0x50
 918 052e 02       		.uleb128 0x2
 919 052f 76       		.byte	0x76
ARM GAS  C:\Users\agila\AppData\Local\Temp\ccrxr39e.s 			page 19


 920 0530 00       		.sleb128 0
 921 0531 00       		.byte	0
 922 0532 13       		.uleb128 0x13
 923 0533 A8000000 		.4byte	.LVL22
 924 0537 52060000 		.4byte	0x652
 925 053b 46050000 		.4byte	0x546
 926 053f 14       		.uleb128 0x14
 927 0540 01       		.uleb128 0x1
 928 0541 50       		.byte	0x50
 929 0542 02       		.uleb128 0x2
 930 0543 74       		.byte	0x74
 931 0544 00       		.sleb128 0
 932 0545 00       		.byte	0
 933 0546 13       		.uleb128 0x13
 934 0547 AE000000 		.4byte	.LVL23
 935 054b 52060000 		.4byte	0x652
 936 054f 5A050000 		.4byte	0x55a
 937 0553 14       		.uleb128 0x14
 938 0554 01       		.uleb128 0x1
 939 0555 50       		.byte	0x50
 940 0556 02       		.uleb128 0x2
 941 0557 75       		.byte	0x75
 942 0558 00       		.sleb128 0
 943 0559 00       		.byte	0
 944 055a 13       		.uleb128 0x13
 945 055b B4000000 		.4byte	.LVL24
 946 055f EF050000 		.4byte	0x5ef
 947 0563 71050000 		.4byte	0x571
 948 0567 14       		.uleb128 0x14
 949 0568 01       		.uleb128 0x1
 950 0569 50       		.byte	0x50
 951 056a 05       		.uleb128 0x5
 952 056b 03       		.byte	0x3
 953 056c 58000000 		.4byte	.LC5
 954 0570 00       		.byte	0
 955 0571 16       		.uleb128 0x16
 956 0572 B8000000 		.4byte	.LVL25
 957 0576 5D060000 		.4byte	0x65d
 958 057a 00       		.byte	0
 959 057b 17       		.uleb128 0x17
 960 057c BB000000 		.4byte	0xbb
 961 0580 8B050000 		.4byte	0x58b
 962 0584 18       		.uleb128 0x18
 963 0585 C9000000 		.4byte	0xc9
 964 0589 63       		.byte	0x63
 965 058a 00       		.byte	0
 966 058b 17       		.uleb128 0x17
 967 058c BB000000 		.4byte	0xbb
 968 0590 9B050000 		.4byte	0x59b
 969 0594 18       		.uleb128 0x18
 970 0595 C9000000 		.4byte	0xc9
 971 0599 13       		.byte	0x13
 972 059a 00       		.byte	0
 973 059b 19       		.uleb128 0x19
 974 059c A7050000 		.4byte	.LASF79
 975 05a0 06       		.byte	0x6
 976 05a1 1207     		.2byte	0x712
ARM GAS  C:\Users\agila\AppData\Local\Temp\ccrxr39e.s 			page 20


 977 05a3 A7050000 		.4byte	0x5a7
 978 05a7 1A       		.uleb128 0x1a
 979 05a8 97000000 		.4byte	0x97
 980 05ac 1B       		.uleb128 0x1b
 981 05ad 70000000 		.4byte	.LASF80
 982 05b1 01       		.byte	0x1
 983 05b2 12       		.byte	0x12
 984 05b3 BD050000 		.4byte	0x5bd
 985 05b7 05       		.uleb128 0x5
 986 05b8 03       		.byte	0x3
 987 05b9 00000000 		.4byte	analyzerMain
 988 05bd 1A       		.uleb128 0x1a
 989 05be D8020000 		.4byte	0x2d8
 990 05c2 1B       		.uleb128 0x1b
 991 05c3 98050000 		.4byte	.LASF81
 992 05c7 01       		.byte	0x1
 993 05c8 13       		.byte	0x13
 994 05c9 BD050000 		.4byte	0x5bd
 995 05cd 05       		.uleb128 0x5
 996 05ce 03       		.byte	0x3
 997 05cf 00000000 		.4byte	analyzerIsrLow
 998 05d3 1B       		.uleb128 0x1b
 999 05d4 5E020000 		.4byte	.LASF82
 1000 05d8 01       		.byte	0x1
 1001 05d9 14       		.byte	0x14
 1002 05da BD050000 		.4byte	0x5bd
 1003 05de 05       		.uleb128 0x5
 1004 05df 03       		.byte	0x3
 1005 05e0 00000000 		.4byte	analyzerIsrHigh
 1006 05e4 1C       		.uleb128 0x1c
 1007 05e5 DF020000 		.4byte	.LASF83
 1008 05e9 DF020000 		.4byte	.LASF83
 1009 05ed 07       		.byte	0x7
 1010 05ee E7       		.byte	0xe7
 1011 05ef 1C       		.uleb128 0x1c
 1012 05f0 A6020000 		.4byte	.LASF84
 1013 05f4 A6020000 		.4byte	.LASF84
 1014 05f8 08       		.byte	0x8
 1015 05f9 8B       		.byte	0x8b
 1016 05fa 1C       		.uleb128 0x1c
 1017 05fb 1A050000 		.4byte	.LASF85
 1018 05ff 1A050000 		.4byte	.LASF85
 1019 0603 05       		.byte	0x5
 1020 0604 B2       		.byte	0xb2
 1021 0605 1C       		.uleb128 0x1c
 1022 0606 09000000 		.4byte	.LASF86
 1023 060a 09000000 		.4byte	.LASF86
 1024 060e 08       		.byte	0x8
 1025 060f 54       		.byte	0x54
 1026 0610 1C       		.uleb128 0x1c
 1027 0611 C7050000 		.4byte	.LASF87
 1028 0615 C7050000 		.4byte	.LASF87
 1029 0619 09       		.byte	0x9
 1030 061a 76       		.byte	0x76
 1031 061b 1C       		.uleb128 0x1c
 1032 061c F3050000 		.4byte	.LASF88
 1033 0620 F3050000 		.4byte	.LASF88
ARM GAS  C:\Users\agila\AppData\Local\Temp\ccrxr39e.s 			page 21


 1034 0624 05       		.byte	0x5
 1035 0625 BE       		.byte	0xbe
 1036 0626 1C       		.uleb128 0x1c
 1037 0627 C7000000 		.4byte	.LASF89
 1038 062b C7000000 		.4byte	.LASF89
 1039 062f 05       		.byte	0x5
 1040 0630 C7       		.byte	0xc7
 1041 0631 1C       		.uleb128 0x1c
 1042 0632 3C000000 		.4byte	.LASF90
 1043 0636 3C000000 		.4byte	.LASF90
 1044 063a 05       		.byte	0x5
 1045 063b D7       		.byte	0xd7
 1046 063c 1C       		.uleb128 0x1c
 1047 063d A9040000 		.4byte	.LASF91
 1048 0641 A9040000 		.4byte	.LASF91
 1049 0645 05       		.byte	0x5
 1050 0646 DF       		.byte	0xdf
 1051 0647 1C       		.uleb128 0x1c
 1052 0648 A9010000 		.4byte	.LASF92
 1053 064c A9010000 		.4byte	.LASF92
 1054 0650 05       		.byte	0x5
 1055 0651 CF       		.byte	0xcf
 1056 0652 1C       		.uleb128 0x1c
 1057 0653 F5000000 		.4byte	.LASF93
 1058 0657 F5000000 		.4byte	.LASF93
 1059 065b 05       		.byte	0x5
 1060 065c E6       		.byte	0xe6
 1061 065d 1C       		.uleb128 0x1c
 1062 065e D5040000 		.4byte	.LASF94
 1063 0662 D5040000 		.4byte	.LASF94
 1064 0666 05       		.byte	0x5
 1065 0667 ED       		.byte	0xed
 1066 0668 00       		.byte	0
 1067              		.section	.debug_abbrev,"",%progbits
 1068              	.Ldebug_abbrev0:
 1069 0000 01       		.uleb128 0x1
 1070 0001 11       		.uleb128 0x11
 1071 0002 01       		.byte	0x1
 1072 0003 25       		.uleb128 0x25
 1073 0004 0E       		.uleb128 0xe
 1074 0005 13       		.uleb128 0x13
 1075 0006 0B       		.uleb128 0xb
 1076 0007 03       		.uleb128 0x3
 1077 0008 0E       		.uleb128 0xe
 1078 0009 1B       		.uleb128 0x1b
 1079 000a 0E       		.uleb128 0xe
 1080 000b 55       		.uleb128 0x55
 1081 000c 17       		.uleb128 0x17
 1082 000d 11       		.uleb128 0x11
 1083 000e 01       		.uleb128 0x1
 1084 000f 10       		.uleb128 0x10
 1085 0010 17       		.uleb128 0x17
 1086 0011 00       		.byte	0
 1087 0012 00       		.byte	0
 1088 0013 02       		.uleb128 0x2
 1089 0014 24       		.uleb128 0x24
 1090 0015 00       		.byte	0
ARM GAS  C:\Users\agila\AppData\Local\Temp\ccrxr39e.s 			page 22


 1091 0016 0B       		.uleb128 0xb
 1092 0017 0B       		.uleb128 0xb
 1093 0018 3E       		.uleb128 0x3e
 1094 0019 0B       		.uleb128 0xb
 1095 001a 03       		.uleb128 0x3
 1096 001b 0E       		.uleb128 0xe
 1097 001c 00       		.byte	0
 1098 001d 00       		.byte	0
 1099 001e 03       		.uleb128 0x3
 1100 001f 16       		.uleb128 0x16
 1101 0020 00       		.byte	0
 1102 0021 03       		.uleb128 0x3
 1103 0022 0E       		.uleb128 0xe
 1104 0023 3A       		.uleb128 0x3a
 1105 0024 0B       		.uleb128 0xb
 1106 0025 3B       		.uleb128 0x3b
 1107 0026 0B       		.uleb128 0xb
 1108 0027 49       		.uleb128 0x49
 1109 0028 13       		.uleb128 0x13
 1110 0029 00       		.byte	0
 1111 002a 00       		.byte	0
 1112 002b 04       		.uleb128 0x4
 1113 002c 24       		.uleb128 0x24
 1114 002d 00       		.byte	0
 1115 002e 0B       		.uleb128 0xb
 1116 002f 0B       		.uleb128 0xb
 1117 0030 3E       		.uleb128 0x3e
 1118 0031 0B       		.uleb128 0xb
 1119 0032 03       		.uleb128 0x3
 1120 0033 08       		.uleb128 0x8
 1121 0034 00       		.byte	0
 1122 0035 00       		.byte	0
 1123 0036 05       		.uleb128 0x5
 1124 0037 0F       		.uleb128 0xf
 1125 0038 00       		.byte	0
 1126 0039 0B       		.uleb128 0xb
 1127 003a 0B       		.uleb128 0xb
 1128 003b 49       		.uleb128 0x49
 1129 003c 13       		.uleb128 0x13
 1130 003d 00       		.byte	0
 1131 003e 00       		.byte	0
 1132 003f 06       		.uleb128 0x6
 1133 0040 26       		.uleb128 0x26
 1134 0041 00       		.byte	0
 1135 0042 49       		.uleb128 0x49
 1136 0043 13       		.uleb128 0x13
 1137 0044 00       		.byte	0
 1138 0045 00       		.byte	0
 1139 0046 07       		.uleb128 0x7
 1140 0047 04       		.uleb128 0x4
 1141 0048 01       		.byte	0x1
 1142 0049 0B       		.uleb128 0xb
 1143 004a 0B       		.uleb128 0xb
 1144 004b 49       		.uleb128 0x49
 1145 004c 13       		.uleb128 0x13
 1146 004d 3A       		.uleb128 0x3a
 1147 004e 0B       		.uleb128 0xb
ARM GAS  C:\Users\agila\AppData\Local\Temp\ccrxr39e.s 			page 23


 1148 004f 3B       		.uleb128 0x3b
 1149 0050 0B       		.uleb128 0xb
 1150 0051 01       		.uleb128 0x1
 1151 0052 13       		.uleb128 0x13
 1152 0053 00       		.byte	0
 1153 0054 00       		.byte	0
 1154 0055 08       		.uleb128 0x8
 1155 0056 28       		.uleb128 0x28
 1156 0057 00       		.byte	0
 1157 0058 03       		.uleb128 0x3
 1158 0059 0E       		.uleb128 0xe
 1159 005a 1C       		.uleb128 0x1c
 1160 005b 0B       		.uleb128 0xb
 1161 005c 00       		.byte	0
 1162 005d 00       		.byte	0
 1163 005e 09       		.uleb128 0x9
 1164 005f 28       		.uleb128 0x28
 1165 0060 00       		.byte	0
 1166 0061 03       		.uleb128 0x3
 1167 0062 0E       		.uleb128 0xe
 1168 0063 1C       		.uleb128 0x1c
 1169 0064 0D       		.uleb128 0xd
 1170 0065 00       		.byte	0
 1171 0066 00       		.byte	0
 1172 0067 0A       		.uleb128 0xa
 1173 0068 04       		.uleb128 0x4
 1174 0069 01       		.byte	0x1
 1175 006a 03       		.uleb128 0x3
 1176 006b 0E       		.uleb128 0xe
 1177 006c 0B       		.uleb128 0xb
 1178 006d 0B       		.uleb128 0xb
 1179 006e 49       		.uleb128 0x49
 1180 006f 13       		.uleb128 0x13
 1181 0070 3A       		.uleb128 0x3a
 1182 0071 0B       		.uleb128 0xb
 1183 0072 3B       		.uleb128 0x3b
 1184 0073 0B       		.uleb128 0xb
 1185 0074 01       		.uleb128 0x1
 1186 0075 13       		.uleb128 0x13
 1187 0076 00       		.byte	0
 1188 0077 00       		.byte	0
 1189 0078 0B       		.uleb128 0xb
 1190 0079 15       		.uleb128 0x15
 1191 007a 01       		.byte	0x1
 1192 007b 27       		.uleb128 0x27
 1193 007c 19       		.uleb128 0x19
 1194 007d 01       		.uleb128 0x1
 1195 007e 13       		.uleb128 0x13
 1196 007f 00       		.byte	0
 1197 0080 00       		.byte	0
 1198 0081 0C       		.uleb128 0xc
 1199 0082 05       		.uleb128 0x5
 1200 0083 00       		.byte	0
 1201 0084 49       		.uleb128 0x49
 1202 0085 13       		.uleb128 0x13
 1203 0086 00       		.byte	0
 1204 0087 00       		.byte	0
ARM GAS  C:\Users\agila\AppData\Local\Temp\ccrxr39e.s 			page 24


 1205 0088 0D       		.uleb128 0xd
 1206 0089 13       		.uleb128 0x13
 1207 008a 01       		.byte	0x1
 1208 008b 03       		.uleb128 0x3
 1209 008c 0E       		.uleb128 0xe
 1210 008d 0B       		.uleb128 0xb
 1211 008e 0B       		.uleb128 0xb
 1212 008f 3A       		.uleb128 0x3a
 1213 0090 0B       		.uleb128 0xb
 1214 0091 3B       		.uleb128 0x3b
 1215 0092 0B       		.uleb128 0xb
 1216 0093 01       		.uleb128 0x1
 1217 0094 13       		.uleb128 0x13
 1218 0095 00       		.byte	0
 1219 0096 00       		.byte	0
 1220 0097 0E       		.uleb128 0xe
 1221 0098 0D       		.uleb128 0xd
 1222 0099 00       		.byte	0
 1223 009a 03       		.uleb128 0x3
 1224 009b 0E       		.uleb128 0xe
 1225 009c 3A       		.uleb128 0x3a
 1226 009d 0B       		.uleb128 0xb
 1227 009e 3B       		.uleb128 0x3b
 1228 009f 0B       		.uleb128 0xb
 1229 00a0 49       		.uleb128 0x49
 1230 00a1 13       		.uleb128 0x13
 1231 00a2 38       		.uleb128 0x38
 1232 00a3 0B       		.uleb128 0xb
 1233 00a4 00       		.byte	0
 1234 00a5 00       		.byte	0
 1235 00a6 0F       		.uleb128 0xf
 1236 00a7 2E       		.uleb128 0x2e
 1237 00a8 01       		.byte	0x1
 1238 00a9 3F       		.uleb128 0x3f
 1239 00aa 19       		.uleb128 0x19
 1240 00ab 03       		.uleb128 0x3
 1241 00ac 0E       		.uleb128 0xe
 1242 00ad 3A       		.uleb128 0x3a
 1243 00ae 0B       		.uleb128 0xb
 1244 00af 3B       		.uleb128 0x3b
 1245 00b0 0B       		.uleb128 0xb
 1246 00b1 27       		.uleb128 0x27
 1247 00b2 19       		.uleb128 0x19
 1248 00b3 49       		.uleb128 0x49
 1249 00b4 13       		.uleb128 0x13
 1250 00b5 11       		.uleb128 0x11
 1251 00b6 01       		.uleb128 0x1
 1252 00b7 12       		.uleb128 0x12
 1253 00b8 06       		.uleb128 0x6
 1254 00b9 40       		.uleb128 0x40
 1255 00ba 18       		.uleb128 0x18
 1256 00bb 9742     		.uleb128 0x2117
 1257 00bd 19       		.uleb128 0x19
 1258 00be 01       		.uleb128 0x1
 1259 00bf 13       		.uleb128 0x13
 1260 00c0 00       		.byte	0
 1261 00c1 00       		.byte	0
ARM GAS  C:\Users\agila\AppData\Local\Temp\ccrxr39e.s 			page 25


 1262 00c2 10       		.uleb128 0x10
 1263 00c3 34       		.uleb128 0x34
 1264 00c4 00       		.byte	0
 1265 00c5 03       		.uleb128 0x3
 1266 00c6 08       		.uleb128 0x8
 1267 00c7 3A       		.uleb128 0x3a
 1268 00c8 0B       		.uleb128 0xb
 1269 00c9 3B       		.uleb128 0x3b
 1270 00ca 0B       		.uleb128 0xb
 1271 00cb 49       		.uleb128 0x49
 1272 00cc 13       		.uleb128 0x13
 1273 00cd 02       		.uleb128 0x2
 1274 00ce 17       		.uleb128 0x17
 1275 00cf 00       		.byte	0
 1276 00d0 00       		.byte	0
 1277 00d1 11       		.uleb128 0x11
 1278 00d2 34       		.uleb128 0x34
 1279 00d3 00       		.byte	0
 1280 00d4 03       		.uleb128 0x3
 1281 00d5 0E       		.uleb128 0xe
 1282 00d6 3A       		.uleb128 0x3a
 1283 00d7 0B       		.uleb128 0xb
 1284 00d8 3B       		.uleb128 0x3b
 1285 00d9 0B       		.uleb128 0xb
 1286 00da 49       		.uleb128 0x49
 1287 00db 13       		.uleb128 0x13
 1288 00dc 02       		.uleb128 0x2
 1289 00dd 18       		.uleb128 0x18
 1290 00de 00       		.byte	0
 1291 00df 00       		.byte	0
 1292 00e0 12       		.uleb128 0x12
 1293 00e1 0B       		.uleb128 0xb
 1294 00e2 01       		.byte	0x1
 1295 00e3 11       		.uleb128 0x11
 1296 00e4 01       		.uleb128 0x1
 1297 00e5 12       		.uleb128 0x12
 1298 00e6 06       		.uleb128 0x6
 1299 00e7 01       		.uleb128 0x1
 1300 00e8 13       		.uleb128 0x13
 1301 00e9 00       		.byte	0
 1302 00ea 00       		.byte	0
 1303 00eb 13       		.uleb128 0x13
 1304 00ec 898201   		.uleb128 0x4109
 1305 00ef 01       		.byte	0x1
 1306 00f0 11       		.uleb128 0x11
 1307 00f1 01       		.uleb128 0x1
 1308 00f2 31       		.uleb128 0x31
 1309 00f3 13       		.uleb128 0x13
 1310 00f4 01       		.uleb128 0x1
 1311 00f5 13       		.uleb128 0x13
 1312 00f6 00       		.byte	0
 1313 00f7 00       		.byte	0
 1314 00f8 14       		.uleb128 0x14
 1315 00f9 8A8201   		.uleb128 0x410a
 1316 00fc 00       		.byte	0
 1317 00fd 02       		.uleb128 0x2
 1318 00fe 18       		.uleb128 0x18
ARM GAS  C:\Users\agila\AppData\Local\Temp\ccrxr39e.s 			page 26


 1319 00ff 9142     		.uleb128 0x2111
 1320 0101 18       		.uleb128 0x18
 1321 0102 00       		.byte	0
 1322 0103 00       		.byte	0
 1323 0104 15       		.uleb128 0x15
 1324 0105 898201   		.uleb128 0x4109
 1325 0108 01       		.byte	0x1
 1326 0109 11       		.uleb128 0x11
 1327 010a 01       		.uleb128 0x1
 1328 010b 31       		.uleb128 0x31
 1329 010c 13       		.uleb128 0x13
 1330 010d 00       		.byte	0
 1331 010e 00       		.byte	0
 1332 010f 16       		.uleb128 0x16
 1333 0110 898201   		.uleb128 0x4109
 1334 0113 00       		.byte	0
 1335 0114 11       		.uleb128 0x11
 1336 0115 01       		.uleb128 0x1
 1337 0116 31       		.uleb128 0x31
 1338 0117 13       		.uleb128 0x13
 1339 0118 00       		.byte	0
 1340 0119 00       		.byte	0
 1341 011a 17       		.uleb128 0x17
 1342 011b 01       		.uleb128 0x1
 1343 011c 01       		.byte	0x1
 1344 011d 49       		.uleb128 0x49
 1345 011e 13       		.uleb128 0x13
 1346 011f 01       		.uleb128 0x1
 1347 0120 13       		.uleb128 0x13
 1348 0121 00       		.byte	0
 1349 0122 00       		.byte	0
 1350 0123 18       		.uleb128 0x18
 1351 0124 21       		.uleb128 0x21
 1352 0125 00       		.byte	0
 1353 0126 49       		.uleb128 0x49
 1354 0127 13       		.uleb128 0x13
 1355 0128 2F       		.uleb128 0x2f
 1356 0129 0B       		.uleb128 0xb
 1357 012a 00       		.byte	0
 1358 012b 00       		.byte	0
 1359 012c 19       		.uleb128 0x19
 1360 012d 34       		.uleb128 0x34
 1361 012e 00       		.byte	0
 1362 012f 03       		.uleb128 0x3
 1363 0130 0E       		.uleb128 0xe
 1364 0131 3A       		.uleb128 0x3a
 1365 0132 0B       		.uleb128 0xb
 1366 0133 3B       		.uleb128 0x3b
 1367 0134 05       		.uleb128 0x5
 1368 0135 49       		.uleb128 0x49
 1369 0136 13       		.uleb128 0x13
 1370 0137 3F       		.uleb128 0x3f
 1371 0138 19       		.uleb128 0x19
 1372 0139 3C       		.uleb128 0x3c
 1373 013a 19       		.uleb128 0x19
 1374 013b 00       		.byte	0
 1375 013c 00       		.byte	0
ARM GAS  C:\Users\agila\AppData\Local\Temp\ccrxr39e.s 			page 27


 1376 013d 1A       		.uleb128 0x1a
 1377 013e 35       		.uleb128 0x35
 1378 013f 00       		.byte	0
 1379 0140 49       		.uleb128 0x49
 1380 0141 13       		.uleb128 0x13
 1381 0142 00       		.byte	0
 1382 0143 00       		.byte	0
 1383 0144 1B       		.uleb128 0x1b
 1384 0145 34       		.uleb128 0x34
 1385 0146 00       		.byte	0
 1386 0147 03       		.uleb128 0x3
 1387 0148 0E       		.uleb128 0xe
 1388 0149 3A       		.uleb128 0x3a
 1389 014a 0B       		.uleb128 0xb
 1390 014b 3B       		.uleb128 0x3b
 1391 014c 0B       		.uleb128 0xb
 1392 014d 49       		.uleb128 0x49
 1393 014e 13       		.uleb128 0x13
 1394 014f 3F       		.uleb128 0x3f
 1395 0150 19       		.uleb128 0x19
 1396 0151 02       		.uleb128 0x2
 1397 0152 18       		.uleb128 0x18
 1398 0153 00       		.byte	0
 1399 0154 00       		.byte	0
 1400 0155 1C       		.uleb128 0x1c
 1401 0156 2E       		.uleb128 0x2e
 1402 0157 00       		.byte	0
 1403 0158 3F       		.uleb128 0x3f
 1404 0159 19       		.uleb128 0x19
 1405 015a 3C       		.uleb128 0x3c
 1406 015b 19       		.uleb128 0x19
 1407 015c 6E       		.uleb128 0x6e
 1408 015d 0E       		.uleb128 0xe
 1409 015e 03       		.uleb128 0x3
 1410 015f 0E       		.uleb128 0xe
 1411 0160 3A       		.uleb128 0x3a
 1412 0161 0B       		.uleb128 0xb
 1413 0162 3B       		.uleb128 0x3b
 1414 0163 0B       		.uleb128 0xb
 1415 0164 00       		.byte	0
 1416 0165 00       		.byte	0
 1417 0166 00       		.byte	0
 1418              		.section	.debug_loc,"",%progbits
 1419              	.Ldebug_loc0:
 1420              	.LLST0:
 1421 0000 06000000 		.4byte	.LVL0
 1422 0004 0A000000 		.4byte	.LVL1
 1423 0008 0200     		.2byte	0x2
 1424 000a 30       		.byte	0x30
 1425 000b 9F       		.byte	0x9f
 1426 000c B8000000 		.4byte	.LVL25
 1427 0010 C0000000 		.4byte	.LVL26
 1428 0014 0100     		.2byte	0x1
 1429 0016 50       		.byte	0x50
 1430 0017 00000000 		.4byte	0
 1431 001b 00000000 		.4byte	0
 1432              		.section	.debug_aranges,"",%progbits
ARM GAS  C:\Users\agila\AppData\Local\Temp\ccrxr39e.s 			page 28


 1433 0000 1C000000 		.4byte	0x1c
 1434 0004 0200     		.2byte	0x2
 1435 0006 00000000 		.4byte	.Ldebug_info0
 1436 000a 04       		.byte	0x4
 1437 000b 00       		.byte	0
 1438 000c 0000     		.2byte	0
 1439 000e 0000     		.2byte	0
 1440 0010 00000000 		.4byte	.LFB64
 1441 0014 04010000 		.4byte	.LFE64-.LFB64
 1442 0018 00000000 		.4byte	0
 1443 001c 00000000 		.4byte	0
 1444              		.section	.debug_ranges,"",%progbits
 1445              	.Ldebug_ranges0:
 1446 0000 00000000 		.4byte	.LFB64
 1447 0004 04010000 		.4byte	.LFE64
 1448 0008 00000000 		.4byte	0
 1449 000c 00000000 		.4byte	0
 1450              		.section	.debug_line,"",%progbits
 1451              	.Ldebug_line0:
 1452 0000 38020000 		.section	.debug_str,"MS",%progbits,1
 1452      0200FF01 
 1452      00000201 
 1452      FB0E0D00 
 1452      01010101 
 1453              	.LASF14:
 1454 0000 75696E74 		.ascii	"uint32_t\000"
 1454      33325F74 
 1454      00
 1455              	.LASF86:
 1456 0009 55415254 		.ascii	"UART_LOG_Start\000"
 1456      5F4C4F47 
 1456      5F537461 
 1456      727400
 1457              	.LASF15:
 1458 0018 666C6F61 		.ascii	"float\000"
 1458      7400
 1459              	.LASF36:
 1460 001e 52435F45 		.ascii	"RC_ERROR_READ_ONLY\000"
 1460      52524F52 
 1460      5F524541 
 1460      445F4F4E 
 1460      4C5900
 1461              	.LASF22:
 1462 0031 52435F53 		.ascii	"RC_SUCCESS\000"
 1462      55434345 
 1462      535300
 1463              	.LASF90:
 1464 003c 54696D69 		.ascii	"TimingAnalyzer_pause\000"
 1464      6E67416E 
 1464      616C797A 
 1464      65725F70 
 1464      61757365 
 1465              	.LASF67:
 1466 0051 73746172 		.ascii	"start_tick\000"
 1466      745F7469 
 1466      636B00
 1467              	.LASF37:
ARM GAS  C:\Users\agila\AppData\Local\Temp\ccrxr39e.s 			page 29


 1468 005c 52435F45 		.ascii	"RC_ERROR_WRITE_ONLY\000"
 1468      52524F52 
 1468      5F575249 
 1468      54455F4F 
 1468      4E4C5900 
 1469              	.LASF80:
 1470 0070 616E616C 		.ascii	"analyzerMain\000"
 1470      797A6572 
 1470      4D61696E 
 1470      00
 1471              	.LASF2:
 1472 007d 73686F72 		.ascii	"short int\000"
 1472      7420696E 
 1472      7400
 1473              	.LASF28:
 1474 0087 52435F45 		.ascii	"RC_ERROR_OVERRUN\000"
 1474      52524F52 
 1474      5F4F5645 
 1474      5252554E 
 1474      00
 1475              	.LASF40:
 1476 0098 52435F45 		.ascii	"RC_ERROR_WRITE_FAILS\000"
 1476      52524F52 
 1476      5F575249 
 1476      54455F46 
 1476      41494C53 
 1477              	.LASF19:
 1478 00ad 73697A65 		.ascii	"sizetype\000"
 1478      74797065 
 1478      00
 1479              	.LASF52:
 1480 00b6 4D4F4445 		.ascii	"MODE_SYSTICK_PIN\000"
 1480      5F535953 
 1480      5449434B 
 1480      5F50494E 
 1480      00
 1481              	.LASF89:
 1482 00c7 54696D69 		.ascii	"TimingAnalyzer_start\000"
 1482      6E67416E 
 1482      616C797A 
 1482      65725F73 
 1482      74617274 
 1483              	.LASF73:
 1484 00dc 61636375 		.ascii	"accumulated_time_ms\000"
 1484      6D756C61 
 1484      7465645F 
 1484      74696D65 
 1484      5F6D7300 
 1485              	.LASF99:
 1486 00f0 6D61696E 		.ascii	"main\000"
 1486      00
 1487              	.LASF93:
 1488 00f5 54696D69 		.ascii	"TimingAnalyzer_printStatus\000"
 1488      6E67416E 
 1488      616C797A 
 1488      65725F70 
 1488      72696E74 
ARM GAS  C:\Users\agila\AppData\Local\Temp\ccrxr39e.s 			page 30


 1489              	.LASF76:
 1490 0110 54696D69 		.ascii	"TimingAnalyzer_t\000"
 1490      6E67416E 
 1490      616C797A 
 1490      65725F74 
 1490      00
 1491              	.LASF25:
 1492 0121 52435F45 		.ascii	"RC_ERROR_ZERO\000"
 1492      52524F52 
 1492      5F5A4552 
 1492      4F00
 1493              	.LASF32:
 1494 012f 52435F45 		.ascii	"RC_ERROR_BUSY\000"
 1494      52524F52 
 1494      5F425553 
 1494      5900
 1495              	.LASF7:
 1496 013d 5F5F7569 		.ascii	"__uint32_t\000"
 1496      6E743332 
 1496      5F7400
 1497              	.LASF64:
 1498 0148 6D6F6465 		.ascii	"mode\000"
 1498      00
 1499              	.LASF66:
 1500 014d 61637469 		.ascii	"active\000"
 1500      766500
 1501              	.LASF12:
 1502 0154 75696E74 		.ascii	"uint8_t\000"
 1502      385F7400 
 1503              	.LASF45:
 1504 015c 52435F45 		.ascii	"RC_ERROR_INVALID_STATE\000"
 1504      52524F52 
 1504      5F494E56 
 1504      414C4944 
 1504      5F535441 
 1505              	.LASF51:
 1506 0173 4D4F4445 		.ascii	"MODE_SYSTICK\000"
 1506      5F535953 
 1506      5449434B 
 1506      00
 1507              	.LASF27:
 1508 0180 52435F45 		.ascii	"RC_ERROR_RANGE\000"
 1508      52524F52 
 1508      5F52414E 
 1508      474500
 1509              	.LASF59:
 1510 018f 53544154 		.ascii	"STATE_PAUSED\000"
 1510      455F5041 
 1510      55534544 
 1510      00
 1511              	.LASF69:
 1512 019c 73746172 		.ascii	"start_cycles\000"
 1512      745F6379 
 1512      636C6573 
 1512      00
 1513              	.LASF92:
 1514 01a9 54696D69 		.ascii	"TimingAnalyzer_stop\000"
ARM GAS  C:\Users\agila\AppData\Local\Temp\ccrxr39e.s 			page 31


 1514      6E67416E 
 1514      616C797A 
 1514      65725F73 
 1514      746F7000 
 1515              	.LASF47:
 1516 01bd 52435F45 		.ascii	"RC_ERROR_NOT_IMPLEMENTED\000"
 1516      52524F52 
 1516      5F4E4F54 
 1516      5F494D50 
 1516      4C454D45 
 1517              	.LASF9:
 1518 01d6 6C6F6E67 		.ascii	"long long int\000"
 1518      206C6F6E 
 1518      6720696E 
 1518      7400
 1519              	.LASF56:
 1520 01e4 65537461 		.ascii	"eState\000"
 1520      746500
 1521              	.LASF41:
 1522 01eb 52435F45 		.ascii	"RC_ERROR_NOT_MATCH\000"
 1522      52524F52 
 1522      5F4E4F54 
 1522      5F4D4154 
 1522      434800
 1523              	.LASF46:
 1524 01fe 52435F45 		.ascii	"RC_ERROR_UNKNOWN\000"
 1524      52524F52 
 1524      5F554E4B 
 1524      4E4F574E 
 1524      00
 1525              	.LASF6:
 1526 020f 6C6F6E67 		.ascii	"long int\000"
 1526      20696E74 
 1526      00
 1527              	.LASF29:
 1528 0218 52435F45 		.ascii	"RC_ERROR_UNDERRUN\000"
 1528      52524F52 
 1528      5F554E44 
 1528      45525255 
 1528      4E00
 1529              	.LASF71:
 1530 022a 656C6170 		.ascii	"elapsed_time_ms\000"
 1530      7365645F 
 1530      74696D65 
 1530      5F6D7300 
 1531              	.LASF53:
 1532 023a 4D4F4445 		.ascii	"MODE_PIN\000"
 1532      5F50494E 
 1532      00
 1533              	.LASF4:
 1534 0243 5F5F7569 		.ascii	"__uint8_t\000"
 1534      6E74385F 
 1534      7400
 1535              	.LASF38:
 1536 024d 52435F45 		.ascii	"RC_ERROR_INVALID\000"
 1536      52524F52 
 1536      5F494E56 
ARM GAS  C:\Users\agila\AppData\Local\Temp\ccrxr39e.s 			page 32


 1536      414C4944 
 1536      00
 1537              	.LASF82:
 1538 025e 616E616C 		.ascii	"analyzerIsrHigh\000"
 1538      797A6572 
 1538      49737248 
 1538      69676800 
 1539              	.LASF43:
 1540 026e 52435F45 		.ascii	"RC_ERROR_BAD_DATA\000"
 1540      52524F52 
 1540      5F424144 
 1540      5F444154 
 1540      4100
 1541              	.LASF21:
 1542 0280 626F6F6C 		.ascii	"boolean_t\000"
 1542      65616E5F 
 1542      7400
 1543              	.LASF65:
 1544 028a 73746174 		.ascii	"state\000"
 1544      6500
 1545              	.LASF75:
 1546 0290 70696E5F 		.ascii	"pin_control_func\000"
 1546      636F6E74 
 1546      726F6C5F 
 1546      66756E63 
 1546      00
 1547              	.LASF63:
 1548 02a1 6E616D65 		.ascii	"name\000"
 1548      00
 1549              	.LASF84:
 1550 02a6 55415254 		.ascii	"UART_LOG_PutString\000"
 1550      5F4C4F47 
 1550      5F507574 
 1550      53747269 
 1550      6E6700
 1551              	.LASF18:
 1552 02b9 6C6F6E67 		.ascii	"long double\000"
 1552      20646F75 
 1552      626C6500 
 1553              	.LASF70:
 1554 02c5 73746F70 		.ascii	"stop_cycles\000"
 1554      5F637963 
 1554      6C657300 
 1555              	.LASF1:
 1556 02d1 756E7369 		.ascii	"unsigned char\000"
 1556      676E6564 
 1556      20636861 
 1556      7200
 1557              	.LASF83:
 1558 02df 73707269 		.ascii	"sprintf\000"
 1558      6E746600 
 1559              	.LASF0:
 1560 02e7 7369676E 		.ascii	"signed char\000"
 1560      65642063 
 1560      68617200 
 1561              	.LASF13:
 1562 02f3 696E7433 		.ascii	"int32_t\000"
ARM GAS  C:\Users\agila\AppData\Local\Temp\ccrxr39e.s 			page 33


 1562      325F7400 
 1563              	.LASF10:
 1564 02fb 6C6F6E67 		.ascii	"long long unsigned int\000"
 1564      206C6F6E 
 1564      6720756E 
 1564      7369676E 
 1564      65642069 
 1565              	.LASF49:
 1566 0312 4D4F4445 		.ascii	"MODE_DWT\000"
 1566      5F445754 
 1566      00
 1567              	.LASF11:
 1568 031b 756E7369 		.ascii	"unsigned int\000"
 1568      676E6564 
 1568      20696E74 
 1568      00
 1569              	.LASF34:
 1570 0328 52435F45 		.ascii	"RC_ERROR_OPEN\000"
 1570      52524F52 
 1570      5F4F5045 
 1570      4E00
 1571              	.LASF62:
 1572 0336 50696E46 		.ascii	"PinFunc_t\000"
 1572      756E635F 
 1572      7400
 1573              	.LASF8:
 1574 0340 6C6F6E67 		.ascii	"long unsigned int\000"
 1574      20756E73 
 1574      69676E65 
 1574      6420696E 
 1574      7400
 1575              	.LASF24:
 1576 0352 52435F45 		.ascii	"RC_ERROR_NULL\000"
 1576      52524F52 
 1576      5F4E554C 
 1576      4C00
 1577              	.LASF31:
 1578 0360 52435F45 		.ascii	"RC_ERROR_BUFFER_EMTPY\000"
 1578      52524F52 
 1578      5F425546 
 1578      4645525F 
 1578      454D5450 
 1579              	.LASF60:
 1580 0376 53544154 		.ascii	"STATE_STOPPED\000"
 1580      455F5354 
 1580      4F505045 
 1580      4400
 1581              	.LASF3:
 1582 0384 73686F72 		.ascii	"short unsigned int\000"
 1582      7420756E 
 1582      7369676E 
 1582      65642069 
 1582      6E7400
 1583              	.LASF95:
 1584 0397 474E5520 		.ascii	"GNU C11 5.4.1 20160609 (release) [ARM/embedded-5-br"
 1584      43313120 
 1584      352E342E 
ARM GAS  C:\Users\agila\AppData\Local\Temp\ccrxr39e.s 			page 34


 1584      31203230 
 1584      31363036 
 1585 03ca 616E6368 		.ascii	"anch revision 237715] -mcpu=cortex-m3 -mthumb -g -O"
 1585      20726576 
 1585      6973696F 
 1585      6E203233 
 1585      37373135 
 1586 03fd 67202D66 		.ascii	"g -ffunction-sections -ffat-lto-objects\000"
 1586      66756E63 
 1586      74696F6E 
 1586      2D736563 
 1586      74696F6E 
 1587              	.LASF98:
 1588 0425 73416E61 		.ascii	"sAnalyzer\000"
 1588      6C797A65 
 1588      7200
 1589              	.LASF17:
 1590 042f 63686172 		.ascii	"char\000"
 1590      00
 1591              	.LASF68:
 1592 0434 73746F70 		.ascii	"stop_tick\000"
 1592      5F746963 
 1592      6B00
 1593              	.LASF77:
 1594 043e 7374724D 		.ascii	"strMessage\000"
 1594      65737361 
 1594      676500
 1595              	.LASF30:
 1596 0449 52435F45 		.ascii	"RC_ERROR_BUFFER_FULL\000"
 1596      52524F52 
 1596      5F425546 
 1596      4645525F 
 1596      46554C4C 
 1597              	.LASF50:
 1598 045e 4D4F4445 		.ascii	"MODE_DWT_PIN\000"
 1598      5F445754 
 1598      5F50494E 
 1598      00
 1599              	.LASF74:
 1600 046b 61636375 		.ascii	"accumulated_cycles\000"
 1600      6D756C61 
 1600      7465645F 
 1600      6379636C 
 1600      657300
 1601              	.LASF55:
 1602 047e 654D6F64 		.ascii	"eMode\000"
 1602      6500
 1603              	.LASF42:
 1604 0484 52435F45 		.ascii	"RC_ERROR_BAD_PARAM\000"
 1604      52524F52 
 1604      5F424144 
 1604      5F504152 
 1604      414D00
 1605              	.LASF96:
 1606 0497 736F7572 		.ascii	"source\\asw\\main.c\000"
 1606      63655C61 
 1606      73775C6D 
ARM GAS  C:\Users\agila\AppData\Local\Temp\ccrxr39e.s 			page 35


 1606      61696E2E 
 1606      6300
 1607              	.LASF91:
 1608 04a9 54696D69 		.ascii	"TimingAnalyzer_resume\000"
 1608      6E67416E 
 1608      616C797A 
 1608      65725F72 
 1608      6573756D 
 1609              	.LASF72:
 1610 04bf 656C6170 		.ascii	"elapsed_cycles\000"
 1610      7365645F 
 1610      6379636C 
 1610      657300
 1611              	.LASF16:
 1612 04ce 646F7562 		.ascii	"double\000"
 1612      6C6500
 1613              	.LASF94:
 1614 04d5 54696D69 		.ascii	"TimingAnalyzer_printAll\000"
 1614      6E67416E 
 1614      616C797A 
 1614      65725F70 
 1614      72696E74 
 1615              	.LASF35:
 1616 04ed 52435F45 		.ascii	"RC_ERROR_CHECKSUM\000"
 1616      52524F52 
 1616      5F434845 
 1616      434B5355 
 1616      4D00
 1617              	.LASF57:
 1618 04ff 53544154 		.ascii	"STATE_CONFIGURED\000"
 1618      455F434F 
 1618      4E464947 
 1618      55524544 
 1618      00
 1619              	.LASF5:
 1620 0510 5F5F696E 		.ascii	"__int32_t\000"
 1620      7433325F 
 1620      7400
 1621              	.LASF85:
 1622 051a 54696D69 		.ascii	"TimingAnalyzer_initialize\000"
 1622      6E67416E 
 1622      616C797A 
 1622      65725F69 
 1622      6E697469 
 1623              	.LASF54:
 1624 0534 416E616C 		.ascii	"AnalyzerMode_t\000"
 1624      797A6572 
 1624      4D6F6465 
 1624      5F7400
 1625              	.LASF97:
 1626 0543 443A5C57 		.ascii	"D:\\WS25\\AMAEOS\\Lab\\Workspace01\\Timing Analyzer"
 1626      5332355C 
 1626      414D4145 
 1626      4F535C4C 
 1626      61625C57 
 1627 0571 2E637964 		.ascii	".cydsn\000"
 1627      736E00
ARM GAS  C:\Users\agila\AppData\Local\Temp\ccrxr39e.s 			page 36


 1628              	.LASF44:
 1629 0578 52435F45 		.ascii	"RC_ERROR_CANCELED\000"
 1629      52524F52 
 1629      5F43414E 
 1629      43454C45 
 1629      4400
 1630              	.LASF58:
 1631 058a 53544154 		.ascii	"STATE_RUNNING\000"
 1631      455F5255 
 1631      4E4E494E 
 1631      4700
 1632              	.LASF81:
 1633 0598 616E616C 		.ascii	"analyzerIsrLow\000"
 1633      797A6572 
 1633      4973724C 
 1633      6F7700
 1634              	.LASF79:
 1635 05a7 49544D5F 		.ascii	"ITM_RxBuffer\000"
 1635      52784275 
 1635      66666572 
 1635      00
 1636              	.LASF23:
 1637 05b4 52435F45 		.ascii	"RC_ERROR\000"
 1637      52524F52 
 1637      00
 1638              	.LASF20:
 1639 05bd 666C6F61 		.ascii	"float64_t\000"
 1639      7436345F 
 1639      7400
 1640              	.LASF87:
 1641 05c7 43794465 		.ascii	"CyDelay\000"
 1641      6C617900 
 1642              	.LASF26:
 1643 05cf 52435F45 		.ascii	"RC_ERROR_MEMORY\000"
 1643      52524F52 
 1643      5F4D454D 
 1643      4F525900 
 1644              	.LASF39:
 1645 05df 52435F45 		.ascii	"RC_ERROR_READ_FAILS\000"
 1645      52524F52 
 1645      5F524541 
 1645      445F4641 
 1645      494C5300 
 1646              	.LASF88:
 1647 05f3 54696D69 		.ascii	"TimingAnalyzer_create\000"
 1647      6E67416E 
 1647      616C797A 
 1647      65725F63 
 1647      72656174 
 1648              	.LASF61:
 1649 0609 416E616C 		.ascii	"AnalyzerState_t\000"
 1649      797A6572 
 1649      53746174 
 1649      655F7400 
 1650              	.LASF48:
 1651 0619 52435F74 		.ascii	"RC_t\000"
 1651      00
ARM GAS  C:\Users\agila\AppData\Local\Temp\ccrxr39e.s 			page 37


 1652              	.LASF78:
 1653 061e 73747245 		.ascii	"strError\000"
 1653      72726F72 
 1653      00
 1654              	.LASF33:
 1655 0627 52435F45 		.ascii	"RC_ERROR_TIME_OUT\000"
 1655      52524F52 
 1655      5F54494D 
 1655      455F4F55 
 1655      5400
 1656              		.ident	"GCC: (GNU Tools for ARM Embedded Processors) 5.4.1 20160609 (release) [ARM/embedded-5-bran
