ARM GAS  C:\Users\agila\AppData\Local\Temp\ccT1eUjd.s 			page 1


   1              		.syntax unified
   2              		.cpu cortex-m3
   3              		.fpu softvfp
   4              		.eabi_attribute 20, 1
   5              		.eabi_attribute 21, 1
   6              		.eabi_attribute 23, 3
   7              		.eabi_attribute 24, 1
   8              		.eabi_attribute 25, 1
   9              		.eabi_attribute 26, 1
  10              		.eabi_attribute 30, 1
  11              		.eabi_attribute 34, 1
  12              		.eabi_attribute 18, 4
  13              		.thumb
  14              		.syntax unified
  15              		.file	"Pins.c"
  16              		.text
  17              	.Ltext0:
  18              		.cfi_sections	.debug_frame
  19              		.section	.text.Pins_Init,"ax",%progbits
  20              		.align	2
  21              		.global	Pins_Init
  22              		.thumb
  23              		.thumb_func
  24              		.type	Pins_Init, %function
  25              	Pins_Init:
  26              	.LFB63:
  27              		.file 1 "source\\bsw\\Pins.c"
   1:source\bsw/Pins.c **** /* ========================================
   2:source\bsw/Pins.c ****  *
   3:source\bsw/Pins.c ****  * Copyright YOUR COMPANY, THE YEAR
   4:source\bsw/Pins.c ****  * All Rights Reserved
   5:source\bsw/Pins.c ****  * UNPUBLISHED, LICENSED SOFTWARE.
   6:source\bsw/Pins.c ****  *
   7:source\bsw/Pins.c ****  * CONFIDENTIAL AND PROPRIETARY INFORMATION
   8:source\bsw/Pins.c ****  * WHICH IS THE PROPERTY OF your company.
   9:source\bsw/Pins.c ****  *
  10:source\bsw/Pins.c ****  * ========================================
  11:source\bsw/Pins.c **** */
  12:source\bsw/Pins.c **** 
  13:source\bsw/Pins.c **** #include "Pins.h"
  14:source\bsw/Pins.c **** 
  15:source\bsw/Pins.c **** /* Initialize pins */
  16:source\bsw/Pins.c **** void Pins_Init(void)
  17:source\bsw/Pins.c **** {
  28              		.loc 1 17 0
  29              		.cfi_startproc
  30              		@ args = 0, pretend = 0, frame = 0
  31              		@ frame_needed = 0, uses_anonymous_args = 0
  32 0000 08B5     		push	{r3, lr}
  33              		.cfi_def_cfa_offset 8
  34              		.cfi_offset 3, -8
  35              		.cfi_offset 14, -4
  18:source\bsw/Pins.c ****     /* Set each pin to low */
  19:source\bsw/Pins.c ****     RED_LED_Write(0U);
  36              		.loc 1 19 0
  37 0002 0020     		movs	r0, #0
  38 0004 FFF7FEFF 		bl	RED_LED_Write
ARM GAS  C:\Users\agila\AppData\Local\Temp\ccT1eUjd.s 			page 2


  39              	.LVL0:
  20:source\bsw/Pins.c ****     YELLOW_LED_Write(0U);
  40              		.loc 1 20 0
  41 0008 0020     		movs	r0, #0
  42 000a FFF7FEFF 		bl	YELLOW_LED_Write
  43              	.LVL1:
  21:source\bsw/Pins.c ****     GREEN_LED_Write(0U);
  44              		.loc 1 21 0
  45 000e 0020     		movs	r0, #0
  46 0010 FFF7FEFF 		bl	GREEN_LED_Write
  47              	.LVL2:
  48 0014 08BD     		pop	{r3, pc}
  49              		.cfi_endproc
  50              	.LFE63:
  51              		.size	Pins_Init, .-Pins_Init
  52 0016 00BF     		.section	.text.Pin_1_Control,"ax",%progbits
  53              		.align	2
  54              		.global	Pin_1_Control
  55              		.thumb
  56              		.thumb_func
  57              		.type	Pin_1_Control, %function
  58              	Pin_1_Control:
  59              	.LFB64:
  22:source\bsw/Pins.c **** }
  23:source\bsw/Pins.c **** 
  24:source\bsw/Pins.c **** /* Wrappers for RED LED */
  25:source\bsw/Pins.c **** void Pin_1_Control(uint8_t state)
  26:source\bsw/Pins.c **** {
  60              		.loc 1 26 0
  61              		.cfi_startproc
  62              		@ args = 0, pretend = 0, frame = 0
  63              		@ frame_needed = 0, uses_anonymous_args = 0
  64              	.LVL3:
  65 0000 08B5     		push	{r3, lr}
  66              		.cfi_def_cfa_offset 8
  67              		.cfi_offset 3, -8
  68              		.cfi_offset 14, -4
  27:source\bsw/Pins.c ****     RED_LED_Write(state);
  69              		.loc 1 27 0
  70 0002 FFF7FEFF 		bl	RED_LED_Write
  71              	.LVL4:
  72 0006 08BD     		pop	{r3, pc}
  73              		.cfi_endproc
  74              	.LFE64:
  75              		.size	Pin_1_Control, .-Pin_1_Control
  76              		.section	.text.Pin_2_Control,"ax",%progbits
  77              		.align	2
  78              		.global	Pin_2_Control
  79              		.thumb
  80              		.thumb_func
  81              		.type	Pin_2_Control, %function
  82              	Pin_2_Control:
  83              	.LFB65:
  28:source\bsw/Pins.c **** }
  29:source\bsw/Pins.c **** 
  30:source\bsw/Pins.c **** /* Wrappers for YELLOW LED */
  31:source\bsw/Pins.c **** void Pin_2_Control(uint8_t state)
ARM GAS  C:\Users\agila\AppData\Local\Temp\ccT1eUjd.s 			page 3


  32:source\bsw/Pins.c **** {
  84              		.loc 1 32 0
  85              		.cfi_startproc
  86              		@ args = 0, pretend = 0, frame = 0
  87              		@ frame_needed = 0, uses_anonymous_args = 0
  88              	.LVL5:
  89 0000 08B5     		push	{r3, lr}
  90              		.cfi_def_cfa_offset 8
  91              		.cfi_offset 3, -8
  92              		.cfi_offset 14, -4
  33:source\bsw/Pins.c ****     YELLOW_LED_Write(state);
  93              		.loc 1 33 0
  94 0002 FFF7FEFF 		bl	YELLOW_LED_Write
  95              	.LVL6:
  96 0006 08BD     		pop	{r3, pc}
  97              		.cfi_endproc
  98              	.LFE65:
  99              		.size	Pin_2_Control, .-Pin_2_Control
 100              		.section	.text.Pin_3_Control,"ax",%progbits
 101              		.align	2
 102              		.global	Pin_3_Control
 103              		.thumb
 104              		.thumb_func
 105              		.type	Pin_3_Control, %function
 106              	Pin_3_Control:
 107              	.LFB66:
  34:source\bsw/Pins.c **** }
  35:source\bsw/Pins.c **** 
  36:source\bsw/Pins.c **** /* Wrappers for GREEN LED */
  37:source\bsw/Pins.c **** void Pin_3_Control(uint8_t state)
  38:source\bsw/Pins.c **** {
 108              		.loc 1 38 0
 109              		.cfi_startproc
 110              		@ args = 0, pretend = 0, frame = 0
 111              		@ frame_needed = 0, uses_anonymous_args = 0
 112              	.LVL7:
 113 0000 08B5     		push	{r3, lr}
 114              		.cfi_def_cfa_offset 8
 115              		.cfi_offset 3, -8
 116              		.cfi_offset 14, -4
  39:source\bsw/Pins.c ****     GREEN_LED_Write(state);
 117              		.loc 1 39 0
 118 0002 FFF7FEFF 		bl	GREEN_LED_Write
 119              	.LVL8:
 120 0006 08BD     		pop	{r3, pc}
 121              		.cfi_endproc
 122              	.LFE66:
 123              		.size	Pin_3_Control, .-Pin_3_Control
 124              		.text
 125              	.Letext0:
 126              		.file 2 "c:\\h_da softwares & projects\\psoc creator\\4.4\\psoc creator\\import\\gnu\\arm\\5.4.1\\
 127              		.file 3 "c:\\h_da softwares & projects\\psoc creator\\4.4\\psoc creator\\import\\gnu\\arm\\5.4.1\\
 128              		.file 4 "Generated_Source\\PSoC5/RED_LED.h"
 129              		.file 5 "Generated_Source\\PSoC5/YELLOW_LED.h"
 130              		.file 6 "Generated_Source\\PSoC5/GREEN_LED.h"
 131              		.file 7 "Generated_Source\\PSoC5/core_cm3.h"
 132              		.section	.debug_info,"",%progbits
ARM GAS  C:\Users\agila\AppData\Local\Temp\ccT1eUjd.s 			page 4


 133              	.Ldebug_info0:
 134 0000 BE010000 		.4byte	0x1be
 135 0004 0400     		.2byte	0x4
 136 0006 00000000 		.4byte	.Ldebug_abbrev0
 137 000a 04       		.byte	0x4
 138 000b 01       		.uleb128 0x1
 139 000c 4F000000 		.4byte	.LASF26
 140 0010 0C       		.byte	0xc
 141 0011 34010000 		.4byte	.LASF27
 142 0015 46010000 		.4byte	.LASF28
 143 0019 00000000 		.4byte	.Ldebug_ranges0+0
 144 001d 00000000 		.4byte	0
 145 0021 00000000 		.4byte	.Ldebug_line0
 146 0025 02       		.uleb128 0x2
 147 0026 01       		.byte	0x1
 148 0027 06       		.byte	0x6
 149 0028 0E020000 		.4byte	.LASF0
 150 002c 03       		.uleb128 0x3
 151 002d 00000000 		.4byte	.LASF4
 152 0031 02       		.byte	0x2
 153 0032 1D       		.byte	0x1d
 154 0033 37000000 		.4byte	0x37
 155 0037 02       		.uleb128 0x2
 156 0038 01       		.byte	0x1
 157 0039 08       		.byte	0x8
 158 003a 41000000 		.4byte	.LASF1
 159 003e 02       		.uleb128 0x2
 160 003f 02       		.byte	0x2
 161 0040 05       		.byte	0x5
 162 0041 EA010000 		.4byte	.LASF2
 163 0045 02       		.uleb128 0x2
 164 0046 02       		.byte	0x2
 165 0047 07       		.byte	0x7
 166 0048 FF000000 		.4byte	.LASF3
 167 004c 03       		.uleb128 0x3
 168 004d 14000000 		.4byte	.LASF5
 169 0051 02       		.byte	0x2
 170 0052 3F       		.byte	0x3f
 171 0053 57000000 		.4byte	0x57
 172 0057 02       		.uleb128 0x2
 173 0058 04       		.byte	0x4
 174 0059 05       		.byte	0x5
 175 005a 1E000000 		.4byte	.LASF6
 176 005e 02       		.uleb128 0x2
 177 005f 04       		.byte	0x4
 178 0060 07       		.byte	0x7
 179 0061 ED000000 		.4byte	.LASF7
 180 0065 02       		.uleb128 0x2
 181 0066 08       		.byte	0x8
 182 0067 05       		.byte	0x5
 183 0068 B8010000 		.4byte	.LASF8
 184 006c 02       		.uleb128 0x2
 185 006d 08       		.byte	0x8
 186 006e 07       		.byte	0x7
 187 006f 88010000 		.4byte	.LASF9
 188 0073 04       		.uleb128 0x4
 189 0074 04       		.byte	0x4
ARM GAS  C:\Users\agila\AppData\Local\Temp\ccT1eUjd.s 			page 5


 190 0075 05       		.byte	0x5
 191 0076 696E7400 		.ascii	"int\000"
 192 007a 02       		.uleb128 0x2
 193 007b 04       		.byte	0x4
 194 007c 07       		.byte	0x7
 195 007d 7B010000 		.4byte	.LASF10
 196 0081 03       		.uleb128 0x3
 197 0082 9F010000 		.4byte	.LASF11
 198 0086 03       		.byte	0x3
 199 0087 18       		.byte	0x18
 200 0088 2C000000 		.4byte	0x2c
 201 008c 03       		.uleb128 0x3
 202 008d A7010000 		.4byte	.LASF12
 203 0091 03       		.byte	0x3
 204 0092 2C       		.byte	0x2c
 205 0093 4C000000 		.4byte	0x4c
 206 0097 02       		.uleb128 0x2
 207 0098 04       		.byte	0x4
 208 0099 04       		.byte	0x4
 209 009a 3B000000 		.4byte	.LASF13
 210 009e 02       		.uleb128 0x2
 211 009f 08       		.byte	0x8
 212 00a0 04       		.byte	0x4
 213 00a1 2D010000 		.4byte	.LASF14
 214 00a5 02       		.uleb128 0x2
 215 00a6 01       		.byte	0x1
 216 00a7 08       		.byte	0x8
 217 00a8 C6010000 		.4byte	.LASF15
 218 00ac 02       		.uleb128 0x2
 219 00ad 08       		.byte	0x8
 220 00ae 04       		.byte	0x4
 221 00af 02020000 		.4byte	.LASF16
 222 00b3 02       		.uleb128 0x2
 223 00b4 04       		.byte	0x4
 224 00b5 07       		.byte	0x7
 225 00b6 AF010000 		.4byte	.LASF17
 226 00ba 05       		.uleb128 0x5
 227 00bb 0A000000 		.4byte	.LASF18
 228 00bf 01       		.byte	0x1
 229 00c0 10       		.byte	0x10
 230 00c1 00000000 		.4byte	.LFB63
 231 00c5 16000000 		.4byte	.LFE63-.LFB63
 232 00c9 01       		.uleb128 0x1
 233 00ca 9C       		.byte	0x9c
 234 00cb 05010000 		.4byte	0x105
 235 00cf 06       		.uleb128 0x6
 236 00d0 08000000 		.4byte	.LVL0
 237 00d4 A0010000 		.4byte	0x1a0
 238 00d8 E2000000 		.4byte	0xe2
 239 00dc 07       		.uleb128 0x7
 240 00dd 01       		.uleb128 0x1
 241 00de 50       		.byte	0x50
 242 00df 01       		.uleb128 0x1
 243 00e0 30       		.byte	0x30
 244 00e1 00       		.byte	0
 245 00e2 06       		.uleb128 0x6
 246 00e3 0E000000 		.4byte	.LVL1
ARM GAS  C:\Users\agila\AppData\Local\Temp\ccT1eUjd.s 			page 6


 247 00e7 AB010000 		.4byte	0x1ab
 248 00eb F5000000 		.4byte	0xf5
 249 00ef 07       		.uleb128 0x7
 250 00f0 01       		.uleb128 0x1
 251 00f1 50       		.byte	0x50
 252 00f2 01       		.uleb128 0x1
 253 00f3 30       		.byte	0x30
 254 00f4 00       		.byte	0
 255 00f5 08       		.uleb128 0x8
 256 00f6 14000000 		.4byte	.LVL2
 257 00fa B6010000 		.4byte	0x1b6
 258 00fe 07       		.uleb128 0x7
 259 00ff 01       		.uleb128 0x1
 260 0100 50       		.byte	0x50
 261 0101 01       		.uleb128 0x1
 262 0102 30       		.byte	0x30
 263 0103 00       		.byte	0
 264 0104 00       		.byte	0
 265 0105 05       		.uleb128 0x5
 266 0106 DC010000 		.4byte	.LASF19
 267 010a 01       		.byte	0x1
 268 010b 19       		.byte	0x19
 269 010c 00000000 		.4byte	.LFB64
 270 0110 08000000 		.4byte	.LFE64-.LFB64
 271 0114 01       		.uleb128 0x1
 272 0115 9C       		.byte	0x9c
 273 0116 33010000 		.4byte	0x133
 274 011a 09       		.uleb128 0x9
 275 011b 35000000 		.4byte	.LASF21
 276 011f 01       		.byte	0x1
 277 0120 19       		.byte	0x19
 278 0121 81000000 		.4byte	0x81
 279 0125 00000000 		.4byte	.LLST0
 280 0129 0A       		.uleb128 0xa
 281 012a 06000000 		.4byte	.LVL4
 282 012e A0010000 		.4byte	0x1a0
 283 0132 00       		.byte	0
 284 0133 05       		.uleb128 0x5
 285 0134 27000000 		.4byte	.LASF20
 286 0138 01       		.byte	0x1
 287 0139 1F       		.byte	0x1f
 288 013a 00000000 		.4byte	.LFB65
 289 013e 08000000 		.4byte	.LFE65-.LFB65
 290 0142 01       		.uleb128 0x1
 291 0143 9C       		.byte	0x9c
 292 0144 61010000 		.4byte	0x161
 293 0148 09       		.uleb128 0x9
 294 0149 35000000 		.4byte	.LASF21
 295 014d 01       		.byte	0x1
 296 014e 1F       		.byte	0x1f
 297 014f 81000000 		.4byte	0x81
 298 0153 21000000 		.4byte	.LLST1
 299 0157 0A       		.uleb128 0xa
 300 0158 06000000 		.4byte	.LVL6
 301 015c AB010000 		.4byte	0x1ab
 302 0160 00       		.byte	0
 303 0161 05       		.uleb128 0x5
ARM GAS  C:\Users\agila\AppData\Local\Temp\ccT1eUjd.s 			page 7


 304 0162 1F010000 		.4byte	.LASF22
 305 0166 01       		.byte	0x1
 306 0167 25       		.byte	0x25
 307 0168 00000000 		.4byte	.LFB66
 308 016c 08000000 		.4byte	.LFE66-.LFB66
 309 0170 01       		.uleb128 0x1
 310 0171 9C       		.byte	0x9c
 311 0172 8F010000 		.4byte	0x18f
 312 0176 09       		.uleb128 0x9
 313 0177 35000000 		.4byte	.LASF21
 314 017b 01       		.byte	0x1
 315 017c 25       		.byte	0x25
 316 017d 81000000 		.4byte	0x81
 317 0181 42000000 		.4byte	.LLST2
 318 0185 0A       		.uleb128 0xa
 319 0186 06000000 		.4byte	.LVL8
 320 018a B6010000 		.4byte	0x1b6
 321 018e 00       		.byte	0
 322 018f 0B       		.uleb128 0xb
 323 0190 12010000 		.4byte	.LASF29
 324 0194 07       		.byte	0x7
 325 0195 1207     		.2byte	0x712
 326 0197 9B010000 		.4byte	0x19b
 327 019b 0C       		.uleb128 0xc
 328 019c 8C000000 		.4byte	0x8c
 329 01a0 0D       		.uleb128 0xd
 330 01a1 F4010000 		.4byte	.LASF23
 331 01a5 F4010000 		.4byte	.LASF23
 332 01a9 04       		.byte	0x4
 333 01aa 26       		.byte	0x26
 334 01ab 0D       		.uleb128 0xd
 335 01ac CB010000 		.4byte	.LASF24
 336 01b0 CB010000 		.4byte	.LASF24
 337 01b4 05       		.byte	0x5
 338 01b5 26       		.byte	0x26
 339 01b6 0D       		.uleb128 0xd
 340 01b7 DD000000 		.4byte	.LASF25
 341 01bb DD000000 		.4byte	.LASF25
 342 01bf 06       		.byte	0x6
 343 01c0 26       		.byte	0x26
 344 01c1 00       		.byte	0
 345              		.section	.debug_abbrev,"",%progbits
 346              	.Ldebug_abbrev0:
 347 0000 01       		.uleb128 0x1
 348 0001 11       		.uleb128 0x11
 349 0002 01       		.byte	0x1
 350 0003 25       		.uleb128 0x25
 351 0004 0E       		.uleb128 0xe
 352 0005 13       		.uleb128 0x13
 353 0006 0B       		.uleb128 0xb
 354 0007 03       		.uleb128 0x3
 355 0008 0E       		.uleb128 0xe
 356 0009 1B       		.uleb128 0x1b
 357 000a 0E       		.uleb128 0xe
 358 000b 55       		.uleb128 0x55
 359 000c 17       		.uleb128 0x17
 360 000d 11       		.uleb128 0x11
ARM GAS  C:\Users\agila\AppData\Local\Temp\ccT1eUjd.s 			page 8


 361 000e 01       		.uleb128 0x1
 362 000f 10       		.uleb128 0x10
 363 0010 17       		.uleb128 0x17
 364 0011 00       		.byte	0
 365 0012 00       		.byte	0
 366 0013 02       		.uleb128 0x2
 367 0014 24       		.uleb128 0x24
 368 0015 00       		.byte	0
 369 0016 0B       		.uleb128 0xb
 370 0017 0B       		.uleb128 0xb
 371 0018 3E       		.uleb128 0x3e
 372 0019 0B       		.uleb128 0xb
 373 001a 03       		.uleb128 0x3
 374 001b 0E       		.uleb128 0xe
 375 001c 00       		.byte	0
 376 001d 00       		.byte	0
 377 001e 03       		.uleb128 0x3
 378 001f 16       		.uleb128 0x16
 379 0020 00       		.byte	0
 380 0021 03       		.uleb128 0x3
 381 0022 0E       		.uleb128 0xe
 382 0023 3A       		.uleb128 0x3a
 383 0024 0B       		.uleb128 0xb
 384 0025 3B       		.uleb128 0x3b
 385 0026 0B       		.uleb128 0xb
 386 0027 49       		.uleb128 0x49
 387 0028 13       		.uleb128 0x13
 388 0029 00       		.byte	0
 389 002a 00       		.byte	0
 390 002b 04       		.uleb128 0x4
 391 002c 24       		.uleb128 0x24
 392 002d 00       		.byte	0
 393 002e 0B       		.uleb128 0xb
 394 002f 0B       		.uleb128 0xb
 395 0030 3E       		.uleb128 0x3e
 396 0031 0B       		.uleb128 0xb
 397 0032 03       		.uleb128 0x3
 398 0033 08       		.uleb128 0x8
 399 0034 00       		.byte	0
 400 0035 00       		.byte	0
 401 0036 05       		.uleb128 0x5
 402 0037 2E       		.uleb128 0x2e
 403 0038 01       		.byte	0x1
 404 0039 3F       		.uleb128 0x3f
 405 003a 19       		.uleb128 0x19
 406 003b 03       		.uleb128 0x3
 407 003c 0E       		.uleb128 0xe
 408 003d 3A       		.uleb128 0x3a
 409 003e 0B       		.uleb128 0xb
 410 003f 3B       		.uleb128 0x3b
 411 0040 0B       		.uleb128 0xb
 412 0041 27       		.uleb128 0x27
 413 0042 19       		.uleb128 0x19
 414 0043 11       		.uleb128 0x11
 415 0044 01       		.uleb128 0x1
 416 0045 12       		.uleb128 0x12
 417 0046 06       		.uleb128 0x6
ARM GAS  C:\Users\agila\AppData\Local\Temp\ccT1eUjd.s 			page 9


 418 0047 40       		.uleb128 0x40
 419 0048 18       		.uleb128 0x18
 420 0049 9742     		.uleb128 0x2117
 421 004b 19       		.uleb128 0x19
 422 004c 01       		.uleb128 0x1
 423 004d 13       		.uleb128 0x13
 424 004e 00       		.byte	0
 425 004f 00       		.byte	0
 426 0050 06       		.uleb128 0x6
 427 0051 898201   		.uleb128 0x4109
 428 0054 01       		.byte	0x1
 429 0055 11       		.uleb128 0x11
 430 0056 01       		.uleb128 0x1
 431 0057 31       		.uleb128 0x31
 432 0058 13       		.uleb128 0x13
 433 0059 01       		.uleb128 0x1
 434 005a 13       		.uleb128 0x13
 435 005b 00       		.byte	0
 436 005c 00       		.byte	0
 437 005d 07       		.uleb128 0x7
 438 005e 8A8201   		.uleb128 0x410a
 439 0061 00       		.byte	0
 440 0062 02       		.uleb128 0x2
 441 0063 18       		.uleb128 0x18
 442 0064 9142     		.uleb128 0x2111
 443 0066 18       		.uleb128 0x18
 444 0067 00       		.byte	0
 445 0068 00       		.byte	0
 446 0069 08       		.uleb128 0x8
 447 006a 898201   		.uleb128 0x4109
 448 006d 01       		.byte	0x1
 449 006e 11       		.uleb128 0x11
 450 006f 01       		.uleb128 0x1
 451 0070 31       		.uleb128 0x31
 452 0071 13       		.uleb128 0x13
 453 0072 00       		.byte	0
 454 0073 00       		.byte	0
 455 0074 09       		.uleb128 0x9
 456 0075 05       		.uleb128 0x5
 457 0076 00       		.byte	0
 458 0077 03       		.uleb128 0x3
 459 0078 0E       		.uleb128 0xe
 460 0079 3A       		.uleb128 0x3a
 461 007a 0B       		.uleb128 0xb
 462 007b 3B       		.uleb128 0x3b
 463 007c 0B       		.uleb128 0xb
 464 007d 49       		.uleb128 0x49
 465 007e 13       		.uleb128 0x13
 466 007f 02       		.uleb128 0x2
 467 0080 17       		.uleb128 0x17
 468 0081 00       		.byte	0
 469 0082 00       		.byte	0
 470 0083 0A       		.uleb128 0xa
 471 0084 898201   		.uleb128 0x4109
 472 0087 00       		.byte	0
 473 0088 11       		.uleb128 0x11
 474 0089 01       		.uleb128 0x1
ARM GAS  C:\Users\agila\AppData\Local\Temp\ccT1eUjd.s 			page 10


 475 008a 31       		.uleb128 0x31
 476 008b 13       		.uleb128 0x13
 477 008c 00       		.byte	0
 478 008d 00       		.byte	0
 479 008e 0B       		.uleb128 0xb
 480 008f 34       		.uleb128 0x34
 481 0090 00       		.byte	0
 482 0091 03       		.uleb128 0x3
 483 0092 0E       		.uleb128 0xe
 484 0093 3A       		.uleb128 0x3a
 485 0094 0B       		.uleb128 0xb
 486 0095 3B       		.uleb128 0x3b
 487 0096 05       		.uleb128 0x5
 488 0097 49       		.uleb128 0x49
 489 0098 13       		.uleb128 0x13
 490 0099 3F       		.uleb128 0x3f
 491 009a 19       		.uleb128 0x19
 492 009b 3C       		.uleb128 0x3c
 493 009c 19       		.uleb128 0x19
 494 009d 00       		.byte	0
 495 009e 00       		.byte	0
 496 009f 0C       		.uleb128 0xc
 497 00a0 35       		.uleb128 0x35
 498 00a1 00       		.byte	0
 499 00a2 49       		.uleb128 0x49
 500 00a3 13       		.uleb128 0x13
 501 00a4 00       		.byte	0
 502 00a5 00       		.byte	0
 503 00a6 0D       		.uleb128 0xd
 504 00a7 2E       		.uleb128 0x2e
 505 00a8 00       		.byte	0
 506 00a9 3F       		.uleb128 0x3f
 507 00aa 19       		.uleb128 0x19
 508 00ab 3C       		.uleb128 0x3c
 509 00ac 19       		.uleb128 0x19
 510 00ad 6E       		.uleb128 0x6e
 511 00ae 0E       		.uleb128 0xe
 512 00af 03       		.uleb128 0x3
 513 00b0 0E       		.uleb128 0xe
 514 00b1 3A       		.uleb128 0x3a
 515 00b2 0B       		.uleb128 0xb
 516 00b3 3B       		.uleb128 0x3b
 517 00b4 0B       		.uleb128 0xb
 518 00b5 00       		.byte	0
 519 00b6 00       		.byte	0
 520 00b7 00       		.byte	0
 521              		.section	.debug_loc,"",%progbits
 522              	.Ldebug_loc0:
 523              	.LLST0:
 524 0000 00000000 		.4byte	.LVL3
 525 0004 05000000 		.4byte	.LVL4-1
 526 0008 0100     		.2byte	0x1
 527 000a 50       		.byte	0x50
 528 000b 05000000 		.4byte	.LVL4-1
 529 000f 08000000 		.4byte	.LFE64
 530 0013 0400     		.2byte	0x4
 531 0015 F3       		.byte	0xf3
ARM GAS  C:\Users\agila\AppData\Local\Temp\ccT1eUjd.s 			page 11


 532 0016 01       		.uleb128 0x1
 533 0017 50       		.byte	0x50
 534 0018 9F       		.byte	0x9f
 535 0019 00000000 		.4byte	0
 536 001d 00000000 		.4byte	0
 537              	.LLST1:
 538 0021 00000000 		.4byte	.LVL5
 539 0025 05000000 		.4byte	.LVL6-1
 540 0029 0100     		.2byte	0x1
 541 002b 50       		.byte	0x50
 542 002c 05000000 		.4byte	.LVL6-1
 543 0030 08000000 		.4byte	.LFE65
 544 0034 0400     		.2byte	0x4
 545 0036 F3       		.byte	0xf3
 546 0037 01       		.uleb128 0x1
 547 0038 50       		.byte	0x50
 548 0039 9F       		.byte	0x9f
 549 003a 00000000 		.4byte	0
 550 003e 00000000 		.4byte	0
 551              	.LLST2:
 552 0042 00000000 		.4byte	.LVL7
 553 0046 05000000 		.4byte	.LVL8-1
 554 004a 0100     		.2byte	0x1
 555 004c 50       		.byte	0x50
 556 004d 05000000 		.4byte	.LVL8-1
 557 0051 08000000 		.4byte	.LFE66
 558 0055 0400     		.2byte	0x4
 559 0057 F3       		.byte	0xf3
 560 0058 01       		.uleb128 0x1
 561 0059 50       		.byte	0x50
 562 005a 9F       		.byte	0x9f
 563 005b 00000000 		.4byte	0
 564 005f 00000000 		.4byte	0
 565              		.section	.debug_aranges,"",%progbits
 566 0000 34000000 		.4byte	0x34
 567 0004 0200     		.2byte	0x2
 568 0006 00000000 		.4byte	.Ldebug_info0
 569 000a 04       		.byte	0x4
 570 000b 00       		.byte	0
 571 000c 0000     		.2byte	0
 572 000e 0000     		.2byte	0
 573 0010 00000000 		.4byte	.LFB63
 574 0014 16000000 		.4byte	.LFE63-.LFB63
 575 0018 00000000 		.4byte	.LFB64
 576 001c 08000000 		.4byte	.LFE64-.LFB64
 577 0020 00000000 		.4byte	.LFB65
 578 0024 08000000 		.4byte	.LFE65-.LFB65
 579 0028 00000000 		.4byte	.LFB66
 580 002c 08000000 		.4byte	.LFE66-.LFB66
 581 0030 00000000 		.4byte	0
 582 0034 00000000 		.4byte	0
 583              		.section	.debug_ranges,"",%progbits
 584              	.Ldebug_ranges0:
 585 0000 00000000 		.4byte	.LFB63
 586 0004 16000000 		.4byte	.LFE63
 587 0008 00000000 		.4byte	.LFB64
 588 000c 08000000 		.4byte	.LFE64
ARM GAS  C:\Users\agila\AppData\Local\Temp\ccT1eUjd.s 			page 12


 589 0010 00000000 		.4byte	.LFB65
 590 0014 08000000 		.4byte	.LFE65
 591 0018 00000000 		.4byte	.LFB66
 592 001c 08000000 		.4byte	.LFE66
 593 0020 00000000 		.4byte	0
 594 0024 00000000 		.4byte	0
 595              		.section	.debug_line,"",%progbits
 596              	.Ldebug_line0:
 597 0000 BA010000 		.section	.debug_str,"MS",%progbits,1
 597      02007201 
 597      00000201 
 597      FB0E0D00 
 597      01010101 
 598              	.LASF4:
 599 0000 5F5F7569 		.ascii	"__uint8_t\000"
 599      6E74385F 
 599      7400
 600              	.LASF18:
 601 000a 50696E73 		.ascii	"Pins_Init\000"
 601      5F496E69 
 601      7400
 602              	.LASF5:
 603 0014 5F5F696E 		.ascii	"__int32_t\000"
 603      7433325F 
 603      7400
 604              	.LASF6:
 605 001e 6C6F6E67 		.ascii	"long int\000"
 605      20696E74 
 605      00
 606              	.LASF20:
 607 0027 50696E5F 		.ascii	"Pin_2_Control\000"
 607      325F436F 
 607      6E74726F 
 607      6C00
 608              	.LASF21:
 609 0035 73746174 		.ascii	"state\000"
 609      6500
 610              	.LASF13:
 611 003b 666C6F61 		.ascii	"float\000"
 611      7400
 612              	.LASF1:
 613 0041 756E7369 		.ascii	"unsigned char\000"
 613      676E6564 
 613      20636861 
 613      7200
 614              	.LASF26:
 615 004f 474E5520 		.ascii	"GNU C11 5.4.1 20160609 (release) [ARM/embedded-5-br"
 615      43313120 
 615      352E342E 
 615      31203230 
 615      31363036 
 616 0082 616E6368 		.ascii	"anch revision 237715] -mcpu=cortex-m3 -mthumb -g -O"
 616      20726576 
 616      6973696F 
 616      6E203233 
 616      37373135 
 617 00b5 67202D66 		.ascii	"g -ffunction-sections -ffat-lto-objects\000"
ARM GAS  C:\Users\agila\AppData\Local\Temp\ccT1eUjd.s 			page 13


 617      66756E63 
 617      74696F6E 
 617      2D736563 
 617      74696F6E 
 618              	.LASF25:
 619 00dd 47524545 		.ascii	"GREEN_LED_Write\000"
 619      4E5F4C45 
 619      445F5772 
 619      69746500 
 620              	.LASF7:
 621 00ed 6C6F6E67 		.ascii	"long unsigned int\000"
 621      20756E73 
 621      69676E65 
 621      6420696E 
 621      7400
 622              	.LASF3:
 623 00ff 73686F72 		.ascii	"short unsigned int\000"
 623      7420756E 
 623      7369676E 
 623      65642069 
 623      6E7400
 624              	.LASF29:
 625 0112 49544D5F 		.ascii	"ITM_RxBuffer\000"
 625      52784275 
 625      66666572 
 625      00
 626              	.LASF22:
 627 011f 50696E5F 		.ascii	"Pin_3_Control\000"
 627      335F436F 
 627      6E74726F 
 627      6C00
 628              	.LASF14:
 629 012d 646F7562 		.ascii	"double\000"
 629      6C6500
 630              	.LASF27:
 631 0134 736F7572 		.ascii	"source\\bsw\\Pins.c\000"
 631      63655C62 
 631      73775C50 
 631      696E732E 
 631      6300
 632              	.LASF28:
 633 0146 443A5C57 		.ascii	"D:\\WS25\\AMAEOS\\Lab\\Workspace01\\Timing Analyzer"
 633      5332355C 
 633      414D4145 
 633      4F535C4C 
 633      61625C57 
 634 0174 2E637964 		.ascii	".cydsn\000"
 634      736E00
 635              	.LASF10:
 636 017b 756E7369 		.ascii	"unsigned int\000"
 636      676E6564 
 636      20696E74 
 636      00
 637              	.LASF9:
 638 0188 6C6F6E67 		.ascii	"long long unsigned int\000"
 638      206C6F6E 
 638      6720756E 
ARM GAS  C:\Users\agila\AppData\Local\Temp\ccT1eUjd.s 			page 14


 638      7369676E 
 638      65642069 
 639              	.LASF11:
 640 019f 75696E74 		.ascii	"uint8_t\000"
 640      385F7400 
 641              	.LASF12:
 642 01a7 696E7433 		.ascii	"int32_t\000"
 642      325F7400 
 643              	.LASF17:
 644 01af 73697A65 		.ascii	"sizetype\000"
 644      74797065 
 644      00
 645              	.LASF8:
 646 01b8 6C6F6E67 		.ascii	"long long int\000"
 646      206C6F6E 
 646      6720696E 
 646      7400
 647              	.LASF15:
 648 01c6 63686172 		.ascii	"char\000"
 648      00
 649              	.LASF24:
 650 01cb 59454C4C 		.ascii	"YELLOW_LED_Write\000"
 650      4F575F4C 
 650      45445F57 
 650      72697465 
 650      00
 651              	.LASF19:
 652 01dc 50696E5F 		.ascii	"Pin_1_Control\000"
 652      315F436F 
 652      6E74726F 
 652      6C00
 653              	.LASF2:
 654 01ea 73686F72 		.ascii	"short int\000"
 654      7420696E 
 654      7400
 655              	.LASF23:
 656 01f4 5245445F 		.ascii	"RED_LED_Write\000"
 656      4C45445F 
 656      57726974 
 656      6500
 657              	.LASF16:
 658 0202 6C6F6E67 		.ascii	"long double\000"
 658      20646F75 
 658      626C6500 
 659              	.LASF0:
 660 020e 7369676E 		.ascii	"signed char\000"
 660      65642063 
 660      68617200 
 661              		.ident	"GCC: (GNU Tools for ARM Embedded Processors) 5.4.1 20160609 (release) [ARM/embedded-5-bran
